2018-05-11 20:11:17,277 : ('Begin',)
2018-05-11 20:11:57,897 : ('50 iter, 1.5370665359637299 epoch, cls loss: 9.780503072738647',)
2018-05-11 20:12:37,719 : ('100 iter, 3.105501776743046 epoch, cls loss: 4.381561708450318',)
2018-05-11 20:13:17,647 : ('150 iter, 4.673937017522363 epoch, cls loss: 4.3171054458618165',)
2018-05-11 20:13:57,645 : ('200 iter, 6.242372258301678 epoch, cls loss: 4.236970739364624',)
2018-05-11 20:14:37,694 : ('250 iter, 7.810807499080995 epoch, cls loss: 4.209580683708191',)
2018-05-11 20:14:41,780 : ('Begin Scoring',)
2018-05-11 20:14:41,781 : ({'train_top1': 0.0654331577012621, 'train_top3': 0.16897439039333415},)
2018-05-11 20:15:09,445 : ({'val_top1': 0.07810718358038768, 'val_top3': 0.17103762827822122},)
2018-05-11 20:15:09,446 : ('Done Scoring',)
2018-05-11 20:15:49,736 : ('50 iter, 1.5370665359637299 epoch, cls loss: 4.23497700214386',)
2018-05-11 20:16:29,729 : ('100 iter, 3.105501776743046 epoch, cls loss: 4.200983171463013',)
2018-05-11 20:17:09,711 : ('150 iter, 4.673937017522363 epoch, cls loss: 4.180145978927612',)
2018-05-11 20:17:49,749 : ('200 iter, 6.242372258301678 epoch, cls loss: 4.219748349189758',)
2018-05-11 20:18:29,852 : ('250 iter, 7.810807499080995 epoch, cls loss: 4.198048677444458',)
2018-05-11 20:18:33,933 : ('Begin Scoring',)
2018-05-11 20:18:33,934 : ({'train_top1': 0.06972184781276804, 'train_top3': 0.1802475186864355},)
2018-05-11 20:19:01,652 : ({'val_top1': 0.07696693272519954, 'val_top3': 0.1750285062713797},)
2018-05-11 20:19:01,656 : ('Done Scoring',)
2018-05-11 20:19:41,989 : ('50 iter, 1.5370665359637299 epoch, cls loss: 4.265614233016968',)
2018-05-11 20:20:22,106 : ('100 iter, 3.105501776743046 epoch, cls loss: 4.165210943222046',)
2018-05-11 20:21:02,144 : ('150 iter, 4.673937017522363 epoch, cls loss: 4.221151638031006',)
2018-05-11 20:21:42,179 : ('200 iter, 6.242372258301678 epoch, cls loss: 4.168644881248474',)
2018-05-11 20:22:22,300 : ('250 iter, 7.810807499080995 epoch, cls loss: 4.225856261253357',)
2018-05-11 20:22:26,383 : ('Begin Scoring',)
2018-05-11 20:22:26,383 : ({'train_top1': 0.06751623575542214, 'train_top3': 0.1747334885430707},)
2018-05-11 20:22:54,075 : ({'val_top1': 0.07810718358038768, 'val_top3': 0.17730900798175597},)
2018-05-11 20:22:54,078 : ('Done Scoring',)
2018-05-11 20:23:34,413 : ('50 iter, 1.5370665359637299 epoch, cls loss: 4.231083674430847',)
2018-05-11 20:24:14,454 : ('100 iter, 3.105501776743046 epoch, cls loss: 4.183678150177002',)
2018-05-11 20:24:54,502 : ('150 iter, 4.673937017522363 epoch, cls loss: 4.1881016254425045',)
2018-05-11 20:25:34,557 : ('200 iter, 6.242372258301678 epoch, cls loss: 4.164884285926819',)
2018-05-11 20:26:14,668 : ('250 iter, 7.810807499080995 epoch, cls loss: 4.208395414352417',)
2018-05-11 20:26:18,755 : ('Begin Scoring',)
2018-05-11 20:26:18,756 : ({'train_top1': 0.07094718784462688, 'train_top3': 0.1825756647469673},)
2018-05-11 20:26:46,498 : ({'val_top1': 0.07753705815279362, 'val_top3': 0.17730900798175597},)
2018-05-11 20:26:46,499 : ('Done Scoring',)
2018-05-11 20:27:26,808 : ('50 iter, 1.5370665359637299 epoch, cls loss: 4.193552513122558',)
2018-05-11 20:28:06,936 : ('100 iter, 3.105501776743046 epoch, cls loss: 4.150018358230591',)
2018-05-11 20:28:47,066 : ('150 iter, 4.673937017522363 epoch, cls loss: 4.138006806373596',)
2018-05-11 20:29:27,195 : ('200 iter, 6.242372258301678 epoch, cls loss: 4.230678558349609',)
2018-05-11 20:30:07,255 : ('250 iter, 7.810807499080995 epoch, cls loss: 4.224202637672424',)
2018-05-11 20:30:11,335 : ('Begin Scoring',)
2018-05-11 20:30:11,336 : ({'train_top1': 0.07033451782869746, 'train_top3': 0.17595882857492953},)
2018-05-11 20:30:39,038 : ({'val_top1': 0.07696693272519954, 'val_top3': 0.17616875712656785},)
2018-05-11 20:30:39,039 : ('Done Scoring',)
2018-05-11 20:31:19,357 : ('50 iter, 1.5370665359637299 epoch, cls loss: 4.197159352302552',)
2018-05-11 20:31:59,394 : ('100 iter, 3.105501776743046 epoch, cls loss: 4.189385223388672',)
2018-05-11 20:32:39,512 : ('150 iter, 4.673937017522363 epoch, cls loss: 4.184114427566528',)
2018-05-11 20:33:19,650 : ('200 iter, 6.242372258301678 epoch, cls loss: 4.18795241355896',)
2018-05-11 20:33:59,772 : ('250 iter, 7.810807499080995 epoch, cls loss: 4.18686086177826',)
2018-05-11 20:34:03,860 : ('Begin Scoring',)
2018-05-11 20:34:03,860 : ({'train_top1': 0.07008944982232569, 'train_top3': 0.18061512069599314},)
2018-05-11 20:34:31,577 : ({'val_top1': 0.07639680729760548, 'val_top3': 0.17844925883694412},)
2018-05-11 20:34:31,578 : ('Done Scoring',)
2018-05-11 20:35:11,913 : ('50 iter, 1.5370665359637299 epoch, cls loss: 4.184468860626221',)
2018-05-11 20:35:52,039 : ('100 iter, 3.105501776743046 epoch, cls loss: 4.187540054321289',)
2018-05-11 20:36:32,098 : ('150 iter, 4.673937017522363 epoch, cls loss: 4.20398166179657',)
2018-05-11 20:37:12,202 : ('200 iter, 6.242372258301678 epoch, cls loss: 4.191383609771728',)
2018-05-11 20:37:52,324 : ('250 iter, 7.810807499080995 epoch, cls loss: 4.161302313804627',)
2018-05-11 20:37:56,416 : ('Begin Scoring',)
2018-05-11 20:37:56,416 : ({'train_top1': 0.07143732385737042, 'train_top3': 0.1809827227055508},)
2018-05-11 20:38:24,176 : ({'val_top1': 0.07981755986316989, 'val_top3': 0.17844925883694412},)
2018-05-11 20:38:24,180 : ('Done Scoring',)
2018-05-11 20:39:04,561 : ('50 iter, 1.5370665359637299 epoch, cls loss: 4.142606525421143',)
2018-05-11 20:39:44,633 : ('100 iter, 3.105501776743046 epoch, cls loss: 4.204831962585449',)
2018-05-11 20:40:24,719 : ('150 iter, 4.673937017522363 epoch, cls loss: 4.180743770599365',)
2018-05-11 20:41:04,858 : ('200 iter, 6.242372258301678 epoch, cls loss: 4.2232650995254515',)
2018-05-11 20:41:44,994 : ('250 iter, 7.810807499080995 epoch, cls loss: 4.155121569633484',)
2018-05-11 20:41:49,077 : ('Begin Scoring',)
2018-05-11 20:41:49,077 : ({'train_top1': 0.07119225585099866, 'train_top3': 0.1808601887023649},)
2018-05-11 20:42:16,811 : ({'val_top1': 0.07753705815279362, 'val_top3': 0.1733181299885975},)
2018-05-11 20:42:16,812 : ('Done Scoring',)
2018-05-11 20:42:57,123 : ('50 iter, 1.5370665359637299 epoch, cls loss: 4.230651645660401',)
2018-05-11 20:43:37,255 : ('100 iter, 3.105501776743046 epoch, cls loss: 4.145821595191956',)
2018-05-11 20:44:17,384 : ('150 iter, 4.673937017522363 epoch, cls loss: 4.200148210525513',)
2018-05-11 20:44:57,519 : ('200 iter, 6.242372258301678 epoch, cls loss: 4.205105543136597',)
2018-05-11 20:45:37,643 : ('250 iter, 7.810807499080995 epoch, cls loss: 4.138291797637939',)
2018-05-11 20:45:41,733 : ('Begin Scoring',)
2018-05-11 20:45:41,733 : ({'train_top1': 0.0724175958828575, 'train_top3': 0.18135032471510845},)
2018-05-11 20:46:09,386 : ({'val_top1': 0.07696693272519954, 'val_top3': 0.1750285062713797},)
2018-05-11 20:46:09,387 : ('Done Scoring',)
2018-05-11 20:46:49,781 : ('50 iter, 1.5370665359637299 epoch, cls loss: 4.218301286697388',)
2018-05-11 20:47:29,907 : ('100 iter, 3.105501776743046 epoch, cls loss: 4.195622115135193',)
2018-05-11 20:48:10,038 : ('150 iter, 4.673937017522363 epoch, cls loss: 4.209899826049805',)
2018-05-11 20:48:50,171 : ('200 iter, 6.242372258301678 epoch, cls loss: 4.1707899856567385',)
2018-05-11 20:49:30,298 : ('250 iter, 7.810807499080995 epoch, cls loss: 4.155344290733337',)
2018-05-11 20:49:34,383 : ('Begin Scoring',)
2018-05-11 20:49:34,383 : ({'train_top1': 0.0684965077809092, 'train_top3': 0.17240534248253891},)
2018-05-11 20:50:02,022 : ({'val_top1': 0.07639680729760548, 'val_top3': 0.17844925883694412},)
2018-05-11 20:50:02,026 : ('Done Scoring',)
2018-05-11 20:50:42,439 : ('50 iter, 1.5370665359637299 epoch, cls loss: 4.214453387260437',)
2018-05-11 20:51:22,563 : ('100 iter, 3.105501776743046 epoch, cls loss: 4.1767532253265385',)
2018-05-11 20:52:02,692 : ('150 iter, 4.673937017522363 epoch, cls loss: 4.1960869836807255',)
2018-05-11 20:52:42,823 : ('200 iter, 6.242372258301678 epoch, cls loss: 4.137241101264953',)
2018-05-11 20:53:22,950 : ('250 iter, 7.810807499080995 epoch, cls loss: 4.169870176315308',)
2018-05-11 20:53:27,037 : ('Begin Scoring',)
2018-05-11 20:53:27,037 : ({'train_top1': 0.070824653841441, 'train_top3': 0.1770616346036025},)
