2018-05-11 16:13:01,919 : ('Logging File @ logs/2018_05_11_16:13:01.918830_faaaaa_resnet50_l2_full.log',)
2018-05-11 16:13:01,919 : ('Config:',)
2018-05-11 16:13:01,919 : ({'use_attn': True, 'attn_loss': 'l2', 'attn_shape': 'full', 'base_net': 'resnet50', 'train_phase': 'faaaaa'},)
2018-05-11 16:13:01,919 : ('Initialize Network ...',)
2018-05-11 16:13:06,256 : ('Total number of attention parameters', 13385920)
2018-05-11 16:13:06,256 : ('Begin Training',)
2018-05-11 16:13:06,256 : ('-----Iter 0, Training fc-----',)
2018-05-11 16:13:15,134 : ('30 iter, 0.11371155495650043 epoch, cls loss: 8.31643713315328, attn loss: 0.0 ',)
2018-05-11 16:13:23,088 : ('60 iter, 0.23134419801494915 epoch, cls loss: 5.952916781107585, attn loss: 0.0 ',)
2018-05-11 16:13:31,056 : ('90 iter, 0.3489768410733979 epoch, cls loss: 5.137872807184855, attn loss: 0.0 ',)
2018-05-11 16:13:39,030 : ('120 iter, 0.4666094841318466 epoch, cls loss: 4.5325144608815515, attn loss: 0.0 ',)
2018-05-11 16:13:46,990 : ('150 iter, 0.5842421271902953 epoch, cls loss: 4.088835684458415, attn loss: 0.0 ',)
2018-05-11 16:13:54,959 : ('180 iter, 0.701874770248744 epoch, cls loss: 3.8556508938471477, attn loss: 0.0 ',)
2018-05-11 16:14:02,950 : ('210 iter, 0.8195074133071928 epoch, cls loss: 3.6185898860295613, attn loss: 0.0 ',)
2018-05-11 16:14:10,922 : ('240 iter, 0.9371400563656415 epoch, cls loss: 3.421995917956034, attn loss: 0.0 ',)
2018-05-11 16:14:14,939 : ('Begin Scoring',)
2018-05-11 16:14:14,939 : ({'train_top1': 0.15586325205244456, 'train_top3': 0.29604215169709597},)
2018-05-11 16:14:42,116 : ({'val_top1': 0.24971493728620298, 'val_top3': 0.43842645381984036},)
2018-05-11 16:14:42,117 : ('Done Scoring',)
2018-05-11 16:14:42,119 : ('-----Iter 1, Training attn_weights-----',)
2018-05-11 16:15:06,664 : ('30 iter, 0.11371155495650043 epoch, cls loss: 2.89124276638031, attn loss: -0.0009271141076169443 ',)
2018-05-11 16:15:30,980 : ('60 iter, 0.23134419801494915 epoch, cls loss: 2.7072551250457764, attn loss: -0.0030283851355003815 ',)
2018-05-11 16:15:55,311 : ('90 iter, 0.3489768410733979 epoch, cls loss: 2.7346325000127156, attn loss: -0.006738593972598513 ',)
2018-05-11 16:16:19,619 : ('120 iter, 0.4666094841318466 epoch, cls loss: 2.598157779375712, attn loss: -0.014085940830409528 ',)
2018-05-11 16:16:43,934 : ('150 iter, 0.5842421271902953 epoch, cls loss: 2.415648066997528, attn loss: -0.02651770015557607 ',)
2018-05-11 16:17:08,255 : ('180 iter, 0.701874770248744 epoch, cls loss: 2.4006885210673015, attn loss: -0.045333544909954074 ',)
2018-05-11 16:17:32,599 : ('210 iter, 0.8195074133071928 epoch, cls loss: 2.4751445055007935, attn loss: -0.07159800877173741 ',)
2018-05-11 16:17:57,209 : ('240 iter, 0.9371400563656415 epoch, cls loss: 2.360023812452952, attn loss: -0.106012145926555 ',)
2018-05-11 16:18:09,478 : ('Begin Scoring',)
2018-05-11 16:18:09,478 : ({'train_top1': 0.3595147653473839, 'train_top3': 0.5651268226932974},)
