2018-05-11 08:29:03,086 : ('Logging File @ logs/2018_05_11_08:29:03.086237_ffffffffff_inception_v3_None_None_inception.log',)
2018-05-11 08:29:03,086 : ('Config:',)
2018-05-11 08:29:03,086 : ({'use_attn': False, 'attn_loss': None, 'attn_shape': None, 'base_net': 'inception_v3', 'train_phase': 'ffffffffff'},)
2018-05-11 08:29:03,086 : ('Initialize Network ...',)
2018-05-11 08:29:05,469 : ('Total number of attention parameters', 0)
2018-05-11 08:29:05,469 : ('Begin Training',)
2018-05-11 08:29:05,471 : ('-----Iter 0, Training fc-----',)
2018-05-11 08:29:17,781 : ('30 iter, 0.11371155495650043 epoch, cls loss: 6.343204704920451, attn loss: 0.0 ',)
2018-05-11 08:29:29,020 : ('60 iter, 0.23134419801494915 epoch, cls loss: 4.614633623758952, attn loss: 0.0 ',)
2018-05-11 08:29:40,284 : ('90 iter, 0.3489768410733979 epoch, cls loss: 4.287874913215637, attn loss: 0.0 ',)
2018-05-11 08:29:51,575 : ('120 iter, 0.4666094841318466 epoch, cls loss: 3.7708933273951213, attn loss: 0.0 ',)
2018-05-11 08:30:02,906 : ('150 iter, 0.5842421271902953 epoch, cls loss: 3.504370419184367, attn loss: 0.0 ',)
2018-05-11 08:30:14,241 : ('180 iter, 0.701874770248744 epoch, cls loss: 3.4275850931803387, attn loss: 0.0 ',)
2018-05-11 08:30:25,605 : ('210 iter, 0.8195074133071928 epoch, cls loss: 3.256256087621053, attn loss: 0.0 ',)
2018-05-11 08:30:36,990 : ('240 iter, 0.9371400563656415 epoch, cls loss: 3.382627590497335, attn loss: 0.0 ',)
2018-05-11 08:30:42,732 : ('Begin Scoring',)
2018-05-11 08:30:42,732 : ({'train_top1': 0.19348119103051098, 'train_top3': 0.3524077931626026},)
2018-05-11 08:31:23,640 : ({'val_top1': 0.28848346636259975, 'val_top3': 0.47263397947548463},)
2018-05-11 08:31:23,645 : ('Done Scoring',)
2018-05-11 08:31:23,655 : ('-----Iter 1, Training fc-----',)
2018-05-11 08:31:35,510 : ('30 iter, 0.11371155495650043 epoch, cls loss: 3.149949645996094, attn loss: 0.0 ',)
2018-05-11 08:31:46,970 : ('60 iter, 0.23134419801494915 epoch, cls loss: 2.836064318815867, attn loss: 0.0 ',)
2018-05-11 08:31:58,433 : ('90 iter, 0.3489768410733979 epoch, cls loss: 2.811020914713542, attn loss: 0.0 ',)
2018-05-11 08:32:09,905 : ('120 iter, 0.4666094841318466 epoch, cls loss: 2.7040037473042804, attn loss: 0.0 ',)
2018-05-11 08:32:21,392 : ('150 iter, 0.5842421271902953 epoch, cls loss: 2.7330172936121624, attn loss: 0.0 ',)
2018-05-11 08:32:32,864 : ('180 iter, 0.701874770248744 epoch, cls loss: 2.686987884839376, attn loss: 0.0 ',)
2018-05-11 08:32:44,356 : ('210 iter, 0.8195074133071928 epoch, cls loss: 2.5598571062088014, attn loss: 0.0 ',)
2018-05-11 08:32:55,844 : ('240 iter, 0.9371400563656415 epoch, cls loss: 2.595483485857646, attn loss: 0.0 ',)
2018-05-11 08:33:01,627 : ('Begin Scoring',)
2018-05-11 08:33:01,627 : ({'train_top1': 0.3418698688886166, 'train_top3': 0.5466241882122289},)
2018-05-11 08:33:42,819 : ({'val_top1': 0.34720638540478904, 'val_top3': 0.5370581527936146},)
2018-05-11 08:33:42,825 : ('Done Scoring',)
2018-05-11 08:33:42,830 : ('-----Iter 2, Training fc-----',)
2018-05-11 08:33:54,744 : ('30 iter, 0.11371155495650043 epoch, cls loss: 2.5213101704915366, attn loss: 0.0 ',)
2018-05-11 08:34:06,246 : ('60 iter, 0.23134419801494915 epoch, cls loss: 2.2436540126800537, attn loss: 0.0 ',)
2018-05-11 08:34:17,763 : ('90 iter, 0.3489768410733979 epoch, cls loss: 2.285887924830119, attn loss: 0.0 ',)
2018-05-11 08:34:29,274 : ('120 iter, 0.4666094841318466 epoch, cls loss: 2.22581311861674, attn loss: 0.0 ',)
2018-05-11 08:34:40,794 : ('150 iter, 0.5842421271902953 epoch, cls loss: 2.3013924876848857, attn loss: 0.0 ',)
2018-05-11 08:34:52,311 : ('180 iter, 0.701874770248744 epoch, cls loss: 2.1847700277964273, attn loss: 0.0 ',)
2018-05-11 08:35:03,834 : ('210 iter, 0.8195074133071928 epoch, cls loss: 2.272782305876414, attn loss: 0.0 ',)
2018-05-11 08:35:15,352 : ('240 iter, 0.9371400563656415 epoch, cls loss: 2.196277105808258, attn loss: 0.0 ',)
2018-05-11 08:35:21,139 : ('Begin Scoring',)
2018-05-11 08:35:21,140 : ({'train_top1': 0.4097537066535964, 'train_top3': 0.6388922926111996},)
2018-05-11 08:36:02,197 : ({'val_top1': 0.338654503990878, 'val_top3': 0.556442417331813},)
2018-05-11 08:36:02,198 : ('Done Scoring',)
2018-05-11 08:36:02,201 : ('-----Iter 3, Training fc-----',)
2018-05-11 08:36:14,091 : ('30 iter, 0.11371155495650043 epoch, cls loss: 2.18314334154129, attn loss: 0.0 ',)
2018-05-11 08:36:25,603 : ('60 iter, 0.23134419801494915 epoch, cls loss: 1.9498111963272096, attn loss: 0.0 ',)
2018-05-11 08:36:37,139 : ('90 iter, 0.3489768410733979 epoch, cls loss: 1.8802559892336528, attn loss: 0.0 ',)
2018-05-11 08:36:48,656 : ('120 iter, 0.4666094841318466 epoch, cls loss: 1.9079607089360555, attn loss: 0.0 ',)
2018-05-11 08:37:00,182 : ('150 iter, 0.5842421271902953 epoch, cls loss: 1.9829007267951966, attn loss: 0.0 ',)
2018-05-11 08:37:11,701 : ('180 iter, 0.701874770248744 epoch, cls loss: 1.9114945769309997, attn loss: 0.0 ',)
2018-05-11 08:37:23,223 : ('210 iter, 0.8195074133071928 epoch, cls loss: 1.917566422621409, attn loss: 0.0 ',)
2018-05-11 08:37:34,736 : ('240 iter, 0.9371400563656415 epoch, cls loss: 1.9211079120635985, attn loss: 0.0 ',)
2018-05-11 08:37:40,523 : ('Begin Scoring',)
2018-05-11 08:37:40,524 : ({'train_top1': 0.48364171057468447, 'train_top3': 0.7081240044112241},)
2018-05-11 08:38:21,761 : ({'val_top1': 0.37400228050171036, 'val_top3': 0.571835803876853},)
2018-05-11 08:38:21,762 : ('Done Scoring',)
2018-05-11 08:38:21,766 : ('-----Iter 4, Training fc-----',)
2018-05-11 08:38:33,678 : ('30 iter, 0.11371155495650043 epoch, cls loss: 1.932867459456126, attn loss: 0.0 ',)
2018-05-11 08:38:45,194 : ('60 iter, 0.23134419801494915 epoch, cls loss: 1.782183003425598, attn loss: 0.0 ',)
2018-05-11 08:38:56,713 : ('90 iter, 0.3489768410733979 epoch, cls loss: 1.6528924624125163, attn loss: 0.0 ',)
2018-05-11 08:39:08,241 : ('120 iter, 0.4666094841318466 epoch, cls loss: 1.7329800287882486, attn loss: 0.0 ',)
2018-05-11 08:39:19,764 : ('150 iter, 0.5842421271902953 epoch, cls loss: 1.591482683022817, attn loss: 0.0 ',)
2018-05-11 08:39:31,298 : ('180 iter, 0.701874770248744 epoch, cls loss: 1.7675207455952961, attn loss: 0.0 ',)
2018-05-11 08:39:42,822 : ('210 iter, 0.8195074133071928 epoch, cls loss: 1.6522266427675882, attn loss: 0.0 ',)
2018-05-11 08:39:54,332 : ('240 iter, 0.9371400563656415 epoch, cls loss: 1.6977084358533223, attn loss: 0.0 ',)
2018-05-11 08:40:00,112 : ('Begin Scoring',)
2018-05-11 08:40:00,113 : ({'train_top1': 0.5342482538904546, 'train_top3': 0.7594657517461095},)
2018-05-11 08:40:41,138 : ({'val_top1': 0.37628278221208666, 'val_top3': 0.5684150513112884},)
2018-05-11 08:40:41,139 : ('Done Scoring',)
2018-05-11 08:40:41,142 : ('-----Iter 5, Training fc-----',)
2018-05-11 08:40:52,935 : ('30 iter, 0.11371155495650043 epoch, cls loss: 1.6814682920773825, attn loss: 0.0 ',)
2018-05-11 08:41:04,409 : ('60 iter, 0.23134419801494915 epoch, cls loss: 1.5631276567776997, attn loss: 0.0 ',)
2018-05-11 08:41:15,884 : ('90 iter, 0.3489768410733979 epoch, cls loss: 1.4998891313870748, attn loss: 0.0 ',)
2018-05-11 08:41:27,359 : ('120 iter, 0.4666094841318466 epoch, cls loss: 1.459124505519867, attn loss: 0.0 ',)
2018-05-11 08:41:38,839 : ('150 iter, 0.5842421271902953 epoch, cls loss: 1.50627361536026, attn loss: 0.0 ',)
2018-05-11 08:41:50,327 : ('180 iter, 0.701874770248744 epoch, cls loss: 1.5570148428281148, attn loss: 0.0 ',)
2018-05-11 08:42:01,790 : ('210 iter, 0.8195074133071928 epoch, cls loss: 1.5434735417366028, attn loss: 0.0 ',)
2018-05-11 08:42:13,256 : ('240 iter, 0.9371400563656415 epoch, cls loss: 1.5222846070925395, attn loss: 0.0 ',)
2018-05-11 08:42:19,018 : ('Begin Scoring',)
2018-05-11 08:42:19,018 : ({'train_top1': 0.5779928930278152, 'train_top3': 0.7954907486827595},)
2018-05-11 08:42:59,848 : ({'val_top1': 0.3603192702394527, 'val_top3': 0.5678449258836944},)
2018-05-11 08:42:59,849 : ('Done Scoring',)
2018-05-11 08:42:59,852 : ('-----Iter 6, Training fc-----',)
2018-05-11 08:43:11,613 : ('30 iter, 0.11371155495650043 epoch, cls loss: 1.4119461099306743, attn loss: 0.0 ',)
2018-05-11 08:43:23,065 : ('60 iter, 0.23134419801494915 epoch, cls loss: 1.4642859776814778, attn loss: 0.0 ',)
2018-05-11 08:43:34,520 : ('90 iter, 0.3489768410733979 epoch, cls loss: 1.2896501620610554, attn loss: 0.0 ',)
2018-05-11 08:43:45,965 : ('120 iter, 0.4666094841318466 epoch, cls loss: 1.356146478652954, attn loss: 0.0 ',)
2018-05-11 08:43:57,432 : ('150 iter, 0.5842421271902953 epoch, cls loss: 1.3862523138523102, attn loss: 0.0 ',)
2018-05-11 08:44:08,894 : ('180 iter, 0.701874770248744 epoch, cls loss: 1.388468599319458, attn loss: 0.0 ',)
2018-05-11 08:44:20,338 : ('210 iter, 0.8195074133071928 epoch, cls loss: 1.4262386898199717, attn loss: 0.0 ',)
2018-05-11 08:44:31,793 : ('240 iter, 0.9371400563656415 epoch, cls loss: 1.3893226981163025, attn loss: 0.0 ',)
2018-05-11 08:44:37,546 : ('Begin Scoring',)
2018-05-11 08:44:37,546 : ({'train_top1': 0.617326308050484, 'train_top3': 0.8268594534983458},)
2018-05-11 08:45:18,269 : ({'val_top1': 0.36488027366020526, 'val_top3': 0.5678449258836944},)
2018-05-11 08:45:18,274 : ('Done Scoring',)
2018-05-11 08:45:18,279 : ('-----Iter 7, Training fc-----',)
2018-05-11 08:45:30,083 : ('30 iter, 0.11371155495650043 epoch, cls loss: 1.4100515365600585, attn loss: 0.0 ',)
2018-05-11 08:45:41,537 : ('60 iter, 0.23134419801494915 epoch, cls loss: 1.2687478999296824, attn loss: 0.0 ',)
2018-05-11 08:45:53,000 : ('90 iter, 0.3489768410733979 epoch, cls loss: 1.2308230658372243, attn loss: 0.0 ',)
2018-05-11 08:46:04,463 : ('120 iter, 0.4666094841318466 epoch, cls loss: 1.1689009249210358, attn loss: 0.0 ',)
2018-05-11 08:46:15,912 : ('150 iter, 0.5842421271902953 epoch, cls loss: 1.2845457355181376, attn loss: 0.0 ',)
2018-05-11 08:46:27,364 : ('180 iter, 0.701874770248744 epoch, cls loss: 1.2548203865687053, attn loss: 0.0 ',)
2018-05-11 08:46:38,802 : ('210 iter, 0.8195074133071928 epoch, cls loss: 1.2979430854320526, attn loss: 0.0 ',)
2018-05-11 08:46:50,263 : ('240 iter, 0.9371400563656415 epoch, cls loss: 1.2711899479230244, attn loss: 0.0 ',)
2018-05-11 08:46:56,013 : ('Begin Scoring',)
2018-05-11 08:46:56,014 : ({'train_top1': 0.6494302168851857, 'train_top3': 0.8468324960176449},)
2018-05-11 08:47:36,795 : ({'val_top1': 0.3848346636259977, 'val_top3': 0.5889395667046751},)
2018-05-11 08:47:36,801 : ('Done Scoring',)
2018-05-11 08:47:36,806 : ('-----Iter 8, Training fc-----',)
2018-05-11 08:47:48,618 : ('30 iter, 0.11371155495650043 epoch, cls loss: 1.2638129313786826, attn loss: 0.0 ',)
2018-05-11 08:48:00,126 : ('60 iter, 0.23134419801494915 epoch, cls loss: 1.1399223387241364, attn loss: 0.0 ',)
2018-05-11 08:48:11,623 : ('90 iter, 0.3489768410733979 epoch, cls loss: 1.1441496948401133, attn loss: 0.0 ',)
2018-05-11 08:48:23,128 : ('120 iter, 0.4666094841318466 epoch, cls loss: 1.1344917396704355, attn loss: 0.0 ',)
2018-05-11 08:48:34,623 : ('150 iter, 0.5842421271902953 epoch, cls loss: 1.1521878560384116, attn loss: 0.0 ',)
2018-05-11 08:48:46,112 : ('180 iter, 0.701874770248744 epoch, cls loss: 1.1927608927090962, attn loss: 0.0 ',)
2018-05-11 08:48:57,618 : ('210 iter, 0.8195074133071928 epoch, cls loss: 1.1334295054276784, attn loss: 0.0 ',)
2018-05-11 08:49:09,100 : ('240 iter, 0.9371400563656415 epoch, cls loss: 1.1036869744459787, attn loss: 0.0 ',)
2018-05-11 08:49:14,874 : ('Begin Scoring',)
2018-05-11 08:49:14,874 : ({'train_top1': 0.6788383776497978, 'train_top3': 0.8737899767185394},)
2018-05-11 08:49:55,734 : ({'val_top1': 0.38426453819840367, 'val_top3': 0.5900798175598632},)
2018-05-11 08:49:55,735 : ('Done Scoring',)
2018-05-11 08:49:55,739 : ('-----Iter 9, Training fc-----',)
2018-05-11 08:50:07,587 : ('30 iter, 0.11371155495650043 epoch, cls loss: 1.1722950100898744, attn loss: 0.0 ',)
2018-05-11 08:50:19,049 : ('60 iter, 0.23134419801494915 epoch, cls loss: 1.1154345889886221, attn loss: 0.0 ',)
2018-05-11 08:50:30,524 : ('90 iter, 0.3489768410733979 epoch, cls loss: 1.0640769143899282, attn loss: 0.0 ',)
2018-05-11 08:50:42,003 : ('120 iter, 0.4666094841318466 epoch, cls loss: 1.0298625300327937, attn loss: 0.0 ',)
2018-05-11 08:50:53,513 : ('150 iter, 0.5842421271902953 epoch, cls loss: 1.0801566302776338, attn loss: 0.0 ',)
2018-05-11 08:51:05,034 : ('180 iter, 0.701874770248744 epoch, cls loss: 1.0447022954622904, attn loss: 0.0 ',)
2018-05-11 08:51:16,547 : ('210 iter, 0.8195074133071928 epoch, cls loss: 1.0495747347672781, attn loss: 0.0 ',)
2018-05-11 08:51:28,061 : ('240 iter, 0.9371400563656415 epoch, cls loss: 1.0780494769414266, attn loss: 0.0 ',)
2018-05-11 08:51:33,849 : ('Begin Scoring',)
2018-05-11 08:51:33,850 : ({'train_top1': 0.7066535963729935, 'train_top3': 0.8902095331454478},)
2018-05-11 08:52:15,051 : ({'val_top1': 0.3899657924743444, 'val_top3': 0.5923603192702395},)
2018-05-11 08:52:15,052 : ('Done Scoring',)
2018-05-11 08:52:15,054 : ('All phases Done',)
2018-05-11 08:52:15,054 : ('Saving model',)
