2018-05-11 10:21:38,413 : ('Logging File @ logs/2018_05_11_10:21:38.412821_ffaaabaaabaa_resnet50_l2_full_layer4_fc.log',)
2018-05-11 10:21:38,413 : ('Config:',)
2018-05-11 10:21:38,413 : ({'use_attn': True, 'attn_loss': 'l2', 'attn_shape': 'full', 'base_net': 'resnet50', 'train_phase': 'ffaaabaaabaa'},)
2018-05-11 10:21:38,413 : ('Initialize Network ...',)
2018-05-11 10:21:42,769 : ('Total number of attention parameters', 13385920)
2018-05-11 10:21:42,769 : ('Begin Training',)
2018-05-11 10:21:42,770 : ('-----Iter 0, Training fc-----',)
2018-05-11 10:21:51,658 : ('30 iter, 0.11371155495650043 epoch, cls loss: 7.0234252452850345, attn loss: 0.0 ',)
2018-05-11 10:21:59,605 : ('60 iter, 0.23134419801494915 epoch, cls loss: 5.605221541722615, attn loss: 0.0 ',)
2018-05-11 10:22:07,548 : ('90 iter, 0.3489768410733979 epoch, cls loss: 4.862635270754496, attn loss: 0.0 ',)
2018-05-11 10:22:15,487 : ('120 iter, 0.4666094841318466 epoch, cls loss: 4.361987415949503, attn loss: 0.0 ',)
2018-05-11 10:22:23,430 : ('150 iter, 0.5842421271902953 epoch, cls loss: 4.320085604985555, attn loss: 0.0 ',)
2018-05-11 10:22:31,388 : ('180 iter, 0.701874770248744 epoch, cls loss: 4.164524189631144, attn loss: 0.0 ',)
2018-05-11 10:22:39,331 : ('210 iter, 0.8195074133071928 epoch, cls loss: 4.007036336263021, attn loss: 0.0 ',)
2018-05-11 10:22:47,288 : ('240 iter, 0.9371400563656415 epoch, cls loss: 3.8223660707473757, attn loss: 0.0 ',)
2018-05-11 10:22:51,298 : ('Begin Scoring',)
2018-05-11 10:22:51,298 : ({'train_top1': 0.13405219948535718, 'train_top3': 0.2701874770248744},)
2018-05-11 10:23:18,211 : ({'val_top1': 0.22633979475484606, 'val_top3': 0.4053591790193843},)
2018-05-11 10:23:18,213 : ('Done Scoring',)
2018-05-11 10:23:18,216 : ('-----Iter 1, Training fc-----',)
2018-05-11 10:23:26,475 : ('30 iter, 0.11371155495650043 epoch, cls loss: 3.5161465326944987, attn loss: 0.0 ',)
2018-05-11 10:23:34,452 : ('60 iter, 0.23134419801494915 epoch, cls loss: 3.2980802694956464, attn loss: 0.0 ',)
2018-05-11 10:23:42,432 : ('90 iter, 0.3489768410733979 epoch, cls loss: 3.108282971382141, attn loss: 0.0 ',)
2018-05-11 10:23:50,383 : ('120 iter, 0.4666094841318466 epoch, cls loss: 3.029061508178711, attn loss: 0.0 ',)
2018-05-11 10:23:58,335 : ('150 iter, 0.5842421271902953 epoch, cls loss: 3.0137293497721354, attn loss: 0.0 ',)
2018-05-11 10:24:06,298 : ('180 iter, 0.701874770248744 epoch, cls loss: 2.988198240598043, attn loss: 0.0 ',)
2018-05-11 10:24:14,261 : ('210 iter, 0.8195074133071928 epoch, cls loss: 2.9500797828038534, attn loss: 0.0 ',)
2018-05-11 10:24:22,221 : ('240 iter, 0.9371400563656415 epoch, cls loss: 2.90402311484019, attn loss: 0.0 ',)
2018-05-11 10:24:26,241 : ('Begin Scoring',)
2018-05-11 10:24:26,241 : ({'train_top1': 0.2956745496875383, 'train_top3': 0.4911162847690234},)
2018-05-11 10:24:53,146 : ({'val_top1': 0.30216647662485746, 'val_top3': 0.5034207525655644},)
2018-05-11 10:24:53,149 : ('Done Scoring',)
2018-05-11 10:24:53,151 : ('-----Iter 2, Training attn_weights-----',)
2018-05-11 10:25:17,706 : ('30 iter, 0.11371155495650043 epoch, cls loss: 2.2191683650016785, attn loss: -0.0008592356483859475 ',)
2018-05-11 10:25:41,974 : ('60 iter, 0.23134419801494915 epoch, cls loss: 2.098806444803874, attn loss: -0.0026537208546263476 ',)
2018-05-11 10:26:06,246 : ('90 iter, 0.3489768410733979 epoch, cls loss: 2.2106409509976706, attn loss: -0.005862592812627554 ',)
2018-05-11 10:26:30,548 : ('120 iter, 0.4666094841318466 epoch, cls loss: 2.021598807970683, attn loss: -0.012000628529737394 ',)
2018-05-11 10:26:54,815 : ('150 iter, 0.5842421271902953 epoch, cls loss: 1.9612286925315856, attn loss: -0.02225278609742721 ',)
2018-05-11 10:27:19,103 : ('180 iter, 0.701874770248744 epoch, cls loss: 2.0281178911526996, attn loss: -0.03780665540446838 ',)
2018-05-11 10:27:43,382 : ('210 iter, 0.8195074133071928 epoch, cls loss: 2.0468040903409324, attn loss: -0.05928832975526651 ',)
2018-05-11 10:28:07,646 : ('240 iter, 0.9371400563656415 epoch, cls loss: 1.8735241850217184, attn loss: -0.08749312907457352 ',)
2018-05-11 10:28:19,882 : ('Begin Scoring',)
2018-05-11 10:28:19,882 : ({'train_top1': 0.4522730057590981, 'train_top3': 0.6679328513662541},)
2018-05-11 10:28:46,881 : ({'val_top1': 0.395096921322691, 'val_top3': 0.6026225769669328},)
2018-05-11 10:28:46,882 : ('Done Scoring',)
2018-05-11 10:28:46,884 : ('-----Iter 3, Training attn_weights-----',)
2018-05-11 10:29:11,362 : ('30 iter, 0.11371155495650043 epoch, cls loss: 1.3948864658673605, attn loss: -0.13697499906023344 ',)
2018-05-11 10:29:35,640 : ('60 iter, 0.23134419801494915 epoch, cls loss: 1.3204013486703237, attn loss: -0.16443495452404022 ',)
2018-05-11 10:29:59,900 : ('90 iter, 0.3489768410733979 epoch, cls loss: 1.2925007422765096, attn loss: -0.19607391754786174 ',)
2018-05-11 10:30:24,170 : ('120 iter, 0.4666094841318466 epoch, cls loss: 1.1894995748996735, attn loss: -0.232766289015611 ',)
2018-05-11 10:30:48,488 : ('150 iter, 0.5842421271902953 epoch, cls loss: 1.2955331126848857, attn loss: -0.2749046474695206 ',)
2018-05-11 10:31:12,762 : ('180 iter, 0.701874770248744 epoch, cls loss: 1.1371293783187866, attn loss: -0.32322489221890766 ',)
2018-05-11 10:31:37,072 : ('210 iter, 0.8195074133071928 epoch, cls loss: 1.0763086199760437, attn loss: -0.37856149474779766 ',)
2018-05-11 10:32:01,365 : ('240 iter, 0.9371400563656415 epoch, cls loss: 1.125506109992663, attn loss: -0.4414899965127309 ',)
2018-05-11 10:32:13,605 : ('Begin Scoring',)
2018-05-11 10:32:13,605 : ({'train_top1': 0.5824041171425071, 'train_top3': 0.7855654944247028},)
2018-05-11 10:32:40,651 : ({'val_top1': 0.42303306727480045, 'val_top3': 0.6299885974914481},)
2018-05-11 10:32:40,653 : ('Done Scoring',)
2018-05-11 10:32:40,655 : ('-----Iter 4, Training attn_weights-----',)
2018-05-11 10:33:05,217 : ('30 iter, 0.11371155495650043 epoch, cls loss: 0.4665203054745992, attn loss: -0.5454895814259847 ',)
2018-05-11 10:33:29,508 : ('60 iter, 0.23134419801494915 epoch, cls loss: 0.3841347376505534, attn loss: -0.6097983280817668 ',)
2018-05-11 10:33:53,804 : ('90 iter, 0.3489768410733979 epoch, cls loss: 0.3487386147181193, attn loss: -0.6798175235589345 ',)
2018-05-11 10:34:18,093 : ('120 iter, 0.4666094841318466 epoch, cls loss: 0.21917341649532318, attn loss: -0.7564165870348613 ',)
2018-05-11 10:34:42,407 : ('150 iter, 0.5842421271902953 epoch, cls loss: 0.10116173028945923, attn loss: -0.840030578772227 ',)
2018-05-11 10:35:06,695 : ('180 iter, 0.701874770248744 epoch, cls loss: 0.10108853181203206, attn loss: -0.9313928365707398 ',)
2018-05-11 10:35:30,989 : ('210 iter, 0.8195074133071928 epoch, cls loss: -0.06446943481763204, attn loss: -1.030956792831421 ',)
2018-05-11 10:35:55,272 : ('240 iter, 0.9371400563656415 epoch, cls loss: -0.12013460795084635, attn loss: -1.1390007853507995 ',)
2018-05-11 10:36:07,514 : ('Begin Scoring',)
2018-05-11 10:36:07,515 : ({'train_top1': 0.7164563166278642, 'train_top3': 0.8759955887758853},)
2018-05-11 10:36:34,479 : ({'val_top1': 0.4053591790193843, 'val_top3': 0.6225769669327252},)
2018-05-11 10:36:34,480 : ('Done Scoring',)
2018-05-11 10:36:34,483 : ('-----Iter 5, Training bn-----',)
2018-05-11 10:36:52,316 : ('30 iter, 0.11371155495650043 epoch, cls loss: 0.4425502777099609, attn loss: -1.2621411085128784 ',)
2018-05-11 10:37:09,900 : ('60 iter, 0.23134419801494915 epoch, cls loss: 0.26147273778915403, attn loss: -1.2621411085128784 ',)
2018-05-11 10:37:27,488 : ('90 iter, 0.3489768410733979 epoch, cls loss: 0.17998811801274617, attn loss: -1.2621411085128784 ',)
2018-05-11 10:37:45,072 : ('120 iter, 0.4666094841318466 epoch, cls loss: 0.2593527396519979, attn loss: -1.2621411085128784 ',)
2018-05-11 10:38:02,660 : ('150 iter, 0.5842421271902953 epoch, cls loss: 0.2023420532544454, attn loss: -1.2621411085128784 ',)
2018-05-11 10:38:20,269 : ('180 iter, 0.701874770248744 epoch, cls loss: 0.21613859335581462, attn loss: -1.2621411085128784 ',)
2018-05-11 10:38:37,863 : ('210 iter, 0.8195074133071928 epoch, cls loss: 0.18114633957544962, attn loss: -1.2621411085128784 ',)
2018-05-11 10:38:55,459 : ('240 iter, 0.9371400563656415 epoch, cls loss: 0.1731740395228068, attn loss: -1.2621411085128784 ',)
2018-05-11 10:39:04,329 : ('Begin Scoring',)
2018-05-11 10:39:04,329 : ({'train_top1': 0.624678348241637, 'train_top3': 0.8173018012498469},)
2018-05-11 10:39:32,131 : ({'val_top1': 0.40935005701254273, 'val_top3': 0.6322690992018244},)
2018-05-11 10:39:32,135 : ('Done Scoring',)
2018-05-11 10:39:32,138 : ('-----Iter 6, Training attn_weights-----',)
2018-05-11 10:39:56,725 : ('30 iter, 0.11371155495650043 epoch, cls loss: -0.38626824220021566, attn loss: -1.312667433420817 ',)
2018-05-11 10:40:21,015 : ('60 iter, 0.23134419801494915 epoch, cls loss: -0.6130624194939931, attn loss: -1.4200437943140665 ',)
2018-05-11 10:40:45,342 : ('90 iter, 0.3489768410733979 epoch, cls loss: -0.7701830426851909, attn loss: -1.5339267373085022 ',)
2018-05-11 10:41:09,675 : ('120 iter, 0.4666094841318466 epoch, cls loss: -0.8802887161572774, attn loss: -1.655224589506785 ',)
2018-05-11 10:41:34,018 : ('150 iter, 0.5842421271902953 epoch, cls loss: -0.9815988938013712, attn loss: -1.7843782504399617 ',)
2018-05-11 10:41:58,418 : ('180 iter, 0.701874770248744 epoch, cls loss: -1.04241886138916, attn loss: -1.922055228551229 ',)
2018-05-11 10:42:22,835 : ('210 iter, 0.8195074133071928 epoch, cls loss: -1.263028617699941, attn loss: -2.0687453031539915 ',)
2018-05-11 10:42:47,245 : ('240 iter, 0.9371400563656415 epoch, cls loss: -1.391574744383494, attn loss: -2.2250150044759116 ',)
2018-05-11 10:42:59,552 : ('Begin Scoring',)
2018-05-11 10:42:59,552 : ({'train_top1': 0.7625291018257566, 'train_top3': 0.9130008577380223},)
2018-05-11 10:43:26,500 : ({'val_top1': 0.41790193842645385, 'val_top3': 0.636259977194983},)
2018-05-11 10:43:26,501 : ('Done Scoring',)
2018-05-11 10:43:26,504 : ('-----Iter 7, Training attn_weights-----',)
2018-05-11 10:43:51,088 : ('30 iter, 0.11371155495650043 epoch, cls loss: -2.064217225710551, attn loss: -2.4758803526560467 ',)
2018-05-11 10:44:15,418 : ('60 iter, 0.23134419801494915 epoch, cls loss: -2.250691548983256, attn loss: -2.6384484926859537 ',)
2018-05-11 10:44:39,744 : ('90 iter, 0.3489768410733979 epoch, cls loss: -2.3836028973261514, attn loss: -2.809617797533671 ',)
2018-05-11 10:45:04,084 : ('120 iter, 0.4666094841318466 epoch, cls loss: -2.554328505198161, attn loss: -2.989904348055522 ',)
2018-05-11 10:45:28,395 : ('150 iter, 0.5842421271902953 epoch, cls loss: -2.7571577072143554, attn loss: -3.179904278119405 ',)
2018-05-11 10:45:52,740 : ('180 iter, 0.701874770248744 epoch, cls loss: -2.930701804161072, attn loss: -3.3801846345265707 ',)
2018-05-11 10:46:17,047 : ('210 iter, 0.8195074133071928 epoch, cls loss: -3.143901300430298, attn loss: -3.591174864768982 ',)
2018-05-11 10:46:41,359 : ('240 iter, 0.9371400563656415 epoch, cls loss: -3.3414183378219606, attn loss: -3.8129077116648356 ',)
2018-05-11 10:46:53,626 : ('Begin Scoring',)
2018-05-11 10:46:53,626 : ({'train_top1': 0.8772209288077442, 'train_top3': 0.9645876730792795},)
2018-05-11 10:47:20,646 : ({'val_top1': 0.3945267958950969, 'val_top3': 0.6197263397947549},)
2018-05-11 10:47:20,650 : ('Done Scoring',)
2018-05-11 10:47:20,654 : ('-----Iter 8, Training attn_weights-----',)
2018-05-11 10:47:45,234 : ('30 iter, 0.11371155495650043 epoch, cls loss: -3.956159774462382, attn loss: -4.166652647654216 ',)
2018-05-11 10:48:09,530 : ('60 iter, 0.23134419801494915 epoch, cls loss: -4.203084595998129, attn loss: -4.397050666809082 ',)
2018-05-11 10:48:33,839 : ('90 iter, 0.3489768410733979 epoch, cls loss: -4.452513074874878, attn loss: -4.637224578857422 ',)
2018-05-11 10:48:58,167 : ('120 iter, 0.4666094841318466 epoch, cls loss: -4.685701243082682, attn loss: -4.888532082239787 ',)
2018-05-11 10:49:22,485 : ('150 iter, 0.5842421271902953 epoch, cls loss: -4.93057320912679, attn loss: -5.151655292510986 ',)
2018-05-11 10:49:46,814 : ('180 iter, 0.701874770248744 epoch, cls loss: -5.194024467468262, attn loss: -5.426963027318319 ',)
2018-05-11 10:50:11,203 : ('210 iter, 0.8195074133071928 epoch, cls loss: -5.5137373606363935, attn loss: -5.714520343144735 ',)
2018-05-11 10:50:35,601 : ('240 iter, 0.9371400563656415 epoch, cls loss: -5.774866771697998, attn loss: -6.015627908706665 ',)
2018-05-11 10:50:47,905 : ('Begin Scoring',)
2018-05-11 10:50:47,906 : ({'train_top1': 0.9389780664134297, 'train_top3': 0.9909324837642446},)
2018-05-11 10:51:14,939 : ({'val_top1': 0.4122006841505131, 'val_top3': 0.6180159635119726},)
2018-05-11 10:51:14,939 : ('Done Scoring',)
2018-05-11 10:51:14,942 : ('-----Iter 9, Training bn-----',)
2018-05-11 10:51:32,781 : ('30 iter, 0.11371155495650043 epoch, cls loss: -5.4552499930063885, attn loss: -6.345183849334717 ',)
2018-05-11 10:51:50,356 : ('60 iter, 0.23134419801494915 epoch, cls loss: -5.424726470311483, attn loss: -6.345183849334717 ',)
2018-05-11 10:52:07,940 : ('90 iter, 0.3489768410733979 epoch, cls loss: -5.491791184743246, attn loss: -6.345183849334717 ',)
2018-05-11 10:52:25,519 : ('120 iter, 0.4666094841318466 epoch, cls loss: -5.51770216623942, attn loss: -6.345183849334717 ',)
2018-05-11 10:52:43,095 : ('150 iter, 0.5842421271902953 epoch, cls loss: -5.540542538960775, attn loss: -6.345183849334717 ',)
2018-05-11 10:53:00,684 : ('180 iter, 0.701874770248744 epoch, cls loss: -5.512946844100952, attn loss: -6.345183849334717 ',)
2018-05-11 10:53:18,284 : ('210 iter, 0.8195074133071928 epoch, cls loss: -5.509123802185059, attn loss: -6.345183849334717 ',)
2018-05-11 10:53:35,872 : ('240 iter, 0.9371400563656415 epoch, cls loss: -5.535780620574951, attn loss: -6.345183849334717 ',)
2018-05-11 10:53:44,738 : ('Begin Scoring',)
2018-05-11 10:53:44,738 : ({'train_top1': 0.8416860678838378, 'train_top3': 0.9594412449454723},)
2018-05-11 10:54:12,695 : ({'val_top1': 0.4315849486887115, 'val_top3': 0.6516533637400228},)
2018-05-11 10:54:12,696 : ('Done Scoring',)
2018-05-11 10:54:12,699 : ('-----Iter 10, Training attn_weights-----',)
2018-05-11 10:54:37,368 : ('30 iter, 0.11371155495650043 epoch, cls loss: -6.206086778640747, attn loss: -6.493371629714966 ',)
2018-05-11 10:55:01,809 : ('60 iter, 0.23134419801494915 epoch, cls loss: -6.611079661051432, attn loss: -6.805133819580078 ',)
2018-05-11 10:55:26,252 : ('90 iter, 0.3489768410733979 epoch, cls loss: -6.925134722391764, attn loss: -7.126854022343953 ',)
2018-05-11 10:55:50,698 : ('120 iter, 0.4666094841318466 epoch, cls loss: -7.270260953903199, attn loss: -7.460320854187012 ',)
2018-05-11 10:56:15,100 : ('150 iter, 0.5842421271902953 epoch, cls loss: -7.618426624933878, attn loss: -7.806960932413737 ',)
2018-05-11 10:56:39,464 : ('180 iter, 0.701874770248744 epoch, cls loss: -7.978949991861979, attn loss: -8.167656215031942 ',)
2018-05-11 10:57:03,805 : ('210 iter, 0.8195074133071928 epoch, cls loss: -8.335339021682739, attn loss: -8.542280133565267 ',)
2018-05-11 10:57:28,155 : ('240 iter, 0.9371400563656415 epoch, cls loss: -8.748904355367024, attn loss: -8.931528568267822 ',)
2018-05-11 10:57:40,464 : ('Begin Scoring',)
2018-05-11 10:57:40,464 : ({'train_top1': 0.9465751746109545, 'train_top3': 0.9926479598088469},)
2018-05-11 10:58:07,584 : ({'val_top1': 0.4315849486887115, 'val_top3': 0.6419612314709237},)
2018-05-11 10:58:07,588 : ('Done Scoring',)
2018-05-11 10:58:07,592 : ('-----Iter 11, Training attn_weights-----',)
2018-05-11 10:58:32,258 : ('30 iter, 0.11371155495650043 epoch, cls loss: -9.462292766571045, attn loss: -9.549102592468262 ',)
2018-05-11 10:58:56,618 : ('60 iter, 0.23134419801494915 epoch, cls loss: -9.858762264251709, attn loss: -9.953504880269369 ',)
2018-05-11 10:59:20,971 : ('90 iter, 0.3489768410733979 epoch, cls loss: -10.278864256540935, attn loss: -10.3728609085083 ',)
2018-05-11 10:59:45,313 : ('120 iter, 0.4666094841318466 epoch, cls loss: -10.726374530792237, attn loss: -10.808414554595947 ',)
2018-05-11 11:00:09,643 : ('150 iter, 0.5842421271902953 epoch, cls loss: -11.106490898132325, attn loss: -11.259317938486735 ',)
2018-05-11 11:00:33,976 : ('180 iter, 0.701874770248744 epoch, cls loss: -11.615279229482015, attn loss: -11.72476110458374 ',)
2018-05-11 11:00:58,285 : ('210 iter, 0.8195074133071928 epoch, cls loss: -12.077175680796305, attn loss: -12.20580701828003 ',)
2018-05-11 11:01:22,609 : ('240 iter, 0.9371400563656415 epoch, cls loss: -12.569667689005534, attn loss: -12.702977339426676 ',)
2018-05-11 11:01:34,866 : ('Begin Scoring',)
2018-05-11 11:01:34,867 : ({'train_top1': 0.970346771229016, 'train_top3': 0.9974267859330964},)
2018-05-11 11:02:01,916 : ({'val_top1': 0.42531356898517675, 'val_top3': 0.6328392246294184},)
2018-05-11 11:02:01,919 : ('Done Scoring',)
2018-05-11 11:02:01,922 : ('All phases Done',)
2018-05-11 11:02:01,922 : ('Saving model',)
