2018-05-11 09:39:59,797 : ('Logging File @ logs/2018_05_11_09:39:59.797075_ffaaabaaabaa_inception_v3_l2_full_inception.log',)
2018-05-11 09:39:59,797 : ('Config:',)
2018-05-11 09:39:59,797 : ({'use_attn': True, 'attn_loss': 'l2', 'attn_shape': 'full', 'base_net': 'inception_v3', 'train_phase': 'ffaaabaaabaa'},)
2018-05-11 09:39:59,797 : ('Initialize Network ...',)
2018-05-11 09:40:04,998 : ('Total number of attention parameters', 9880160)
2018-05-11 09:40:04,999 : ('Begin Training',)
2018-05-11 09:40:05,000 : ('-----Iter 0, Training fc-----',)
2018-05-11 09:40:17,587 : ('30 iter, 0.11371155495650043 epoch, cls loss: 6.330735603968303, attn loss: 0.0 ',)
2018-05-11 09:40:29,071 : ('60 iter, 0.23134419801494915 epoch, cls loss: 4.727352754275004, attn loss: 0.0 ',)
2018-05-11 09:40:40,579 : ('90 iter, 0.3489768410733979 epoch, cls loss: 4.1046594699223835, attn loss: 0.0 ',)
2018-05-11 09:40:52,112 : ('120 iter, 0.4666094841318466 epoch, cls loss: 3.6932265837987264, attn loss: 0.0 ',)
2018-05-11 09:41:03,651 : ('150 iter, 0.5842421271902953 epoch, cls loss: 3.6819340705871584, attn loss: 0.0 ',)
2018-05-11 09:41:15,192 : ('180 iter, 0.701874770248744 epoch, cls loss: 3.3426220655441283, attn loss: 0.0 ',)
2018-05-11 09:41:26,774 : ('210 iter, 0.8195074133071928 epoch, cls loss: 3.3847291072209678, attn loss: 0.0 ',)
2018-05-11 09:41:38,383 : ('240 iter, 0.9371400563656415 epoch, cls loss: 3.361177078882853, attn loss: 0.0 ',)
2018-05-11 09:41:44,228 : ('Begin Scoring',)
2018-05-11 09:41:44,228 : ({'train_top1': 0.19458399705918392, 'train_top3': 0.35375566719764734},)
2018-05-11 09:42:24,872 : ({'val_top1': 0.28506271379703535, 'val_top3': 0.48346636259977194},)
2018-05-11 09:42:24,876 : ('Done Scoring',)
2018-05-11 09:42:24,879 : ('-----Iter 1, Training fc-----',)
2018-05-11 09:42:36,898 : ('30 iter, 0.11371155495650043 epoch, cls loss: 3.0828939278920493, attn loss: 0.0 ',)
2018-05-11 09:42:48,574 : ('60 iter, 0.23134419801494915 epoch, cls loss: 2.840313752492269, attn loss: 0.0 ',)
2018-05-11 09:43:00,264 : ('90 iter, 0.3489768410733979 epoch, cls loss: 2.871841478347778, attn loss: 0.0 ',)
2018-05-11 09:43:11,985 : ('120 iter, 0.4666094841318466 epoch, cls loss: 2.8424355189005532, attn loss: 0.0 ',)
2018-05-11 09:43:23,706 : ('150 iter, 0.5842421271902953 epoch, cls loss: 2.73645335038503, attn loss: 0.0 ',)
2018-05-11 09:43:35,447 : ('180 iter, 0.701874770248744 epoch, cls loss: 2.539686433474223, attn loss: 0.0 ',)
2018-05-11 09:43:47,192 : ('210 iter, 0.8195074133071928 epoch, cls loss: 2.661158307393392, attn loss: 0.0 ',)
2018-05-11 09:43:58,969 : ('240 iter, 0.9371400563656415 epoch, cls loss: 2.618925992647807, attn loss: 0.0 ',)
2018-05-11 09:44:04,886 : ('Begin Scoring',)
2018-05-11 09:44:04,886 : ({'train_top1': 0.33782624678348244, 'train_top3': 0.5495650042886902},)
2018-05-11 09:44:45,941 : ({'val_top1': 0.34207525655644244, 'val_top3': 0.5399087799315849},)
2018-05-11 09:44:45,942 : ('Done Scoring',)
2018-05-11 09:44:45,946 : ('-----Iter 2, Training attn_weights-----',)
2018-05-11 09:45:23,137 : ('30 iter, 0.11371155495650043 epoch, cls loss: 2.232631230354309, attn loss: -0.0015823798811955688 ',)
2018-05-11 09:45:59,859 : ('60 iter, 0.23134419801494915 epoch, cls loss: 2.1368732929229735, attn loss: -0.004573606071062386 ',)
2018-05-11 09:46:36,577 : ('90 iter, 0.3489768410733979 epoch, cls loss: 1.9729934612909952, attn loss: -0.008166401988516252 ',)
2018-05-11 09:47:13,382 : ('120 iter, 0.4666094841318466 epoch, cls loss: 1.9777310768763223, attn loss: -0.013532701476166645 ',)
2018-05-11 09:47:50,243 : ('150 iter, 0.5842421271902953 epoch, cls loss: 1.9174612919489542, attn loss: -0.021328907149533432 ',)
2018-05-11 09:48:27,087 : ('180 iter, 0.701874770248744 epoch, cls loss: 1.8962142984072368, attn loss: -0.032526722239951296 ',)
2018-05-11 09:49:03,923 : ('210 iter, 0.8195074133071928 epoch, cls loss: 1.9161885658899942, attn loss: -0.04758097094794114 ',)
2018-05-11 09:49:40,751 : ('240 iter, 0.9371400563656415 epoch, cls loss: 1.8175821423530578, attn loss: -0.06749167044957478 ',)
2018-05-11 09:49:59,295 : ('Begin Scoring',)
2018-05-11 09:49:59,295 : ({'train_top1': 0.4625658620267124, 'train_top3': 0.6807989217007719},)
2018-05-11 09:50:40,482 : ({'val_top1': 0.39851767388825543, 'val_top3': 0.5895096921322691},)
2018-05-11 09:50:40,483 : ('Done Scoring',)
2018-05-11 09:50:40,487 : ('-----Iter 3, Training attn_weights-----',)
2018-05-11 09:51:17,634 : ('30 iter, 0.11371155495650043 epoch, cls loss: 1.3783729871114094, attn loss: -0.104488522062699 ',)
2018-05-11 09:51:54,338 : ('60 iter, 0.23134419801494915 epoch, cls loss: 1.2456106742223103, attn loss: -0.12721552029252053 ',)
2018-05-11 09:52:31,021 : ('90 iter, 0.3489768410733979 epoch, cls loss: 1.1672993302345276, attn loss: -0.1534201458096504 ',)
2018-05-11 09:53:07,699 : ('120 iter, 0.4666094841318466 epoch, cls loss: 1.1720639844735463, attn loss: -0.18397246897220612 ',)
2018-05-11 09:53:44,387 : ('150 iter, 0.5842421271902953 epoch, cls loss: 1.1326427042484284, attn loss: -0.21951945622762045 ',)
2018-05-11 09:54:21,078 : ('180 iter, 0.701874770248744 epoch, cls loss: 1.1791328569253285, attn loss: -0.26133290032545725 ',)
2018-05-11 09:54:57,799 : ('210 iter, 0.8195074133071928 epoch, cls loss: 1.0370905935764312, attn loss: -0.30994779566923775 ',)
2018-05-11 09:55:34,610 : ('240 iter, 0.9371400563656415 epoch, cls loss: 1.0199249962965646, attn loss: -0.3656611700852712 ',)
2018-05-11 09:55:53,171 : ('Begin Scoring',)
2018-05-11 09:55:53,171 : ({'train_top1': 0.6158559000122534, 'train_top3': 0.8121553731160397},)
2018-05-11 09:56:34,368 : ({'val_top1': 0.41334093500570124, 'val_top3': 0.621436716077537},)
2018-05-11 09:56:34,373 : ('Done Scoring',)
2018-05-11 09:56:34,379 : ('-----Iter 4, Training attn_weights-----',)
2018-05-11 09:57:11,497 : ('30 iter, 0.11371155495650043 epoch, cls loss: 0.43699444035689033, attn loss: -0.461664080619812 ',)
2018-05-11 09:57:48,230 : ('60 iter, 0.23134419801494915 epoch, cls loss: 0.3943162669738134, attn loss: -0.5239643732706706 ',)
2018-05-11 09:58:24,911 : ('90 iter, 0.3489768410733979 epoch, cls loss: 0.27686960597833, attn loss: -0.592201022307078 ',)
2018-05-11 09:59:01,588 : ('120 iter, 0.4666094841318466 epoch, cls loss: 0.1817452698945999, attn loss: -0.6679702500502268 ',)
2018-05-11 09:59:38,335 : ('150 iter, 0.5842421271902953 epoch, cls loss: 0.09492064118385315, attn loss: -0.7522328635056813 ',)
2018-05-11 10:00:15,121 : ('180 iter, 0.701874770248744 epoch, cls loss: 0.02636183301607768, attn loss: -0.8454498072465261 ',)
2018-05-11 10:00:51,846 : ('210 iter, 0.8195074133071928 epoch, cls loss: -0.14984219670295715, attn loss: -0.9485308428605398 ',)
2018-05-11 10:01:28,562 : ('240 iter, 0.9371400563656415 epoch, cls loss: -0.16280011137326558, attn loss: -1.0617592414220174 ',)
2018-05-11 10:01:47,038 : ('Begin Scoring',)
2018-05-11 10:01:47,038 : ({'train_top1': 0.7576277416983213, 'train_top3': 0.905893885553241},)
2018-05-11 10:02:27,976 : ({'val_top1': 0.41562143671607754, 'val_top3': 0.6271379703534777},)
2018-05-11 10:02:27,977 : ('Done Scoring',)
2018-05-11 10:02:27,981 : ('-----Iter 5, Training bn-----',)
2018-05-11 10:02:54,044 : ('30 iter, 0.11371155495650043 epoch, cls loss: 10.138518524169921, attn loss: -1.1924222707748413 ',)
2018-05-11 10:03:19,689 : ('60 iter, 0.23134419801494915 epoch, cls loss: 9.608634757995606, attn loss: -1.1924222707748413 ',)
2018-05-11 10:03:45,322 : ('90 iter, 0.3489768410733979 epoch, cls loss: 9.157759730021159, attn loss: -1.1924222707748413 ',)
2018-05-11 10:04:10,973 : ('120 iter, 0.4666094841318466 epoch, cls loss: 8.704034455617268, attn loss: -1.1924222707748413 ',)
2018-05-11 10:04:36,595 : ('150 iter, 0.5842421271902953 epoch, cls loss: 8.470758247375489, attn loss: -1.1924222707748413 ',)
2018-05-11 10:05:02,189 : ('180 iter, 0.701874770248744 epoch, cls loss: 8.0820325533549, attn loss: -1.1924222707748413 ',)
2018-05-11 10:05:27,786 : ('210 iter, 0.8195074133071928 epoch, cls loss: 7.879740778605143, attn loss: -1.1924222707748413 ',)
2018-05-11 10:05:53,421 : ('240 iter, 0.9371400563656415 epoch, cls loss: 7.698817650477092, attn loss: -1.1924222707748413 ',)
