2018-05-11 07:52:37,372 : ('Logging File @ logs/2018_05_11_07:52:37.371781_ffaaabaaabaa_resnet34_l2_full.log',)
2018-05-11 07:52:37,372 : ('Config:',)
2018-05-11 07:52:37,372 : ({'use_attn': True, 'attn_loss': 'l2', 'attn_shape': 'full', 'base_net': 'resnet34', 'train_phase': 'ffaaabaaabaa'},)
2018-05-11 07:52:37,372 : ('Initialize Network ...',)
2018-05-11 07:52:41,458 : ('Total number of attention parameters', 2515136)
2018-05-11 07:52:41,458 : ('Begin Training',)
2018-05-11 07:52:41,459 : ('-----Iter 0, Training fc-----',)
2018-05-11 07:52:47,211 : ('30 iter, 0.11371155495650043 epoch, cls loss: 8.701490195592244, attn loss: 0.0 ',)
2018-05-11 07:52:52,029 : ('60 iter, 0.23134419801494915 epoch, cls loss: 6.706551218032837, attn loss: 0.0 ',)
2018-05-11 07:52:56,845 : ('90 iter, 0.3489768410733979 epoch, cls loss: 5.787284294764201, attn loss: 0.0 ',)
2018-05-11 07:53:01,666 : ('120 iter, 0.4666094841318466 epoch, cls loss: 5.367357667287191, attn loss: 0.0 ',)
2018-05-11 07:53:06,484 : ('150 iter, 0.5842421271902953 epoch, cls loss: 4.890957570075988, attn loss: 0.0 ',)
2018-05-11 07:53:11,299 : ('180 iter, 0.701874770248744 epoch, cls loss: 4.588472437858582, attn loss: 0.0 ',)
2018-05-11 07:53:16,117 : ('210 iter, 0.8195074133071928 epoch, cls loss: 4.355186200141906, attn loss: 0.0 ',)
2018-05-11 07:53:20,945 : ('240 iter, 0.9371400563656415 epoch, cls loss: 4.191906976699829, attn loss: 0.0 ',)
2018-05-11 07:53:23,379 : ('Begin Scoring',)
2018-05-11 07:53:23,379 : ({'train_top1': 0.09680186251684843, 'train_top3': 0.21296409753706655},)
2018-05-11 07:53:38,555 : ({'val_top1': 0.1847206385404789, 'val_top3': 0.3523375142531357},)
2018-05-11 07:53:38,557 : ('Done Scoring',)
2018-05-11 07:53:38,559 : ('-----Iter 1, Training fc-----',)
2018-05-11 07:53:43,635 : ('30 iter, 0.11371155495650043 epoch, cls loss: 3.8472828388214113, attn loss: 0.0 ',)
2018-05-11 07:53:48,472 : ('60 iter, 0.23134419801494915 epoch, cls loss: 3.7025526762008667, attn loss: 0.0 ',)
2018-05-11 07:53:53,307 : ('90 iter, 0.3489768410733979 epoch, cls loss: 3.3834420601526896, attn loss: 0.0 ',)
2018-05-11 07:53:58,126 : ('120 iter, 0.4666094841318466 epoch, cls loss: 3.2629499435424805, attn loss: 0.0 ',)
2018-05-11 07:54:02,949 : ('150 iter, 0.5842421271902953 epoch, cls loss: 3.43465522925059, attn loss: 0.0 ',)
2018-05-11 07:54:07,771 : ('180 iter, 0.701874770248744 epoch, cls loss: 3.192523988087972, attn loss: 0.0 ',)
2018-05-11 07:54:12,592 : ('210 iter, 0.8195074133071928 epoch, cls loss: 3.160234824816386, attn loss: 0.0 ',)
2018-05-11 07:54:17,415 : ('240 iter, 0.9371400563656415 epoch, cls loss: 3.0604735453923544, attn loss: 0.0 ',)
2018-05-11 07:54:19,849 : ('Begin Scoring',)
2018-05-11 07:54:19,849 : ({'train_top1': 0.25389045460115184, 'train_top3': 0.4440632275456439},)
2018-05-11 07:54:35,096 : ({'val_top1': 0.27309007981755984, 'val_top3': 0.46864310148232613},)
2018-05-11 07:54:35,097 : ('Done Scoring',)
2018-05-11 07:54:35,099 : ('-----Iter 2, Training attn_weights-----',)
2018-05-11 07:54:51,199 : ('30 iter, 0.11371155495650043 epoch, cls loss: 2.678423885504405, attn loss: -0.0006098277110140771 ',)
2018-05-11 07:55:07,069 : ('60 iter, 0.23134419801494915 epoch, cls loss: 2.5435678958892822, attn loss: -0.001598393393214792 ',)
2018-05-11 07:55:22,950 : ('90 iter, 0.3489768410733979 epoch, cls loss: 2.5829564412434896, attn loss: -0.0025269383875032264 ',)
2018-05-11 07:55:38,893 : ('120 iter, 0.4666094841318466 epoch, cls loss: 2.5709506034851075, attn loss: -0.0036275845021009447 ',)
2018-05-11 07:55:54,852 : ('150 iter, 0.5842421271902953 epoch, cls loss: 2.4732791662216185, attn loss: -0.00487928280296425 ',)
2018-05-11 07:56:10,832 : ('180 iter, 0.701874770248744 epoch, cls loss: 2.4142666260401406, attn loss: -0.006446478251988689 ',)
2018-05-11 07:56:26,810 : ('210 iter, 0.8195074133071928 epoch, cls loss: 2.5279066801071166, attn loss: -0.008441055162499348 ',)
2018-05-11 07:56:42,801 : ('240 iter, 0.9371400563656415 epoch, cls loss: 2.3203283747037253, attn loss: -0.010939651603500048 ',)
2018-05-11 07:56:50,862 : ('Begin Scoring',)
2018-05-11 07:56:50,863 : ({'train_top1': 0.36600906751623574, 'train_top3': 0.5827717191520647},)
2018-05-11 07:57:06,222 : ({'val_top1': 0.34378563283922464, 'val_top3': 0.5547320410490307},)
2018-05-11 07:57:06,223 : ('Done Scoring',)
2018-05-11 07:57:06,226 : ('-----Iter 3, Training attn_weights-----',)
2018-05-11 07:57:22,454 : ('30 iter, 0.11371155495650043 epoch, cls loss: 2.0365808248519897, attn loss: -0.016004599103083213 ',)
2018-05-11 07:57:38,442 : ('60 iter, 0.23134419801494915 epoch, cls loss: 2.095114552974701, attn loss: -0.019660031671325365 ',)
2018-05-11 07:57:54,408 : ('90 iter, 0.3489768410733979 epoch, cls loss: 2.05859428246816, attn loss: -0.02374546422312657 ',)
2018-05-11 07:58:10,393 : ('120 iter, 0.4666094841318466 epoch, cls loss: 2.0441585580507913, attn loss: -0.028263280106087526 ',)
2018-05-11 07:58:26,399 : ('150 iter, 0.5842421271902953 epoch, cls loss: 2.019443909327189, attn loss: -0.03343081921339035 ',)
2018-05-11 07:58:42,385 : ('180 iter, 0.701874770248744 epoch, cls loss: 2.029923888047536, attn loss: -0.039323542391260465 ',)
2018-05-11 07:58:58,374 : ('210 iter, 0.8195074133071928 epoch, cls loss: 2.0735371390978496, attn loss: -0.04604555517435074 ',)
2018-05-11 07:59:14,365 : ('240 iter, 0.9371400563656415 epoch, cls loss: 1.885383951663971, attn loss: -0.05360593485335509 ',)
2018-05-11 07:59:22,440 : ('Begin Scoring',)
2018-05-11 07:59:22,441 : ({'train_top1': 0.4696728342114937, 'train_top3': 0.6778581056243107},)
2018-05-11 07:59:37,786 : ({'val_top1': 0.3637400228050171, 'val_top3': 0.5689851767388826},)
2018-05-11 07:59:37,789 : ('Done Scoring',)
2018-05-11 07:59:37,791 : ('-----Iter 4, Training attn_weights-----',)
2018-05-11 07:59:53,998 : ('30 iter, 0.11371155495650043 epoch, cls loss: 1.5567359407742818, attn loss: -0.06658696221808592 ',)
2018-05-11 08:00:10,005 : ('60 iter, 0.23134419801494915 epoch, cls loss: 1.6812739153703053, attn loss: -0.0753072035809358 ',)
2018-05-11 08:00:26,006 : ('90 iter, 0.3489768410733979 epoch, cls loss: 1.6201099594434103, attn loss: -0.08477919995784759 ',)
2018-05-11 08:00:41,933 : ('120 iter, 0.4666094841318466 epoch, cls loss: 1.5985900978247325, attn loss: -0.09521473248799642 ',)
2018-05-11 08:00:57,857 : ('150 iter, 0.5842421271902953 epoch, cls loss: 1.5667452077070871, attn loss: -0.1067385993897915 ',)
2018-05-11 08:01:13,781 : ('180 iter, 0.701874770248744 epoch, cls loss: 1.5430786947409312, attn loss: -0.11911889885862668 ',)
2018-05-11 08:01:29,708 : ('210 iter, 0.8195074133071928 epoch, cls loss: 1.6242382248242697, attn loss: -0.13281704435745875 ',)
2018-05-11 08:01:45,636 : ('240 iter, 0.9371400563656415 epoch, cls loss: 1.52886576851209, attn loss: -0.14776758203903834 ',)
2018-05-11 08:01:53,677 : ('Begin Scoring',)
2018-05-11 08:01:53,678 : ({'train_top1': 0.5545888984193114, 'train_top3': 0.754809459625046},)
2018-05-11 08:02:08,950 : ({'val_top1': 0.37856328392246297, 'val_top3': 0.5809578107183581},)
2018-05-11 08:02:08,950 : ('Done Scoring',)
2018-05-11 08:02:08,953 : ('-----Iter 5, Training bn-----',)
2018-05-11 08:02:19,736 : ('30 iter, 0.11371155495650043 epoch, cls loss: 2.3171856800715127, attn loss: -0.16479533910751343 ',)
2018-05-11 08:02:30,279 : ('60 iter, 0.23134419801494915 epoch, cls loss: 2.1194462696711223, attn loss: -0.16479533910751343 ',)
2018-05-11 08:02:40,861 : ('90 iter, 0.3489768410733979 epoch, cls loss: 2.0284396171569825, attn loss: -0.16479533910751343 ',)
2018-05-11 08:02:51,436 : ('120 iter, 0.4666094841318466 epoch, cls loss: 1.9065982103347778, attn loss: -0.16479533910751343 ',)
2018-05-11 08:03:02,032 : ('150 iter, 0.5842421271902953 epoch, cls loss: 2.0139612277348835, attn loss: -0.16479533910751343 ',)
2018-05-11 08:03:12,617 : ('180 iter, 0.701874770248744 epoch, cls loss: 2.0151089986165363, attn loss: -0.16479533910751343 ',)
2018-05-11 08:03:23,195 : ('210 iter, 0.8195074133071928 epoch, cls loss: 1.94116956392924, attn loss: -0.16479533910751343 ',)
2018-05-11 08:03:33,776 : ('240 iter, 0.9371400563656415 epoch, cls loss: 1.8789615392684937, attn loss: -0.16479533910751343 ',)
2018-05-11 08:03:39,092 : ('Begin Scoring',)
2018-05-11 08:03:39,092 : ({'train_top1': 0.4604827839725524, 'train_top3': 0.6586202671241269},)
2018-05-11 08:03:54,840 : ({'val_top1': 0.3660205245153934, 'val_top3': 0.56442417331813},)
2018-05-11 08:03:54,841 : ('Done Scoring',)
2018-05-11 08:03:54,844 : ('-----Iter 6, Training attn_weights-----',)
2018-05-11 08:04:11,089 : ('30 iter, 0.11371155495650043 epoch, cls loss: 1.4877020478248597, attn loss: -0.17260001103083292 ',)
2018-05-11 08:04:27,079 : ('60 iter, 0.23134419801494915 epoch, cls loss: 1.4260252972443899, attn loss: -0.18917056322097778 ',)
2018-05-11 08:04:43,065 : ('90 iter, 0.3489768410733979 epoch, cls loss: 1.3224344352881114, attn loss: -0.20674955348173776 ',)
2018-05-11 08:04:59,040 : ('120 iter, 0.4666094841318466 epoch, cls loss: 1.2598866283893586, attn loss: -0.22547884633143742 ',)
2018-05-11 08:05:15,016 : ('150 iter, 0.5842421271902953 epoch, cls loss: 1.2465989391009014, attn loss: -0.24531902372837067 ',)
2018-05-11 08:05:30,949 : ('180 iter, 0.701874770248744 epoch, cls loss: 1.2327870686848958, attn loss: -0.26653491457303363 ',)
2018-05-11 08:05:46,874 : ('210 iter, 0.8195074133071928 epoch, cls loss: 1.2022707680861155, attn loss: -0.2893568009138107 ',)
2018-05-11 08:06:02,806 : ('240 iter, 0.9371400563656415 epoch, cls loss: 1.191846239566803, attn loss: -0.3137416998545329 ',)
2018-05-11 08:06:10,843 : ('Begin Scoring',)
2018-05-11 08:06:10,843 : ({'train_top1': 0.5930645754196789, 'train_top3': 0.7935302046317854},)
2018-05-11 08:06:26,208 : ({'val_top1': 0.38198403648802737, 'val_top3': 0.5849486887115165},)
2018-05-11 08:06:26,209 : ('Done Scoring',)
2018-05-11 08:06:26,211 : ('-----Iter 7, Training attn_weights-----',)
2018-05-11 08:06:42,385 : ('30 iter, 0.11371155495650043 epoch, cls loss: 0.7561314433813096, attn loss: -0.3535938839117686 ',)
2018-05-11 08:06:58,296 : ('60 iter, 0.23134419801494915 epoch, cls loss: 0.683708056807518, attn loss: -0.38014387985070547 ',)
2018-05-11 08:07:14,204 : ('90 iter, 0.3489768410733979 epoch, cls loss: 0.6816151142120361, attn loss: -0.4079720775286357 ',)
2018-05-11 08:07:30,177 : ('120 iter, 0.4666094841318466 epoch, cls loss: 0.6695830543835958, attn loss: -0.43754338324069975 ',)
2018-05-11 08:07:46,160 : ('150 iter, 0.5842421271902953 epoch, cls loss: 0.7583631495634715, attn loss: -0.4687306533257167 ',)
2018-05-11 08:08:02,168 : ('180 iter, 0.701874770248744 epoch, cls loss: 0.5968658496936162, attn loss: -0.5013825595378876 ',)
2018-05-11 08:08:18,176 : ('210 iter, 0.8195074133071928 epoch, cls loss: 0.7058507521947225, attn loss: -0.5360389808813731 ',)
2018-05-11 08:08:34,179 : ('240 iter, 0.9371400563656415 epoch, cls loss: 0.5749926348527272, attn loss: -0.5725554327170054 ',)
2018-05-11 08:08:42,255 : ('Begin Scoring',)
2018-05-11 08:08:42,256 : ({'train_top1': 0.6985663521627251, 'train_top3': 0.8588408283298615},)
2018-05-11 08:08:57,641 : ({'val_top1': 0.3774230330672748, 'val_top3': 0.5917901938426454},)
2018-05-11 08:08:57,642 : ('Done Scoring',)
2018-05-11 08:08:57,645 : ('-----Iter 8, Training attn_weights-----',)
2018-05-11 08:09:13,896 : ('30 iter, 0.11371155495650043 epoch, cls loss: 0.17118333280086517, attn loss: -0.6320628841718038 ',)
2018-05-11 08:09:29,905 : ('60 iter, 0.23134419801494915 epoch, cls loss: 0.07321779727935791, attn loss: -0.6717940231164297 ',)
2018-05-11 08:09:45,917 : ('90 iter, 0.3489768410733979 epoch, cls loss: 0.03475282589594523, attn loss: -0.7134811659653981 ',)
2018-05-11 08:10:01,929 : ('120 iter, 0.4666094841318466 epoch, cls loss: -0.0023681104183197023, attn loss: -0.7570556620756785 ',)
2018-05-11 08:10:17,945 : ('150 iter, 0.5842421271902953 epoch, cls loss: 0.04369937678178151, attn loss: -0.8027199248472849 ',)
2018-05-11 08:10:33,962 : ('180 iter, 0.701874770248744 epoch, cls loss: -0.058387924234072366, attn loss: -0.8507903198401133 ',)
2018-05-11 08:10:49,969 : ('210 iter, 0.8195074133071928 epoch, cls loss: -0.011898428201675415, attn loss: -0.9011820455392202 ',)
2018-05-11 08:11:05,985 : ('240 iter, 0.9371400563656415 epoch, cls loss: -0.1167905588944753, attn loss: -0.9542024672031403 ',)
2018-05-11 08:11:14,064 : ('Begin Scoring',)
2018-05-11 08:11:14,065 : ({'train_top1': 0.7891189805170935, 'train_top3': 0.9101825756647469},)
2018-05-11 08:11:29,331 : ({'val_top1': 0.38027366020524517, 'val_top3': 0.5900798175598632},)
2018-05-11 08:11:29,335 : ('Done Scoring',)
2018-05-11 08:11:29,338 : ('-----Iter 9, Training bn-----',)
2018-05-11 08:11:40,151 : ('30 iter, 0.11371155495650043 epoch, cls loss: 0.4770258824030558, attn loss: -1.012600064277649 ',)
2018-05-11 08:11:50,684 : ('60 iter, 0.23134419801494915 epoch, cls loss: 0.41590320666631064, attn loss: -1.012600064277649 ',)
2018-05-11 08:12:01,270 : ('90 iter, 0.3489768410733979 epoch, cls loss: 0.40738844871520996, attn loss: -1.012600064277649 ',)
2018-05-11 08:12:11,835 : ('120 iter, 0.4666094841318466 epoch, cls loss: 0.4620717366536458, attn loss: -1.012600064277649 ',)
2018-05-11 08:12:22,390 : ('150 iter, 0.5842421271902953 epoch, cls loss: 0.3736044764518738, attn loss: -1.012600064277649 ',)
2018-05-11 08:12:32,924 : ('180 iter, 0.701874770248744 epoch, cls loss: 0.40189394950866697, attn loss: -1.012600064277649 ',)
2018-05-11 08:12:43,491 : ('210 iter, 0.8195074133071928 epoch, cls loss: 0.3875905235608419, attn loss: -1.012600064277649 ',)
2018-05-11 08:12:54,037 : ('240 iter, 0.9371400563656415 epoch, cls loss: 0.31744223833084106, attn loss: -1.012600064277649 ',)
2018-05-11 08:12:59,354 : ('Begin Scoring',)
2018-05-11 08:12:59,354 : ({'train_top1': 0.665849773312094, 'train_top3': 0.848793040068619},)
2018-05-11 08:13:15,016 : ({'val_top1': 0.3734321550741163, 'val_top3': 0.5849486887115165},)
2018-05-11 08:13:15,017 : ('Done Scoring',)
2018-05-11 08:13:15,019 : ('-----Iter 10, Training attn_weights-----',)
2018-05-11 08:13:31,203 : ('30 iter, 0.11371155495650043 epoch, cls loss: -0.17276660998662313, attn loss: -1.0413642207781473 ',)
2018-05-11 08:13:47,122 : ('60 iter, 0.23134419801494915 epoch, cls loss: -0.37413479487101237, attn loss: -1.1013204018274942 ',)
2018-05-11 08:14:03,040 : ('90 iter, 0.3489768410733979 epoch, cls loss: -0.500225055217743, attn loss: -1.1623612244923909 ',)
2018-05-11 08:14:18,966 : ('120 iter, 0.4666094841318466 epoch, cls loss: -0.48897211949030556, attn loss: -1.22547261317571 ',)
2018-05-11 08:14:34,895 : ('150 iter, 0.5842421271902953 epoch, cls loss: -0.6212270776430766, attn loss: -1.2909681042035421 ',)
2018-05-11 08:14:50,842 : ('180 iter, 0.701874770248744 epoch, cls loss: -0.730016020933787, attn loss: -1.359046713511149 ',)
2018-05-11 08:15:06,755 : ('210 iter, 0.8195074133071928 epoch, cls loss: -0.7545509576797486, attn loss: -1.4297756552696228 ',)
2018-05-11 08:15:22,671 : ('240 iter, 0.9371400563656415 epoch, cls loss: -0.8473053117593129, attn loss: -1.5038328131039937 ',)
2018-05-11 08:15:30,705 : ('Begin Scoring',)
2018-05-11 08:15:30,705 : ({'train_top1': 0.8177919372625904, 'train_top3': 0.9261119960789119},)
2018-05-11 08:15:45,885 : ({'val_top1': 0.3882554161915621, 'val_top3': 0.5974914481185861},)
2018-05-11 08:15:45,887 : ('Done Scoring',)
2018-05-11 08:15:45,891 : ('-----Iter 11, Training attn_weights-----',)
2018-05-11 08:16:02,011 : ('30 iter, 0.11371155495650043 epoch, cls loss: -1.1970408538977304, attn loss: -1.6227884729703268 ',)
2018-05-11 08:16:17,928 : ('60 iter, 0.23134419801494915 epoch, cls loss: -1.3486002365748087, attn loss: -1.7014515360196432 ',)
2018-05-11 08:16:33,839 : ('90 iter, 0.3489768410733979 epoch, cls loss: -1.46039320230484, attn loss: -1.7833032846450805 ',)
2018-05-11 08:16:49,742 : ('120 iter, 0.4666094841318466 epoch, cls loss: -1.5042641162872314, attn loss: -1.868766458829244 ',)
2018-05-11 08:17:05,651 : ('150 iter, 0.5842421271902953 epoch, cls loss: -1.5375303069750468, attn loss: -1.9580249786376953 ',)
2018-05-11 08:17:21,558 : ('180 iter, 0.701874770248744 epoch, cls loss: -1.619089138507843, attn loss: -2.050931938489278 ',)
2018-05-11 08:17:37,467 : ('210 iter, 0.8195074133071928 epoch, cls loss: -1.78843461672465, attn loss: -2.1476812680562336 ',)
2018-05-11 08:17:53,382 : ('240 iter, 0.9371400563656415 epoch, cls loss: -1.8232305685679118, attn loss: -2.248265035947164 ',)
2018-05-11 08:18:01,413 : ('Begin Scoring',)
2018-05-11 08:18:01,413 : ({'train_top1': 0.9046685455213822, 'train_top3': 0.9687538291875996},)
2018-05-11 08:18:16,716 : ({'val_top1': 0.3620296465222349, 'val_top3': 0.5763968072976055},)
2018-05-11 08:18:16,717 : ('Done Scoring',)
2018-05-11 08:18:16,719 : ('All phases Done',)
2018-05-11 08:18:16,719 : ('Saving model',)
