2018-05-11 15:21:16,322 : ('Logging File @ logs/2018_05_11_15:21:16.322101_ffaaabaaabaa_resnet50_l2_out.log',)
2018-05-11 15:21:16,322 : ('Config:',)
2018-05-11 15:21:16,322 : ({'use_attn': True, 'attn_loss': 'l2', 'attn_shape': 'out', 'base_net': 'resnet50', 'train_phase': 'ffaaabaaabaa'},)
2018-05-11 15:21:16,322 : ('Initialize Network ...',)
2018-05-11 15:21:20,573 : ('Total number of attention parameters', 26560)
2018-05-11 15:21:20,573 : ('Begin Training',)
2018-05-11 15:21:20,574 : ('-----Iter 0, Training fc-----',)
2018-05-11 15:21:29,267 : ('30 iter, 0.11371155495650043 epoch, cls loss: 8.128798659642538, attn loss: 0.0 ',)
2018-05-11 15:21:37,025 : ('60 iter, 0.23134419801494915 epoch, cls loss: 5.938632488250732, attn loss: 0.0 ',)
2018-05-11 15:21:44,798 : ('90 iter, 0.3489768410733979 epoch, cls loss: 5.055834499994914, attn loss: 0.0 ',)
2018-05-11 15:21:52,564 : ('120 iter, 0.4666094841318466 epoch, cls loss: 4.401379545529683, attn loss: 0.0 ',)
2018-05-11 15:22:00,368 : ('150 iter, 0.5842421271902953 epoch, cls loss: 4.0815431594848635, attn loss: 0.0 ',)
2018-05-11 15:22:08,212 : ('180 iter, 0.701874770248744 epoch, cls loss: 3.6840698877970377, attn loss: 0.0 ',)
2018-05-11 15:22:16,657 : ('210 iter, 0.8195074133071928 epoch, cls loss: 3.7177688598632814, attn loss: 0.0 ',)
2018-05-11 15:22:24,628 : ('240 iter, 0.9371400563656415 epoch, cls loss: 3.6301885843276978, attn loss: 0.0 ',)
2018-05-11 15:22:28,564 : ('Begin Scoring',)
2018-05-11 15:22:28,564 : ({'train_top1': 0.16272515623085407, 'train_top3': 0.3055998039455949},)
2018-05-11 15:22:55,363 : ({'val_top1': 0.2702394526795895, 'val_top3': 0.467502850627138},)
2018-05-11 15:22:55,364 : ('Done Scoring',)
2018-05-11 15:22:55,367 : ('-----Iter 1, Training fc-----',)
2018-05-11 15:23:03,463 : ('30 iter, 0.11371155495650043 epoch, cls loss: 3.3923875729242963, attn loss: 0.0 ',)
2018-05-11 15:23:11,609 : ('60 iter, 0.23134419801494915 epoch, cls loss: 3.09393417040507, attn loss: 0.0 ',)
2018-05-11 15:23:19,511 : ('90 iter, 0.3489768410733979 epoch, cls loss: 2.875125606854757, attn loss: 0.0 ',)
2018-05-11 15:23:27,649 : ('120 iter, 0.4666094841318466 epoch, cls loss: 2.8651365359624226, attn loss: 0.0 ',)
2018-05-11 15:23:35,540 : ('150 iter, 0.5842421271902953 epoch, cls loss: 2.6749954342842104, attn loss: 0.0 ',)
2018-05-11 15:23:43,373 : ('180 iter, 0.701874770248744 epoch, cls loss: 2.764818322658539, attn loss: 0.0 ',)
2018-05-11 15:23:51,220 : ('210 iter, 0.8195074133071928 epoch, cls loss: 2.7433708826700847, attn loss: 0.0 ',)
2018-05-11 15:23:59,072 : ('240 iter, 0.9371400563656415 epoch, cls loss: 2.8191224972407025, attn loss: 0.0 ',)
2018-05-11 15:24:03,022 : ('Begin Scoring',)
2018-05-11 15:24:03,022 : ({'train_top1': 0.3256953804680799, 'train_top3': 0.5228525915941674},)
2018-05-11 15:24:29,910 : ({'val_top1': 0.3169897377423033, 'val_top3': 0.5142531356898518},)
2018-05-11 15:24:29,912 : ('Done Scoring',)
2018-05-11 15:24:29,915 : ('-----Iter 2, Training attn_weights-----',)
2018-05-11 15:24:53,828 : ('30 iter, 0.11371155495650043 epoch, cls loss: 2.267885454495748, attn loss: -0.0013069383670275176 ',)
2018-05-11 15:25:17,498 : ('60 iter, 0.23134419801494915 epoch, cls loss: 2.048734736442566, attn loss: -0.005324855051003397 ',)
2018-05-11 15:25:41,301 : ('90 iter, 0.3489768410733979 epoch, cls loss: 2.1570489207903543, attn loss: -0.012692668195813894 ',)
2018-05-11 15:26:05,422 : ('120 iter, 0.4666094841318466 epoch, cls loss: 2.077046485741933, attn loss: -0.025254099071025847 ',)
2018-05-11 15:26:29,532 : ('150 iter, 0.5842421271902953 epoch, cls loss: 1.9805629928906758, attn loss: -0.044458081697424254 ',)
2018-05-11 15:26:53,625 : ('180 iter, 0.701874770248744 epoch, cls loss: 2.072867747147878, attn loss: -0.07098420759042104 ',)
2018-05-11 15:27:17,540 : ('210 iter, 0.8195074133071928 epoch, cls loss: 1.8500468452771506, attn loss: -0.10562300980091095 ',)
2018-05-11 15:27:41,244 : ('240 iter, 0.9371400563656415 epoch, cls loss: 1.8822509249051411, attn loss: -0.14954705089330672 ',)
2018-05-11 15:27:53,171 : ('Begin Scoring',)
2018-05-11 15:27:53,171 : ({'train_top1': 0.45521382183555936, 'train_top3': 0.6647469672834212},)
2018-05-11 15:28:20,112 : ({'val_top1': 0.3734321550741163, 'val_top3': 0.572976054732041},)
2018-05-11 15:28:20,115 : ('Done Scoring',)
2018-05-11 15:28:20,119 : ('-----Iter 3, Training attn_weights-----',)
2018-05-11 15:28:44,090 : ('30 iter, 0.11371155495650043 epoch, cls loss: 1.7389069517453513, attn loss: -0.2265651047229767 ',)
2018-05-11 15:29:07,797 : ('60 iter, 0.23134419801494915 epoch, cls loss: 1.6042249083518982, attn loss: -0.27058167854944865 ',)
2018-05-11 15:29:31,514 : ('90 iter, 0.3489768410733979 epoch, cls loss: 1.6466726422309876, attn loss: -0.32114633321762087 ',)
2018-05-11 15:29:55,251 : ('120 iter, 0.4666094841318466 epoch, cls loss: 1.6173948009808858, attn loss: -0.37886582712332406 ',)
2018-05-11 15:30:18,968 : ('150 iter, 0.5842421271902953 epoch, cls loss: 1.451962121327718, attn loss: -0.4445135325193405 ',)
2018-05-11 15:30:42,690 : ('180 iter, 0.701874770248744 epoch, cls loss: 1.3804607272148133, attn loss: -0.5191778202851614 ',)
2018-05-11 15:31:06,416 : ('210 iter, 0.8195074133071928 epoch, cls loss: 1.4015437265237172, attn loss: -0.6044612228870392 ',)
2018-05-11 15:31:30,129 : ('240 iter, 0.9371400563656415 epoch, cls loss: 1.1042033950487773, attn loss: -0.7023976862430572 ',)
2018-05-11 15:31:42,061 : ('Begin Scoring',)
2018-05-11 15:31:42,061 : ({'train_top1': 0.4920965567945105, 'train_top3': 0.7017522362455582},)
2018-05-11 15:32:09,113 : ({'val_top1': 0.37628278221208666, 'val_top3': 0.5912200684150513},)
2018-05-11 15:32:09,114 : ('Done Scoring',)
2018-05-11 15:32:09,117 : ('-----Iter 4, Training attn_weights-----',)
2018-05-11 15:32:33,104 : ('30 iter, 0.11371155495650043 epoch, cls loss: 0.9556002000967662, attn loss: -0.8644680937131246 ',)
2018-05-11 15:32:56,818 : ('60 iter, 0.23134419801494915 epoch, cls loss: 0.9330336769421895, attn loss: -0.9688660681247712 ',)
2018-05-11 15:33:20,526 : ('90 iter, 0.3489768410733979 epoch, cls loss: 0.7686943928400676, attn loss: -1.0835099538167319 ',)
2018-05-11 15:33:44,345 : ('120 iter, 0.4666094841318466 epoch, cls loss: 0.5657612363497416, attn loss: -1.2101418733596803 ',)
2018-05-11 15:34:08,154 : ('150 iter, 0.5842421271902953 epoch, cls loss: 0.45029798746109007, attn loss: -1.3498023390769958 ',)
2018-05-11 15:34:32,918 : ('180 iter, 0.701874770248744 epoch, cls loss: 0.37005846897761024, attn loss: -1.503222612539927 ',)
2018-05-11 15:34:58,473 : ('210 iter, 0.8195074133071928 epoch, cls loss: 0.17860869566599527, attn loss: -1.6723816871643067 ',)
2018-05-11 15:35:22,298 : ('240 iter, 0.9371400563656415 epoch, cls loss: -0.16676548719406128, attn loss: -1.8559541861216227 ',)
2018-05-11 15:35:34,290 : ('Begin Scoring',)
2018-05-11 15:35:34,291 : ({'train_top1': 0.5175836294571744, 'train_top3': 0.7265041048891068},)
2018-05-11 15:36:01,479 : ({'val_top1': 0.3916761687571266, 'val_top3': 0.6009122006841505},)
2018-05-11 15:36:01,480 : ('Done Scoring',)
2018-05-11 15:36:01,484 : ('-----Iter 5, Training bn-----',)
2018-05-11 15:36:19,350 : ('30 iter, 0.11371155495650043 epoch, cls loss: 0.8603912512461345, attn loss: -2.067354440689087 ',)
2018-05-11 15:36:37,016 : ('60 iter, 0.23134419801494915 epoch, cls loss: 0.535545269648234, attn loss: -2.067354440689087 ',)
2018-05-11 15:36:54,620 : ('90 iter, 0.3489768410733979 epoch, cls loss: 0.47346871296564735, attn loss: -2.067354440689087 ',)
2018-05-11 15:37:12,243 : ('120 iter, 0.4666094841318466 epoch, cls loss: 0.3111778457959493, attn loss: -2.067354440689087 ',)
2018-05-11 15:37:29,867 : ('150 iter, 0.5842421271902953 epoch, cls loss: 0.3257336457570394, attn loss: -2.067354440689087 ',)
2018-05-11 15:37:48,423 : ('180 iter, 0.701874770248744 epoch, cls loss: 0.2532523155212402, attn loss: -2.067354440689087 ',)
2018-05-11 15:38:06,053 : ('210 iter, 0.8195074133071928 epoch, cls loss: 0.15309424797693888, attn loss: -2.067354440689087 ',)
2018-05-11 15:38:23,698 : ('240 iter, 0.9371400563656415 epoch, cls loss: 0.2723795970280965, attn loss: -2.067354440689087 ',)
2018-05-11 15:38:32,567 : ('Begin Scoring',)
2018-05-11 15:38:32,568 : ({'train_top1': 0.4010537924273986, 'train_top3': 0.5988236735694155},)
2018-05-11 15:39:00,641 : ({'val_top1': 0.3848346636259977, 'val_top3': 0.5923603192702395},)
2018-05-11 15:39:00,642 : ('Done Scoring',)
2018-05-11 15:39:00,644 : ('-----Iter 6, Training attn_weights-----',)
2018-05-11 15:39:24,800 : ('30 iter, 0.11371155495650043 epoch, cls loss: -0.35651947259902955, attn loss: -2.1599106788635254 ',)
2018-05-11 15:39:48,663 : ('60 iter, 0.23134419801494915 epoch, cls loss: -0.5782182415326437, attn loss: -2.3598012924194336 ',)
2018-05-11 15:40:12,528 : ('90 iter, 0.3489768410733979 epoch, cls loss: -0.7524220466613769, attn loss: -2.5743295669555666 ',)
2018-05-11 15:40:36,394 : ('120 iter, 0.4666094841318466 epoch, cls loss: -1.0975877165794372, attn loss: -2.8051575422286987 ',)
2018-05-11 15:41:00,268 : ('150 iter, 0.5842421271902953 epoch, cls loss: -1.2804355541865031, attn loss: -3.055379311243693 ',)
2018-05-11 15:41:24,124 : ('180 iter, 0.701874770248744 epoch, cls loss: -1.607990070184072, attn loss: -3.3265401840209963 ',)
2018-05-11 15:41:47,956 : ('210 iter, 0.8195074133071928 epoch, cls loss: -1.9168081879615784, attn loss: -3.6191542943318686 ',)
2018-05-11 15:42:11,841 : ('240 iter, 0.9371400563656415 epoch, cls loss: -2.2564449946085614, attn loss: -3.9336047649383543 ',)
2018-05-11 15:42:23,834 : ('Begin Scoring',)
2018-05-11 15:42:23,835 : ({'train_top1': 0.5368214679573582, 'train_top3': 0.7446391373606176},)
2018-05-11 15:42:51,069 : ({'val_top1': 0.40193842645381983, 'val_top3': 0.6083238312428735},)
2018-05-11 15:42:51,070 : ('Done Scoring',)
2018-05-11 15:42:51,072 : ('-----Iter 7, Training attn_weights-----',)
2018-05-11 15:43:15,204 : ('30 iter, 0.11371155495650043 epoch, cls loss: -2.6964473009109495, attn loss: -4.44145557085673 ',)
2018-05-11 15:43:39,093 : ('60 iter, 0.23134419801494915 epoch, cls loss: -3.070590877532959, attn loss: -4.767455101013184 ',)
2018-05-11 15:44:03,846 : ('90 iter, 0.3489768410733979 epoch, cls loss: -3.482578229904175, attn loss: -5.116791820526123 ',)
2018-05-11 15:44:27,755 : ('120 iter, 0.4666094841318466 epoch, cls loss: -3.8921660741170245, attn loss: -5.487585067749023 ',)
2018-05-11 15:44:51,605 : ('150 iter, 0.5842421271902953 epoch, cls loss: -4.241427103678386, attn loss: -5.881141153971354 ',)
2018-05-11 15:45:15,657 : ('180 iter, 0.701874770248744 epoch, cls loss: -4.699118359883626, attn loss: -6.29916623433431 ',)
2018-05-11 15:45:39,652 : ('210 iter, 0.8195074133071928 epoch, cls loss: -5.128557093938192, attn loss: -6.743744421005249 ',)
2018-05-11 15:46:03,401 : ('240 iter, 0.9371400563656415 epoch, cls loss: -5.544807449976603, attn loss: -7.215346813201904 ',)
2018-05-11 15:46:15,583 : ('Begin Scoring',)
2018-05-11 15:46:15,584 : ({'train_top1': 0.5574071804925866, 'train_top3': 0.7632643058448719},)
2018-05-11 15:46:42,692 : ({'val_top1': 0.40592930444697833, 'val_top3': 0.6083238312428735},)
2018-05-11 15:46:42,695 : ('Done Scoring',)
2018-05-11 15:46:42,700 : ('-----Iter 8, Training attn_weights-----',)
2018-05-11 15:47:07,119 : ('30 iter, 0.11371155495650043 epoch, cls loss: -6.397922643025717, attn loss: -7.969840129216512 ',)
2018-05-11 15:47:30,837 : ('60 iter, 0.23134419801494915 epoch, cls loss: -6.9635707378387455, attn loss: -8.456140613555908 ',)
2018-05-11 15:47:54,583 : ('90 iter, 0.3489768410733979 epoch, cls loss: -7.404344511032105, attn loss: -8.970070203145346 ',)
2018-05-11 15:48:18,328 : ('120 iter, 0.4666094841318466 epoch, cls loss: -7.810487985610962, attn loss: -9.506393909454346 ',)
2018-05-11 15:48:42,055 : ('150 iter, 0.5842421271902953 epoch, cls loss: -8.495871321360271, attn loss: -10.06918093363444 ',)
2018-05-11 15:49:05,787 : ('180 iter, 0.701874770248744 epoch, cls loss: -9.00037824312846, attn loss: -10.659441884358724 ',)
2018-05-11 15:49:29,517 : ('210 iter, 0.8195074133071928 epoch, cls loss: -9.645078818003336, attn loss: -11.279037698109944 ',)
2018-05-11 15:49:53,249 : ('240 iter, 0.9371400563656415 epoch, cls loss: -10.189658864339192, attn loss: -11.93106393814087 ',)
2018-05-11 15:50:05,187 : ('Begin Scoring',)
2018-05-11 15:50:05,187 : ({'train_top1': 0.5679451047665727, 'train_top3': 0.7679205979659356},)
2018-05-11 15:50:32,229 : ({'val_top1': 0.4007981755986317, 'val_top3': 0.6060433295324972},)
2018-05-11 15:50:32,230 : ('Done Scoring',)
2018-05-11 15:50:32,233 : ('-----Iter 9, Training bn-----',)
2018-05-11 15:50:50,043 : ('30 iter, 0.11371155495650043 epoch, cls loss: -10.782219823201498, attn loss: -12.649160385131836 ',)
2018-05-11 15:51:07,555 : ('60 iter, 0.23134419801494915 epoch, cls loss: -10.55940974553426, attn loss: -12.649160385131836 ',)
2018-05-11 15:51:25,062 : ('90 iter, 0.3489768410733979 epoch, cls loss: -10.688802337646484, attn loss: -12.649160385131836 ',)
