2018-05-11 21:41:20,255 : ('Logging File @ logs/2018_05_11_21:41:20.255008_faaa_resnet50_l2_full.log',)
2018-05-11 21:41:20,255 : ('Config:',)
2018-05-11 21:41:20,255 : ({'use_attn': True, 'attn_loss': 'l2', 'attn_shape': 'full', 'base_net': 'resnet50', 'train_phase': 'faaa'},)
2018-05-11 21:41:20,255 : ('Initialize Network ...',)
2018-05-11 21:41:24,571 : ('Total number of attention parameters', 13385920)
2018-05-11 21:41:24,571 : ('Begin Training',)
2018-05-11 21:41:24,572 : ('-----Iter 0, Training fc-----',)
2018-05-11 21:41:33,331 : ('30 iter, 0.11371155495650043 epoch, cls loss: 8.182232538859049, attn loss: 0.0 ',)
2018-05-11 21:41:41,182 : ('60 iter, 0.23134419801494915 epoch, cls loss: 5.783694275220236, attn loss: 0.0 ',)
2018-05-11 21:41:49,049 : ('90 iter, 0.3489768410733979 epoch, cls loss: 4.7664569536844885, attn loss: 0.0 ',)
2018-05-11 21:41:56,943 : ('120 iter, 0.4666094841318466 epoch, cls loss: 4.292859252293905, attn loss: 0.0 ',)
2018-05-11 21:42:04,832 : ('150 iter, 0.5842421271902953 epoch, cls loss: 4.016592899958293, attn loss: 0.0 ',)
2018-05-11 21:42:12,729 : ('180 iter, 0.701874770248744 epoch, cls loss: 3.8021957079569497, attn loss: 0.0 ',)
2018-05-11 21:42:20,642 : ('210 iter, 0.8195074133071928 epoch, cls loss: 3.698466436068217, attn loss: 0.0 ',)
2018-05-11 21:42:28,553 : ('240 iter, 0.9371400563656415 epoch, cls loss: 3.6138108015060424, attn loss: 0.0 ',)
2018-05-11 21:42:32,546 : ('Begin Scoring',)
2018-05-11 21:42:32,546 : ({'train_top1': 0.1648082342850141, 'train_top3': 0.31062369807621615},)
2018-05-11 21:42:59,263 : ({'val_top1': 0.2651083238312429, 'val_top3': 0.4526795895096921},)
2018-05-11 21:42:59,265 : ('Done Scoring',)
2018-05-11 21:42:59,267 : ('-----Iter 1, Training attn_weights-----',)
2018-05-11 21:43:23,765 : ('30 iter, 0.11371155495650043 epoch, cls loss: 2.9167415936787924, attn loss: -0.0009236827712205317 ',)
2018-05-11 21:43:48,012 : ('60 iter, 0.23134419801494915 epoch, cls loss: 2.6951658209164937, attn loss: -0.0029201218237479526 ',)
2018-05-11 21:44:12,277 : ('90 iter, 0.3489768410733979 epoch, cls loss: 2.610614864031474, attn loss: -0.0067013710892448826 ',)
2018-05-11 21:44:36,560 : ('120 iter, 0.4666094841318466 epoch, cls loss: 2.602880915006002, attn loss: -0.013990338301906984 ',)
2018-05-11 21:45:00,858 : ('150 iter, 0.5842421271902953 epoch, cls loss: 2.5076648155848185, attn loss: -0.026453820616006853 ',)
2018-05-11 21:45:25,156 : ('180 iter, 0.701874770248744 epoch, cls loss: 2.449831422170003, attn loss: -0.04517415724694729 ',)
2018-05-11 21:45:49,455 : ('210 iter, 0.8195074133071928 epoch, cls loss: 2.4824701229731243, attn loss: -0.07120545282959938 ',)
2018-05-11 21:46:13,794 : ('240 iter, 0.9371400563656415 epoch, cls loss: 2.390819561481476, attn loss: -0.10547502040863037 ',)
2018-05-11 21:46:26,052 : ('Begin Scoring',)
2018-05-11 21:46:26,053 : ({'train_top1': 0.364661193481191, 'train_top3': 0.5701507168239186},)
2018-05-11 21:46:53,069 : ({'val_top1': 0.37856328392246297, 'val_top3': 0.580387685290764},)
2018-05-11 21:46:53,073 : ('Done Scoring',)
2018-05-11 21:46:53,077 : ('-----Iter 2, Training attn_weights-----',)
2018-05-11 21:47:17,596 : ('30 iter, 0.11371155495650043 epoch, cls loss: 2.0088186939557393, attn loss: -0.16545059829950332 ',)
2018-05-11 21:47:41,925 : ('60 iter, 0.23134419801494915 epoch, cls loss: 1.897891362508138, attn loss: -0.19868252625068028 ',)
2018-05-11 21:48:06,263 : ('90 iter, 0.3489768410733979 epoch, cls loss: 1.7586998065312704, attn loss: -0.23708866238594056 ',)
2018-05-11 21:48:30,613 : ('120 iter, 0.4666094841318466 epoch, cls loss: 1.6967264095942178, attn loss: -0.28157419761021935 ',)
2018-05-11 21:48:54,959 : ('150 iter, 0.5842421271902953 epoch, cls loss: 1.6797055363655091, attn loss: -0.3330422321955363 ',)
2018-05-11 21:49:19,303 : ('180 iter, 0.701874770248744 epoch, cls loss: 1.624611779054006, attn loss: -0.3921983440717061 ',)
2018-05-11 21:49:43,623 : ('210 iter, 0.8195074133071928 epoch, cls loss: 1.5095322191715241, attn loss: -0.4598045418659846 ',)
2018-05-11 21:50:07,980 : ('240 iter, 0.9371400563656415 epoch, cls loss: 1.4243317107359568, attn loss: -0.5366681714852651 ',)
2018-05-11 21:50:20,251 : ('Begin Scoring',)
2018-05-11 21:50:20,252 : ({'train_top1': 0.482048768533268, 'train_top3': 0.6857002818282073},)
2018-05-11 21:50:47,316 : ({'val_top1': 0.38597491448118587, 'val_top3': 0.612884834663626},)
2018-05-11 21:50:47,318 : ('Done Scoring',)
2018-05-11 21:50:47,321 : ('-----Iter 3, Training attn_weights-----',)
2018-05-11 21:51:11,916 : ('30 iter, 0.11371155495650043 epoch, cls loss: 0.8867984056472779, attn loss: -0.6638068556785583 ',)
2018-05-11 21:51:36,275 : ('60 iter, 0.23134419801494915 epoch, cls loss: 0.8102961401144664, attn loss: -0.7419994195302327 ',)
2018-05-11 21:52:00,661 : ('90 iter, 0.3489768410733979 epoch, cls loss: 0.7717218438784281, attn loss: -0.827328234910965 ',)
2018-05-11 21:52:25,037 : ('120 iter, 0.4666094841318466 epoch, cls loss: 0.7525867303212483, attn loss: -0.9205049455165863 ',)
2018-05-11 21:52:49,402 : ('150 iter, 0.5842421271902953 epoch, cls loss: 0.4711864252885183, attn loss: -1.0226926962534586 ',)
2018-05-11 21:53:13,775 : ('180 iter, 0.701874770248744 epoch, cls loss: 0.3354320009549459, attn loss: -1.1339287559191387 ',)
2018-05-11 21:53:38,120 : ('210 iter, 0.8195074133071928 epoch, cls loss: 0.23882066408793132, attn loss: -1.2550466179847717 ',)
2018-05-11 21:54:02,470 : ('240 iter, 0.9371400563656415 epoch, cls loss: 0.19628373384475709, attn loss: -1.38669456243515 ',)
2018-05-11 21:54:14,742 : ('Begin Scoring',)
2018-05-11 21:54:14,742 : ({'train_top1': 0.58975615733366, 'train_top3': 0.7809092023036392},)
2018-05-11 21:54:41,702 : ({'val_top1': 0.40820980615735464, 'val_top3': 0.620866590649943},)
2018-05-11 21:54:41,706 : ('Done Scoring',)
2018-05-11 21:54:41,708 : ('All phases Done',)
2018-05-11 21:54:41,708 : ('Saving model',)
