2018-05-11 05:24:46,084 : ('Logging File @ logs/2018_05_11_05:24:46.084074_ffaaabaaabaa_resnet101_l2_full.log',)
2018-05-11 05:24:46,084 : ('Config:',)
2018-05-11 05:24:46,084 : ({'use_attn': True, 'attn_loss': 'l2', 'attn_shape': 'full', 'base_net': 'resnet101', 'train_phase': 'ffaaabaaabaa'},)
2018-05-11 05:24:46,084 : ('Initialize Network ...',)
2018-05-11 05:24:52,240 : ('Total number of attention parameters', 23412928)
2018-05-11 05:24:52,240 : ('Begin Training',)
2018-05-11 05:24:52,241 : ('-----Iter 0, Training fc-----',)
2018-05-11 05:25:06,204 : ('30 iter, 0.11371155495650043 epoch, cls loss: 8.47708346048991, attn loss: 0.0 ',)
2018-05-11 05:25:19,076 : ('60 iter, 0.23134419801494915 epoch, cls loss: 5.904109891255697, attn loss: 0.0 ',)
2018-05-11 05:25:31,983 : ('90 iter, 0.3489768410733979 epoch, cls loss: 4.928182895978292, attn loss: 0.0 ',)
2018-05-11 05:25:44,930 : ('120 iter, 0.4666094841318466 epoch, cls loss: 4.406770539283753, attn loss: 0.0 ',)
2018-05-11 05:25:57,932 : ('150 iter, 0.5842421271902953 epoch, cls loss: 4.015950489044189, attn loss: 0.0 ',)
2018-05-11 05:26:10,920 : ('180 iter, 0.701874770248744 epoch, cls loss: 3.7240772167841594, attn loss: 0.0 ',)
2018-05-11 05:26:23,884 : ('210 iter, 0.8195074133071928 epoch, cls loss: 3.572748597462972, attn loss: 0.0 ',)
2018-05-11 05:26:36,835 : ('240 iter, 0.9371400563656415 epoch, cls loss: 3.4048630237579345, attn loss: 0.0 ',)
2018-05-11 05:26:43,367 : ('Begin Scoring',)
2018-05-11 05:26:43,367 : ({'train_top1': 0.16493076828819997, 'train_top3': 0.31197157211126086},)
2018-05-11 05:27:25,587 : ({'val_top1': 0.2725199543899658, 'val_top3': 0.4600912200684151},)
2018-05-11 05:27:25,587 : ('Done Scoring',)
2018-05-11 05:27:25,591 : ('-----Iter 1, Training fc-----',)
2018-05-11 05:27:38,802 : ('30 iter, 0.11371155495650043 epoch, cls loss: 3.3454943100611367, attn loss: 0.0 ',)
2018-05-11 05:27:51,777 : ('60 iter, 0.23134419801494915 epoch, cls loss: 2.9324139833450316, attn loss: 0.0 ',)
2018-05-11 05:28:04,741 : ('90 iter, 0.3489768410733979 epoch, cls loss: 2.8561300595601398, attn loss: 0.0 ',)
2018-05-11 05:28:17,729 : ('120 iter, 0.4666094841318466 epoch, cls loss: 2.809295884768168, attn loss: 0.0 ',)
2018-05-11 05:28:30,710 : ('150 iter, 0.5842421271902953 epoch, cls loss: 2.6788700262705487, attn loss: 0.0 ',)
2018-05-11 05:28:43,697 : ('180 iter, 0.701874770248744 epoch, cls loss: 2.8018168369928995, attn loss: 0.0 ',)
2018-05-11 05:28:56,679 : ('210 iter, 0.8195074133071928 epoch, cls loss: 2.6889270027478536, attn loss: 0.0 ',)
2018-05-11 05:29:09,645 : ('240 iter, 0.9371400563656415 epoch, cls loss: 2.699081023534139, attn loss: 0.0 ',)
2018-05-11 05:29:16,187 : ('Begin Scoring',)
2018-05-11 05:29:16,187 : ({'train_top1': 0.33402769268472, 'train_top3': 0.5389045460115182},)
2018-05-11 05:29:58,397 : ({'val_top1': 0.3312428734321551, 'val_top3': 0.5347776510832383},)
2018-05-11 05:29:58,398 : ('Done Scoring',)
2018-05-11 05:29:58,402 : ('-----Iter 2, Training attn_weights-----',)
2018-05-11 05:30:39,494 : ('30 iter, 0.11371155495650043 epoch, cls loss: 2.186862762769063, attn loss: -0.0017269981598171094 ',)
2018-05-11 05:31:20,232 : ('60 iter, 0.23134419801494915 epoch, cls loss: 2.0328683217366534, attn loss: -0.006458040218179425 ',)
2018-05-11 05:32:00,882 : ('90 iter, 0.3489768410733979 epoch, cls loss: 1.9242838621139526, attn loss: -0.01795461665218075 ',)
2018-05-11 05:32:41,532 : ('120 iter, 0.4666094841318466 epoch, cls loss: 1.8758352677027383, attn loss: -0.043764296484490234 ',)
2018-05-11 05:33:22,269 : ('150 iter, 0.5842421271902953 epoch, cls loss: 1.8808887441953024, attn loss: -0.09169582898418109 ',)
2018-05-11 05:34:02,990 : ('180 iter, 0.701874770248744 epoch, cls loss: 1.7923114140828451, attn loss: -0.16738953044017155 ',)
2018-05-11 05:34:43,569 : ('210 iter, 0.8195074133071928 epoch, cls loss: 1.5934536655743916, attn loss: -0.2753067726890246 ',)
2018-05-11 05:35:24,133 : ('240 iter, 0.9371400563656415 epoch, cls loss: 1.3925542016824086, attn loss: -0.41809042096138 ',)
2018-05-11 05:35:44,599 : ('Begin Scoring',)
2018-05-11 05:35:44,599 : ({'train_top1': 0.48241637054282566, 'train_top3': 0.7026099742678593},)
2018-05-11 05:36:26,646 : ({'val_top1': 0.4070695553021665, 'val_top3': 0.6259977194982896},)
2018-05-11 05:36:26,647 : ('Done Scoring',)
2018-05-11 05:36:26,651 : ('-----Iter 3, Training attn_weights-----',)
2018-05-11 05:37:07,501 : ('30 iter, 0.11371155495650043 epoch, cls loss: 0.6669236103693644, attn loss: -0.6632628460725148 ',)
2018-05-11 05:37:48,077 : ('60 iter, 0.23134419801494915 epoch, cls loss: 0.5822640895843506, attn loss: -0.7928848723570506 ',)
2018-05-11 05:38:28,617 : ('90 iter, 0.3489768410733979 epoch, cls loss: 0.4872486611207326, attn loss: -0.9423269053300222 ',)
2018-05-11 05:39:09,152 : ('120 iter, 0.4666094841318466 epoch, cls loss: 0.2759922166665395, attn loss: -1.1149698138236999 ',)
2018-05-11 05:39:49,702 : ('150 iter, 0.5842421271902953 epoch, cls loss: 0.14416194558143616, attn loss: -1.3134406288464864 ',)
2018-05-11 05:40:30,246 : ('180 iter, 0.701874770248744 epoch, cls loss: -0.23265671928723652, attn loss: -1.5399550517400107 ',)
2018-05-11 05:41:10,788 : ('210 iter, 0.8195074133071928 epoch, cls loss: -0.4828136722246806, attn loss: -1.796921145915985 ',)
2018-05-11 05:41:51,333 : ('240 iter, 0.9371400563656415 epoch, cls loss: -0.7781966725985209, attn loss: -2.087217919031779 ',)
2018-05-11 05:42:11,789 : ('Begin Scoring',)
2018-05-11 05:42:11,789 : ({'train_top1': 0.6210023281460605, 'train_top3': 0.8160764612179879},)
2018-05-11 05:42:53,772 : ({'val_top1': 0.43500570125427596, 'val_top3': 0.6522234891676169},)
2018-05-11 05:42:53,776 : ('Done Scoring',)
2018-05-11 05:42:53,782 : ('-----Iter 4, Training attn_weights-----',)
2018-05-11 05:43:34,603 : ('30 iter, 0.11371155495650043 epoch, cls loss: -1.7152384082476297, attn loss: -2.5621107975641886 ',)
2018-05-11 05:44:15,156 : ('60 iter, 0.23134419801494915 epoch, cls loss: -1.9621200124422709, attn loss: -2.8524051268895465 ',)
2018-05-11 05:44:55,706 : ('90 iter, 0.3489768410733979 epoch, cls loss: -2.310195767879486, attn loss: -3.1681846141815186 ',)
2018-05-11 05:45:36,254 : ('120 iter, 0.4666094841318466 epoch, cls loss: -2.7178605874379476, attn loss: -3.5127123673756917 ',)
2018-05-11 05:46:16,804 : ('150 iter, 0.5842421271902953 epoch, cls loss: -3.044526227315267, attn loss: -3.888020467758179 ',)
2018-05-11 05:46:57,338 : ('180 iter, 0.701874770248744 epoch, cls loss: -3.4076038122177126, attn loss: -4.2962762673695885 ',)
2018-05-11 05:47:37,891 : ('210 iter, 0.8195074133071928 epoch, cls loss: -3.833113408088684, attn loss: -4.739357169469198 ',)
2018-05-11 05:48:18,440 : ('240 iter, 0.9371400563656415 epoch, cls loss: -4.3823654810587565, attn loss: -5.218357070287069 ',)
2018-05-11 05:48:38,896 : ('Begin Scoring',)
2018-05-11 05:48:38,896 : ({'train_top1': 0.7578728097046931, 'train_top3': 0.9034432054895234},)
2018-05-11 05:49:20,975 : ({'val_top1': 0.4452679589509692, 'val_top3': 0.6499429874572406},)
2018-05-11 05:49:20,977 : ('Done Scoring',)
2018-05-11 05:49:20,982 : ('-----Iter 5, Training bn-----',)
2018-05-11 05:49:50,126 : ('30 iter, 0.11371155495650043 epoch, cls loss: -3.7507059892018635, attn loss: -5.760283946990967 ',)
2018-05-11 05:50:18,954 : ('60 iter, 0.23134419801494915 epoch, cls loss: -4.0941091219584145, attn loss: -5.760283946990967 ',)
2018-05-11 05:50:47,788 : ('90 iter, 0.3489768410733979 epoch, cls loss: -4.135920890172323, attn loss: -5.760283946990967 ',)
2018-05-11 05:51:16,629 : ('120 iter, 0.4666094841318466 epoch, cls loss: -4.242200016975403, attn loss: -5.760283946990967 ',)
2018-05-11 05:51:45,482 : ('150 iter, 0.5842421271902953 epoch, cls loss: -4.326861437161764, attn loss: -5.760283946990967 ',)
2018-05-11 05:52:14,335 : ('180 iter, 0.701874770248744 epoch, cls loss: -4.301451547940572, attn loss: -5.760283946990967 ',)
2018-05-11 05:52:43,205 : ('210 iter, 0.8195074133071928 epoch, cls loss: -4.301388096809387, attn loss: -5.760283946990967 ',)
2018-05-11 05:53:12,063 : ('240 iter, 0.9371400563656415 epoch, cls loss: -4.348822863896688, attn loss: -5.760283946990967 ',)
2018-05-11 05:53:26,605 : ('Begin Scoring',)
2018-05-11 05:53:26,605 : ({'train_top1': 0.6002940816076461, 'train_top3': 0.7962259527018748},)
2018-05-11 05:54:09,554 : ({'val_top1': 0.43557582668187, 'val_top3': 0.6516533637400228},)
2018-05-11 05:54:09,557 : ('Done Scoring',)
2018-05-11 05:54:09,561 : ('-----Iter 6, Training attn_weights-----',)
2018-05-11 05:54:50,382 : ('30 iter, 0.11371155495650043 epoch, cls loss: -5.1746752738952635, attn loss: -5.9796796321868895 ',)
2018-05-11 05:55:30,919 : ('60 iter, 0.23134419801494915 epoch, cls loss: -5.790898609161377, attn loss: -6.446759827931722 ',)
2018-05-11 05:56:11,485 : ('90 iter, 0.3489768410733979 epoch, cls loss: -6.250973176956177, attn loss: -6.940919176737467 ',)
2018-05-11 05:56:52,035 : ('120 iter, 0.4666094841318466 epoch, cls loss: -6.747995122273763, attn loss: -7.465830596288045 ',)
2018-05-11 05:57:32,592 : ('150 iter, 0.5842421271902953 epoch, cls loss: -7.340903107325236, attn loss: -8.024518998463948 ',)
2018-05-11 05:58:13,138 : ('180 iter, 0.701874770248744 epoch, cls loss: -7.879030036926269, attn loss: -8.618265342712402 ',)
2018-05-11 05:58:53,685 : ('210 iter, 0.8195074133071928 epoch, cls loss: -8.655640888214112, attn loss: -9.248704592386881 ',)
2018-05-11 05:59:34,260 : ('240 iter, 0.9371400563656415 epoch, cls loss: -9.228437487284342, attn loss: -9.917737166086832 ',)
2018-05-11 05:59:54,720 : ('Begin Scoring',)
2018-05-11 05:59:54,721 : ({'train_top1': 0.8030878568802843, 'train_top3': 0.9311358902095331},)
2018-05-11 06:00:36,875 : ({'val_top1': 0.4526795895096921, 'val_top3': 0.6493728620296465},)
2018-05-11 06:00:36,879 : ('Done Scoring',)
2018-05-11 06:00:36,885 : ('-----Iter 7, Training attn_weights-----',)
2018-05-11 06:01:17,690 : ('30 iter, 0.11371155495650043 epoch, cls loss: -10.640637683868409, attn loss: -10.984974924723307 ',)
2018-05-11 06:01:58,290 : ('60 iter, 0.23134419801494915 epoch, cls loss: -11.400105985005696, attn loss: -11.673772939046223 ',)
2018-05-11 06:02:38,883 : ('90 iter, 0.3489768410733979 epoch, cls loss: -12.093650658925375, attn loss: -12.397136370340982 ',)
2018-05-11 06:03:19,466 : ('120 iter, 0.4666094841318466 epoch, cls loss: -12.914217440287272, attn loss: -13.1586163520813 ',)
2018-05-11 06:04:00,037 : ('150 iter, 0.5842421271902953 epoch, cls loss: -13.631513532002767, attn loss: -13.960102462768555 ',)
2018-05-11 06:04:40,591 : ('180 iter, 0.701874770248744 epoch, cls loss: -14.414587624867757, attn loss: -14.801388518015544 ',)
2018-05-11 06:05:21,132 : ('210 iter, 0.8195074133071928 epoch, cls loss: -15.33357957204183, attn loss: -15.68450050354004 ',)
2018-05-11 06:06:01,687 : ('240 iter, 0.9371400563656415 epoch, cls loss: -16.278255558013917, attn loss: -16.610700670878092 ',)
2018-05-11 06:06:22,140 : ('Begin Scoring',)
2018-05-11 06:06:22,140 : ({'train_top1': 0.9090797696360741, 'train_top3': 0.9790466854552138},)
2018-05-11 06:07:04,208 : ({'val_top1': 0.44982896237172176, 'val_top3': 0.6539338654503991},)
2018-05-11 06:07:04,209 : ('Done Scoring',)
2018-05-11 06:07:04,215 : ('-----Iter 8, Training attn_weights-----',)
2018-05-11 06:07:45,030 : ('30 iter, 0.11371155495650043 epoch, cls loss: -17.923070335388182, attn loss: -18.07773380279541 ',)
2018-05-11 06:08:25,615 : ('60 iter, 0.23134419801494915 epoch, cls loss: -18.86445706685384, attn loss: -19.02872314453125 ',)
2018-05-11 06:09:06,176 : ('90 iter, 0.3489768410733979 epoch, cls loss: -19.864640108744304, attn loss: -20.020855712890626 ',)
2018-05-11 06:09:46,748 : ('120 iter, 0.4666094841318466 epoch, cls loss: -20.88216075897217, attn loss: -21.05587927500407 ',)
2018-05-11 06:10:27,301 : ('150 iter, 0.5842421271902953 epoch, cls loss: -22.016368039449056, attn loss: -22.135447947184243 ',)
2018-05-11 06:11:07,849 : ('180 iter, 0.701874770248744 epoch, cls loss: -23.105519676208495, attn loss: -23.263271713256835 ',)
2018-05-11 06:11:48,428 : ('210 iter, 0.8195074133071928 epoch, cls loss: -24.24187692006429, attn loss: -24.43834228515625 ',)
2018-05-11 06:12:28,987 : ('240 iter, 0.9371400563656415 epoch, cls loss: -25.476765441894532, attn loss: -25.661265818277993 ',)
2018-05-11 06:12:49,436 : ('Begin Scoring',)
2018-05-11 06:12:49,436 : ({'train_top1': 0.9533145447861782, 'train_top3': 0.9939958338438917},)
2018-05-11 06:13:31,424 : ({'val_top1': 0.44412770809578106, 'val_top3': 0.6493728620296465},)
2018-05-11 06:13:31,427 : ('Done Scoring',)
2018-05-11 06:13:31,433 : ('-----Iter 9, Training bn-----',)
2018-05-11 06:14:00,503 : ('30 iter, 0.11371155495650043 epoch, cls loss: -26.14771359761556, attn loss: -26.996337890625 ',)
2018-05-11 06:14:29,356 : ('60 iter, 0.23134419801494915 epoch, cls loss: -26.16958694458008, attn loss: -26.996337890625 ',)
2018-05-11 06:14:58,202 : ('90 iter, 0.3489768410733979 epoch, cls loss: -26.27385400136312, attn loss: -26.996337890625 ',)
2018-05-11 06:15:27,044 : ('120 iter, 0.4666094841318466 epoch, cls loss: -26.203760147094727, attn loss: -26.996337890625 ',)
2018-05-11 06:15:55,897 : ('150 iter, 0.5842421271902953 epoch, cls loss: -26.165718650817873, attn loss: -26.996337890625 ',)
2018-05-11 06:16:24,751 : ('180 iter, 0.701874770248744 epoch, cls loss: -26.217992464701336, attn loss: -26.996337890625 ',)
2018-05-11 06:16:53,616 : ('210 iter, 0.8195074133071928 epoch, cls loss: -26.21457379659017, attn loss: -26.996337890625 ',)
2018-05-11 06:17:22,467 : ('240 iter, 0.9371400563656415 epoch, cls loss: -26.19636624654134, attn loss: -26.996337890625 ',)
2018-05-11 06:17:37,012 : ('Begin Scoring',)
2018-05-11 06:17:37,012 : ({'train_top1': 0.8410733978679084, 'train_top3': 0.9501286607033452},)
2018-05-11 06:18:19,761 : ({'val_top1': 0.46864310148232613, 'val_top3': 0.6624857468643102},)
2018-05-11 06:18:19,765 : ('Done Scoring',)
2018-05-11 06:18:19,771 : ('-----Iter 10, Training attn_weights-----',)
2018-05-11 06:19:00,629 : ('30 iter, 0.11371155495650043 epoch, cls loss: -27.324041875203452, attn loss: -27.583470662434895 ',)
2018-05-11 06:19:41,179 : ('60 iter, 0.23134419801494915 epoch, cls loss: -28.67052001953125, attn loss: -28.81944154103597 ',)
2018-05-11 06:20:21,731 : ('90 iter, 0.3489768410733979 epoch, cls loss: -29.91242961883545, attn loss: -30.096256446838378 ',)
2018-05-11 06:21:02,286 : ('120 iter, 0.4666094841318466 epoch, cls loss: -31.239673360188803, attn loss: -31.417059834798177 ',)
2018-05-11 06:21:42,833 : ('150 iter, 0.5842421271902953 epoch, cls loss: -32.654061762491864, attn loss: -32.78686790466308 ',)
2018-05-11 06:22:23,406 : ('180 iter, 0.701874770248744 epoch, cls loss: -34.08664525349935, attn loss: -34.21104736328125 ',)
2018-05-11 06:23:03,984 : ('210 iter, 0.8195074133071928 epoch, cls loss: -35.53716621398926, attn loss: -35.68949686686198 ',)
2018-05-11 06:23:44,541 : ('240 iter, 0.9371400563656415 epoch, cls loss: -37.023795954386394, attn loss: -37.22244364420573 ',)
2018-05-11 06:24:04,997 : ('Begin Scoring',)
2018-05-11 06:24:04,998 : ({'train_top1': 0.9547849528244088, 'train_top3': 0.9944859698566352},)
2018-05-11 06:24:47,108 : ({'val_top1': 0.45153933865450396, 'val_top3': 0.6436716077537058},)
2018-05-11 06:24:47,111 : ('Done Scoring',)
2018-05-11 06:24:47,117 : ('-----Iter 11, Training attn_weights-----',)
2018-05-11 06:25:27,952 : ('30 iter, 0.11371155495650043 epoch, cls loss: -39.506469090779625, attn loss: -39.612372080485024 ',)
2018-05-11 06:26:08,510 : ('60 iter, 0.23134419801494915 epoch, cls loss: -41.08562126159668, attn loss: -41.15441424051921 ',)
2018-05-11 06:26:49,078 : ('90 iter, 0.3489768410733979 epoch, cls loss: -42.697214635213214, attn loss: -42.7606861114502 ',)
2018-05-11 06:27:29,639 : ('120 iter, 0.4666094841318466 epoch, cls loss: -44.35572776794434, attn loss: -44.432884979248044 ',)
2018-05-11 06:28:10,209 : ('150 iter, 0.5842421271902953 epoch, cls loss: -46.09635543823242, attn loss: -46.164590199788414 ',)
2018-05-11 06:28:50,791 : ('180 iter, 0.701874770248744 epoch, cls loss: -47.861385854085285, attn loss: -47.95615374247233 ',)
2018-05-11 06:29:31,357 : ('210 iter, 0.8195074133071928 epoch, cls loss: -49.735966237386066, attn loss: -49.8098871866862 ',)
2018-05-11 06:30:11,919 : ('240 iter, 0.9371400563656415 epoch, cls loss: -51.625142161051436, attn loss: -51.726141993204756 ',)
2018-05-11 06:30:32,389 : ('Begin Scoring',)
2018-05-11 06:30:32,390 : ({'train_top1': 0.9785565494424703, 'train_top3': 0.9985295919617694},)
