2018-05-11 21:28:19,593 : ('Logging File @ logs/2018_05_11_21:28:19.593281_faaa_resnet50_l2_full.log',)
2018-05-11 21:28:19,593 : ('Config:',)
2018-05-11 21:28:19,593 : ({'use_attn': True, 'attn_loss': 'l2', 'attn_shape': 'full', 'base_net': 'resnet50', 'train_phase': 'faaa'},)
2018-05-11 21:28:19,593 : ('Initialize Network ...',)
2018-05-11 21:28:23,919 : ('Total number of attention parameters', 13385920)
2018-05-11 21:28:23,920 : ('Begin Training',)
2018-05-11 21:28:23,920 : ('-----Iter 0, Training fc-----',)
2018-05-11 21:28:32,672 : ('30 iter, 0.11371155495650043 epoch, cls loss: 8.252063624064128, attn loss: 0.0 ',)
2018-05-11 21:28:40,516 : ('60 iter, 0.23134419801494915 epoch, cls loss: 5.839509995778402, attn loss: 0.0 ',)
2018-05-11 21:28:48,387 : ('90 iter, 0.3489768410733979 epoch, cls loss: 5.002084485689799, attn loss: 0.0 ',)
2018-05-11 21:28:56,258 : ('120 iter, 0.4666094841318466 epoch, cls loss: 4.464859461784362, attn loss: 0.0 ',)
2018-05-11 21:29:04,128 : ('150 iter, 0.5842421271902953 epoch, cls loss: 4.1223246892293295, attn loss: 0.0 ',)
2018-05-11 21:29:12,036 : ('180 iter, 0.701874770248744 epoch, cls loss: 3.8858394463857016, attn loss: 0.0 ',)
2018-05-11 21:29:19,930 : ('210 iter, 0.8195074133071928 epoch, cls loss: 3.576941386858622, attn loss: 0.0 ',)
2018-05-11 21:29:27,847 : ('240 iter, 0.9371400563656415 epoch, cls loss: 3.7742143551508587, attn loss: 0.0 ',)
2018-05-11 21:29:31,836 : ('Begin Scoring',)
2018-05-11 21:29:31,836 : ({'train_top1': 0.15953927214802108, 'train_top3': 0.30547726994240904},)
2018-05-11 21:29:58,537 : ({'val_top1': 0.2594070695553022, 'val_top3': 0.44241733181299886},)
2018-05-11 21:29:58,538 : ('Done Scoring',)
2018-05-11 21:29:58,540 : ('-----Iter 1, Training attn_weights-----',)
2018-05-11 21:30:22,927 : ('30 iter, 0.11371155495650043 epoch, cls loss: 2.8721097707748413, attn loss: -0.0009247196270735003 ',)
2018-05-11 21:30:47,126 : ('60 iter, 0.23134419801494915 epoch, cls loss: 2.7351085265477497, attn loss: -0.0029226469923742115 ',)
2018-05-11 21:31:11,369 : ('90 iter, 0.3489768410733979 epoch, cls loss: 2.690834895769755, attn loss: -0.0067688573927929 ',)
2018-05-11 21:31:35,621 : ('120 iter, 0.4666094841318466 epoch, cls loss: 2.6346030751864116, attn loss: -0.014273322466760874 ',)
2018-05-11 21:31:59,867 : ('150 iter, 0.5842421271902953 epoch, cls loss: 2.6315422813097635, attn loss: -0.02698966587583224 ',)
2018-05-11 21:32:24,156 : ('180 iter, 0.701874770248744 epoch, cls loss: 2.441010328133901, attn loss: -0.04603962289790312 ',)
2018-05-11 21:32:48,441 : ('210 iter, 0.8195074133071928 epoch, cls loss: 2.38831041653951, attn loss: -0.07254369842509428 ',)
2018-05-11 21:33:12,749 : ('240 iter, 0.9371400563656415 epoch, cls loss: 2.340471084912618, attn loss: -0.10742484182119369 ',)
2018-05-11 21:33:25,013 : ('Begin Scoring',)
2018-05-11 21:33:25,013 : ({'train_top1': 0.3618429114079157, 'train_top3': 0.5616958706040927},)
