2018-05-11 07:43:16,727 : ('Logging File @ logs/2018_05_11_07:43:16.726337_ffffffffff_resnet34_None_None.log',)
2018-05-11 07:43:16,727 : ('Config:',)
2018-05-11 07:43:16,727 : ({'use_attn': False, 'attn_loss': None, 'attn_shape': None, 'base_net': 'resnet34', 'train_phase': 'ffffffffff'},)
2018-05-11 07:43:16,727 : ('Initialize Network ...',)
2018-05-11 07:43:20,278 : ('Total number of attention parameters', 0)
2018-05-11 07:43:20,278 : ('Begin Training',)
2018-05-11 07:43:20,279 : ('-----Iter 0, Training fc-----',)
2018-05-11 07:43:27,461 : ('30 iter, 0.11371155495650043 epoch, cls loss: 8.980773433049519, attn loss: 0.0 ',)
2018-05-11 07:43:32,054 : ('60 iter, 0.23134419801494915 epoch, cls loss: 6.70839573542277, attn loss: 0.0 ',)
2018-05-11 07:43:36,653 : ('90 iter, 0.3489768410733979 epoch, cls loss: 5.781472444534302, attn loss: 0.0 ',)
2018-05-11 07:43:41,255 : ('120 iter, 0.4666094841318466 epoch, cls loss: 5.3326603730519615, attn loss: 0.0 ',)
2018-05-11 07:43:45,859 : ('150 iter, 0.5842421271902953 epoch, cls loss: 4.873601961135864, attn loss: 0.0 ',)
2018-05-11 07:43:50,468 : ('180 iter, 0.701874770248744 epoch, cls loss: 4.502164649963379, attn loss: 0.0 ',)
2018-05-11 07:43:55,091 : ('210 iter, 0.8195074133071928 epoch, cls loss: 4.452625401814779, attn loss: 0.0 ',)
2018-05-11 07:43:59,709 : ('240 iter, 0.9371400563656415 epoch, cls loss: 4.1942951838175455, attn loss: 0.0 ',)
2018-05-11 07:44:02,040 : ('Begin Scoring',)
2018-05-11 07:44:02,040 : ({'train_top1': 0.09925254258056611, 'train_top3': 0.21627251562308542},)
2018-05-11 07:44:17,113 : ({'val_top1': 0.1887115165336374, 'val_top3': 0.35119726339794755},)
2018-05-11 07:44:17,114 : ('Done Scoring',)
2018-05-11 07:44:17,116 : ('-----Iter 1, Training fc-----',)
2018-05-11 07:44:21,970 : ('30 iter, 0.11371155495650043 epoch, cls loss: 3.90801629225413, attn loss: 0.0 ',)
2018-05-11 07:44:26,618 : ('60 iter, 0.23134419801494915 epoch, cls loss: 3.6617996454238892, attn loss: 0.0 ',)
2018-05-11 07:44:31,269 : ('90 iter, 0.3489768410733979 epoch, cls loss: 3.553907338778178, attn loss: 0.0 ',)
2018-05-11 07:44:35,930 : ('120 iter, 0.4666094841318466 epoch, cls loss: 3.4630108435948688, attn loss: 0.0 ',)
2018-05-11 07:44:40,586 : ('150 iter, 0.5842421271902953 epoch, cls loss: 3.350475064913432, attn loss: 0.0 ',)
2018-05-11 07:44:45,252 : ('180 iter, 0.701874770248744 epoch, cls loss: 3.131557885805766, attn loss: 0.0 ',)
2018-05-11 07:44:49,928 : ('210 iter, 0.8195074133071928 epoch, cls loss: 3.1170554876327516, attn loss: 0.0 ',)
2018-05-11 07:44:54,608 : ('240 iter, 0.9371400563656415 epoch, cls loss: 3.1086817105611164, attn loss: 0.0 ',)
2018-05-11 07:44:56,967 : ('Begin Scoring',)
2018-05-11 07:44:56,967 : ({'train_top1': 0.2548707266266389, 'train_top3': 0.43707878936404854},)
2018-05-11 07:45:12,081 : ({'val_top1': 0.26795895096921324, 'val_top3': 0.45381984036488027},)
2018-05-11 07:45:12,082 : ('Done Scoring',)
2018-05-11 07:45:12,084 : ('-----Iter 2, Training fc-----',)
2018-05-11 07:45:16,965 : ('30 iter, 0.11371155495650043 epoch, cls loss: 2.87224467198054, attn loss: 0.0 ',)
2018-05-11 07:45:21,646 : ('60 iter, 0.23134419801494915 epoch, cls loss: 2.883986568450928, attn loss: 0.0 ',)
2018-05-11 07:45:26,327 : ('90 iter, 0.3489768410733979 epoch, cls loss: 2.8683430035909017, attn loss: 0.0 ',)
2018-05-11 07:45:31,014 : ('120 iter, 0.4666094841318466 epoch, cls loss: 2.7088523944218954, attn loss: 0.0 ',)
2018-05-11 07:45:35,697 : ('150 iter, 0.5842421271902953 epoch, cls loss: 2.6560348749160765, attn loss: 0.0 ',)
2018-05-11 07:45:40,387 : ('180 iter, 0.701874770248744 epoch, cls loss: 2.6899720589319864, attn loss: 0.0 ',)
2018-05-11 07:45:45,075 : ('210 iter, 0.8195074133071928 epoch, cls loss: 2.624576421578725, attn loss: 0.0 ',)
2018-05-11 07:45:49,765 : ('240 iter, 0.9371400563656415 epoch, cls loss: 2.507780941327413, attn loss: 0.0 ',)
2018-05-11 07:45:52,127 : ('Begin Scoring',)
2018-05-11 07:45:52,127 : ({'train_top1': 0.3374586447739248, 'train_top3': 0.5419678960911652},)
2018-05-11 07:46:07,280 : ({'val_top1': 0.3090079817559863, 'val_top3': 0.5119726339794755},)
2018-05-11 07:46:07,283 : ('Done Scoring',)
2018-05-11 07:46:07,285 : ('-----Iter 3, Training fc-----',)
2018-05-11 07:46:12,174 : ('30 iter, 0.11371155495650043 epoch, cls loss: 2.546795578797658, attn loss: 0.0 ',)
2018-05-11 07:46:16,872 : ('60 iter, 0.23134419801494915 epoch, cls loss: 2.3357278148333234, attn loss: 0.0 ',)
2018-05-11 07:46:21,568 : ('90 iter, 0.3489768410733979 epoch, cls loss: 2.3851647694905598, attn loss: 0.0 ',)
2018-05-11 07:46:26,264 : ('120 iter, 0.4666094841318466 epoch, cls loss: 2.3367247780164084, attn loss: 0.0 ',)
2018-05-11 07:46:30,959 : ('150 iter, 0.5842421271902953 epoch, cls loss: 2.2972066760063172, attn loss: 0.0 ',)
2018-05-11 07:46:35,661 : ('180 iter, 0.701874770248744 epoch, cls loss: 2.409203350543976, attn loss: 0.0 ',)
2018-05-11 07:46:40,358 : ('210 iter, 0.8195074133071928 epoch, cls loss: 2.1868594964345296, attn loss: 0.0 ',)
2018-05-11 07:46:45,052 : ('240 iter, 0.9371400563656415 epoch, cls loss: 2.319697932402293, attn loss: 0.0 ',)
2018-05-11 07:46:47,420 : ('Begin Scoring',)
2018-05-11 07:46:47,420 : ({'train_top1': 0.3950496262712903, 'train_top3': 0.6145080259772087},)
2018-05-11 07:47:02,596 : ({'val_top1': 0.3232611174458381, 'val_top3': 0.5228050171037628},)
2018-05-11 07:47:02,597 : ('Done Scoring',)
2018-05-11 07:47:02,600 : ('-----Iter 4, Training fc-----',)
2018-05-11 07:47:07,540 : ('30 iter, 0.11371155495650043 epoch, cls loss: 2.223719334602356, attn loss: 0.0 ',)
2018-05-11 07:47:12,222 : ('60 iter, 0.23134419801494915 epoch, cls loss: 2.165114931265513, attn loss: 0.0 ',)
2018-05-11 07:47:16,905 : ('90 iter, 0.3489768410733979 epoch, cls loss: 2.102710696061452, attn loss: 0.0 ',)
2018-05-11 07:47:21,593 : ('120 iter, 0.4666094841318466 epoch, cls loss: 2.076236077149709, attn loss: 0.0 ',)
2018-05-11 07:47:26,284 : ('150 iter, 0.5842421271902953 epoch, cls loss: 2.077596040566762, attn loss: 0.0 ',)
2018-05-11 07:47:30,973 : ('180 iter, 0.701874770248744 epoch, cls loss: 2.1357921918233234, attn loss: 0.0 ',)
2018-05-11 07:47:35,659 : ('210 iter, 0.8195074133071928 epoch, cls loss: 2.0927191893259685, attn loss: 0.0 ',)
2018-05-11 07:47:40,348 : ('240 iter, 0.9371400563656415 epoch, cls loss: 2.0264110287030537, attn loss: 0.0 ',)
2018-05-11 07:47:42,708 : ('Begin Scoring',)
2018-05-11 07:47:42,708 : ({'train_top1': 0.43450557529714495, 'train_top3': 0.661683617203774},)
2018-05-11 07:47:57,934 : ({'val_top1': 0.33352337514253133, 'val_top3': 0.5444697833523375},)
2018-05-11 07:47:57,935 : ('Done Scoring',)
2018-05-11 07:47:57,937 : ('-----Iter 5, Training fc-----',)
2018-05-11 07:48:02,847 : ('30 iter, 0.11371155495650043 epoch, cls loss: 2.041065680980682, attn loss: 0.0 ',)
2018-05-11 07:48:07,556 : ('60 iter, 0.23134419801494915 epoch, cls loss: 1.966941519578298, attn loss: 0.0 ',)
2018-05-11 07:48:12,264 : ('90 iter, 0.3489768410733979 epoch, cls loss: 1.8897167404492696, attn loss: 0.0 ',)
2018-05-11 07:48:16,970 : ('120 iter, 0.4666094841318466 epoch, cls loss: 1.8787350932757059, attn loss: 0.0 ',)
2018-05-11 07:48:21,680 : ('150 iter, 0.5842421271902953 epoch, cls loss: 1.878040329615275, attn loss: 0.0 ',)
2018-05-11 07:48:26,390 : ('180 iter, 0.701874770248744 epoch, cls loss: 1.956420930226644, attn loss: 0.0 ',)
2018-05-11 07:48:31,097 : ('210 iter, 0.8195074133071928 epoch, cls loss: 1.9616354386011758, attn loss: 0.0 ',)
2018-05-11 07:48:35,808 : ('240 iter, 0.9371400563656415 epoch, cls loss: 1.9085415681203206, attn loss: 0.0 ',)
2018-05-11 07:48:38,178 : ('Begin Scoring',)
2018-05-11 07:48:38,178 : ({'train_top1': 0.4733488543070702, 'train_top3': 0.7005268962136993},)
2018-05-11 07:48:53,416 : ({'val_top1': 0.35290763968072975, 'val_top3': 0.5547320410490307},)
2018-05-11 07:48:53,419 : ('Done Scoring',)
2018-05-11 07:48:53,421 : ('-----Iter 6, Training fc-----',)
2018-05-11 07:48:58,338 : ('30 iter, 0.11371155495650043 epoch, cls loss: 1.8032487670580546, attn loss: 0.0 ',)
2018-05-11 07:49:03,039 : ('60 iter, 0.23134419801494915 epoch, cls loss: 1.857027002175649, attn loss: 0.0 ',)
2018-05-11 07:49:07,730 : ('90 iter, 0.3489768410733979 epoch, cls loss: 1.7411280632019044, attn loss: 0.0 ',)
2018-05-11 07:49:12,423 : ('120 iter, 0.4666094841318466 epoch, cls loss: 1.753740417957306, attn loss: 0.0 ',)
2018-05-11 07:49:17,120 : ('150 iter, 0.5842421271902953 epoch, cls loss: 1.7874484221140543, attn loss: 0.0 ',)
2018-05-11 07:49:21,815 : ('180 iter, 0.701874770248744 epoch, cls loss: 1.8866979122161864, attn loss: 0.0 ',)
2018-05-11 07:49:26,507 : ('210 iter, 0.8195074133071928 epoch, cls loss: 1.7778213977813722, attn loss: 0.0 ',)
2018-05-11 07:49:31,198 : ('240 iter, 0.9371400563656415 epoch, cls loss: 1.7430298884709676, attn loss: 0.0 ',)
2018-05-11 07:49:33,560 : ('Begin Scoring',)
2018-05-11 07:49:33,560 : ({'train_top1': 0.5003063350079647, 'train_top3': 0.7309153290037985},)
2018-05-11 07:49:48,813 : ({'val_top1': 0.35689851767388825, 'val_top3': 0.5496009122006842},)
2018-05-11 07:49:48,813 : ('Done Scoring',)
2018-05-11 07:49:48,816 : ('-----Iter 7, Training fc-----',)
2018-05-11 07:49:53,778 : ('30 iter, 0.11371155495650043 epoch, cls loss: 1.8254405856132507, attn loss: 0.0 ',)
2018-05-11 07:49:58,474 : ('60 iter, 0.23134419801494915 epoch, cls loss: 1.7065685868263245, attn loss: 0.0 ',)
2018-05-11 07:50:03,169 : ('90 iter, 0.3489768410733979 epoch, cls loss: 1.5242874900499979, attn loss: 0.0 ',)
2018-05-11 07:50:07,864 : ('120 iter, 0.4666094841318466 epoch, cls loss: 1.6149682521820068, attn loss: 0.0 ',)
2018-05-11 07:50:12,557 : ('150 iter, 0.5842421271902953 epoch, cls loss: 1.6594703157742818, attn loss: 0.0 ',)
2018-05-11 07:50:17,248 : ('180 iter, 0.701874770248744 epoch, cls loss: 1.6964165449142456, attn loss: 0.0 ',)
2018-05-11 07:50:21,936 : ('210 iter, 0.8195074133071928 epoch, cls loss: 1.6633599917093913, attn loss: 0.0 ',)
2018-05-11 07:50:26,627 : ('240 iter, 0.9371400563656415 epoch, cls loss: 1.7328802347183228, attn loss: 0.0 ',)
2018-05-11 07:50:28,986 : ('Begin Scoring',)
2018-05-11 07:50:28,987 : ({'train_top1': 0.5348609239063841, 'train_top3': 0.7530939835804435},)
2018-05-11 07:50:44,132 : ({'val_top1': 0.34948688711516535, 'val_top3': 0.5513112884834663},)
2018-05-11 07:50:44,135 : ('Done Scoring',)
2018-05-11 07:50:44,138 : ('-----Iter 8, Training fc-----',)
2018-05-11 07:50:49,017 : ('30 iter, 0.11371155495650043 epoch, cls loss: 1.7129993518193563, attn loss: 0.0 ',)
2018-05-11 07:50:53,707 : ('60 iter, 0.23134419801494915 epoch, cls loss: 1.6238815387090046, attn loss: 0.0 ',)
2018-05-11 07:50:58,404 : ('90 iter, 0.3489768410733979 epoch, cls loss: 1.5166278640429178, attn loss: 0.0 ',)
2018-05-11 07:51:03,097 : ('120 iter, 0.4666094841318466 epoch, cls loss: 1.50074645280838, attn loss: 0.0 ',)
2018-05-11 07:51:07,790 : ('150 iter, 0.5842421271902953 epoch, cls loss: 1.5428678472836812, attn loss: 0.0 ',)
2018-05-11 07:51:12,481 : ('180 iter, 0.701874770248744 epoch, cls loss: 1.6003397464752198, attn loss: 0.0 ',)
2018-05-11 07:51:17,176 : ('210 iter, 0.8195074133071928 epoch, cls loss: 1.5958290537198385, attn loss: 0.0 ',)
2018-05-11 07:51:21,867 : ('240 iter, 0.9371400563656415 epoch, cls loss: 1.5939858118693033, attn loss: 0.0 ',)
2018-05-11 07:51:24,230 : ('Begin Scoring',)
2018-05-11 07:51:24,230 : ({'train_top1': 0.5574071804925866, 'train_top3': 0.7711064820487685},)
2018-05-11 07:51:39,378 : ({'val_top1': 0.3660205245153934, 'val_top3': 0.5587229190421893},)
2018-05-11 07:51:39,379 : ('Done Scoring',)
2018-05-11 07:51:39,381 : ('-----Iter 9, Training fc-----',)
2018-05-11 07:51:44,285 : ('30 iter, 0.11371155495650043 epoch, cls loss: 1.6135499397913615, attn loss: 0.0 ',)
2018-05-11 07:51:48,982 : ('60 iter, 0.23134419801494915 epoch, cls loss: 1.4777499616146088, attn loss: 0.0 ',)
2018-05-11 07:51:53,676 : ('90 iter, 0.3489768410733979 epoch, cls loss: 1.5388462583223979, attn loss: 0.0 ',)
2018-05-11 07:51:58,379 : ('120 iter, 0.4666094841318466 epoch, cls loss: 1.4989904801050822, attn loss: 0.0 ',)
2018-05-11 07:52:03,075 : ('150 iter, 0.5842421271902953 epoch, cls loss: 1.4647204597791037, attn loss: 0.0 ',)
2018-05-11 07:52:07,772 : ('180 iter, 0.701874770248744 epoch, cls loss: 1.5001919388771057, attn loss: 0.0 ',)
2018-05-11 07:52:12,473 : ('210 iter, 0.8195074133071928 epoch, cls loss: 1.4654986302057902, attn loss: 0.0 ',)
2018-05-11 07:52:17,172 : ('240 iter, 0.9371400563656415 epoch, cls loss: 1.448374875386556, attn loss: 0.0 ',)
2018-05-11 07:52:19,533 : ('Begin Scoring',)
2018-05-11 07:52:19,533 : ({'train_top1': 0.5784830290405587, 'train_top3': 0.7947555446636442},)
2018-05-11 07:52:34,670 : ({'val_top1': 0.36316989737742306, 'val_top3': 0.5592930444697833},)
2018-05-11 07:52:34,671 : ('Done Scoring',)
2018-05-11 07:52:34,673 : ('All phases Done',)
2018-05-11 07:52:34,673 : ('Saving model',)
