2018-05-11 18:33:56,615 : ('Logging File @ logs/2018_05_11_18:33:56.614753_faa_resnet50_l1_out.log',)
2018-05-11 18:33:56,615 : ('Config:',)
2018-05-11 18:33:56,615 : ({'use_attn': True, 'attn_loss': 'l1', 'attn_shape': 'out', 'base_net': 'resnet50', 'train_phase': 'faa'},)
2018-05-11 18:33:56,615 : ('Initialize Network ...',)
2018-05-11 18:34:00,999 : ('Total number of attention parameters', 26560)
2018-05-11 18:34:01,000 : ('Begin Training',)
2018-05-11 18:34:01,000 : ('-----Iter 0, Training fc-----',)
2018-05-11 18:34:09,666 : ('30 iter, 0.11371155495650043 epoch, cls loss: 9.348202228546143, attn loss: 1.0 ',)
2018-05-11 18:34:17,414 : ('60 iter, 0.23134419801494915 epoch, cls loss: 6.765879313151042, attn loss: 1.0 ',)
2018-05-11 18:34:25,176 : ('90 iter, 0.3489768410733979 epoch, cls loss: 6.092759879430135, attn loss: 1.0 ',)
2018-05-11 18:34:32,960 : ('120 iter, 0.4666094841318466 epoch, cls loss: 5.325297419230143, attn loss: 1.0 ',)
2018-05-11 18:34:40,738 : ('150 iter, 0.5842421271902953 epoch, cls loss: 4.960375706354777, attn loss: 1.0 ',)
2018-05-11 18:34:48,522 : ('180 iter, 0.701874770248744 epoch, cls loss: 4.775140333175659, attn loss: 1.0 ',)
2018-05-11 18:34:56,310 : ('210 iter, 0.8195074133071928 epoch, cls loss: 4.642066438992818, attn loss: 1.0 ',)
2018-05-11 18:35:04,121 : ('240 iter, 0.9371400563656415 epoch, cls loss: 4.561437861124674, attn loss: 1.0 ',)
2018-05-11 18:35:08,051 : ('Begin Scoring',)
2018-05-11 18:35:08,051 : ({'train_top1': 0.15953927214802108, 'train_top3': 0.29910550177674305},)
2018-05-11 18:35:34,949 : ({'val_top1': 0.2525655644241733, 'val_top3': 0.4361459521094641},)
2018-05-11 18:35:34,952 : ('Done Scoring',)
2018-05-11 18:35:34,955 : ('-----Iter 1, Training attn_weights-----',)
2018-05-11 18:35:58,744 : ('30 iter, 0.11371155495650043 epoch, cls loss: 3.937756562232971, attn loss: 0.9992792427539825 ',)
2018-05-11 18:36:22,225 : ('60 iter, 0.23134419801494915 epoch, cls loss: 3.9777266422907513, attn loss: 0.9977514068285624 ',)
2018-05-11 18:36:45,746 : ('90 iter, 0.3489768410733979 epoch, cls loss: 3.702774238586426, attn loss: 0.9963588416576385 ',)
2018-05-11 18:37:09,282 : ('120 iter, 0.4666094841318466 epoch, cls loss: 3.783884302775065, attn loss: 0.9952195525169373 ',)
2018-05-11 18:37:32,834 : ('150 iter, 0.5842421271902953 epoch, cls loss: 3.742779914538066, attn loss: 0.9939405341943105 ',)
2018-05-11 18:37:56,396 : ('180 iter, 0.701874770248744 epoch, cls loss: 3.7459961652755736, attn loss: 0.9925581971804301 ',)
2018-05-11 18:38:19,953 : ('210 iter, 0.8195074133071928 epoch, cls loss: 3.7406606038411456, attn loss: 0.9913979510466258 ',)
2018-05-11 18:38:43,527 : ('240 iter, 0.9371400563656415 epoch, cls loss: 3.7274738629659017, attn loss: 0.9900562663873037 ',)
2018-05-11 18:38:55,390 : ('Begin Scoring',)
2018-05-11 18:38:55,390 : ({'train_top1': 0.33905158681534125, 'train_top3': 0.5272638157088592},)
