2018-05-11 10:06:09,015 : ('Logging File @ logs/2018_05_11_10:06:09.015206_ffffffffff_resnet50_None_None_layer4_fc.log',)
2018-05-11 10:06:09,015 : ('Config:',)
2018-05-11 10:06:09,015 : ({'use_attn': False, 'attn_loss': None, 'attn_shape': None, 'base_net': 'resnet50', 'train_phase': 'ffffffffff'},)
2018-05-11 10:06:09,015 : ('Initialize Network ...',)
2018-05-11 10:06:11,406 : ('Total number of attention parameters', 0)
2018-05-11 10:06:11,406 : ('Begin Training',)
2018-05-11 10:06:11,407 : ('-----Iter 0, Training fc-----',)
2018-05-11 10:06:19,985 : ('30 iter, 0.11371155495650043 epoch, cls loss: 6.793671623865763, attn loss: 0.0 ',)
2018-05-11 10:06:27,655 : ('60 iter, 0.23134419801494915 epoch, cls loss: 5.418752177556356, attn loss: 0.0 ',)
2018-05-11 10:06:35,324 : ('90 iter, 0.3489768410733979 epoch, cls loss: 4.993928869565328, attn loss: 0.0 ',)
2018-05-11 10:06:42,999 : ('120 iter, 0.4666094841318466 epoch, cls loss: 4.457773097356161, attn loss: 0.0 ',)
2018-05-11 10:06:50,670 : ('150 iter, 0.5842421271902953 epoch, cls loss: 4.119691602389017, attn loss: 0.0 ',)
2018-05-11 10:06:58,347 : ('180 iter, 0.701874770248744 epoch, cls loss: 4.2027012745539345, attn loss: 0.0 ',)
2018-05-11 10:07:06,024 : ('210 iter, 0.8195074133071928 epoch, cls loss: 3.9007214069366456, attn loss: 0.0 ',)
2018-05-11 10:07:13,710 : ('240 iter, 0.9371400563656415 epoch, cls loss: 3.742908771832784, attn loss: 0.0 ',)
2018-05-11 10:07:17,582 : ('Begin Scoring',)
2018-05-11 10:07:17,582 : ({'train_top1': 0.13589020953314546, 'train_top3': 0.2723930890822203},)
2018-05-11 10:07:44,404 : ({'val_top1': 0.23432155074116306, 'val_top3': 0.41562143671607754},)
2018-05-11 10:07:44,407 : ('Done Scoring',)
2018-05-11 10:07:44,410 : ('-----Iter 1, Training fc-----',)
2018-05-11 10:07:52,394 : ('30 iter, 0.11371155495650043 epoch, cls loss: 3.581168301900228, attn loss: 0.0 ',)
2018-05-11 10:08:00,107 : ('60 iter, 0.23134419801494915 epoch, cls loss: 3.418955906232198, attn loss: 0.0 ',)
2018-05-11 10:08:07,802 : ('90 iter, 0.3489768410733979 epoch, cls loss: 3.0608381668726605, attn loss: 0.0 ',)
2018-05-11 10:08:15,485 : ('120 iter, 0.4666094841318466 epoch, cls loss: 2.9623602549235026, attn loss: 0.0 ',)
2018-05-11 10:08:23,165 : ('150 iter, 0.5842421271902953 epoch, cls loss: 2.981985592842102, attn loss: 0.0 ',)
2018-05-11 10:08:30,851 : ('180 iter, 0.701874770248744 epoch, cls loss: 2.934710383415222, attn loss: 0.0 ',)
2018-05-11 10:08:38,536 : ('210 iter, 0.8195074133071928 epoch, cls loss: 2.9529988129933673, attn loss: 0.0 ',)
2018-05-11 10:08:46,223 : ('240 iter, 0.9371400563656415 epoch, cls loss: 2.9812251965204877, attn loss: 0.0 ',)
2018-05-11 10:08:50,081 : ('Begin Scoring',)
2018-05-11 10:08:50,081 : ({'train_top1': 0.2915083935792182, 'train_top3': 0.4818037005268962},)
2018-05-11 10:09:16,697 : ({'val_top1': 0.2970353477765108, 'val_top3': 0.49942987457240595},)
2018-05-11 10:09:16,698 : ('Done Scoring',)
2018-05-11 10:09:16,700 : ('-----Iter 2, Training fc-----',)
2018-05-11 10:09:24,590 : ('30 iter, 0.11371155495650043 epoch, cls loss: 2.932705823580424, attn loss: 0.0 ',)
2018-05-11 10:09:32,279 : ('60 iter, 0.23134419801494915 epoch, cls loss: 2.551198438803355, attn loss: 0.0 ',)
2018-05-11 10:09:39,964 : ('90 iter, 0.3489768410733979 epoch, cls loss: 2.5863357345263163, attn loss: 0.0 ',)
2018-05-11 10:09:47,645 : ('120 iter, 0.4666094841318466 epoch, cls loss: 2.5544551452000936, attn loss: 0.0 ',)
2018-05-11 10:09:55,334 : ('150 iter, 0.5842421271902953 epoch, cls loss: 2.4824887116750083, attn loss: 0.0 ',)
2018-05-11 10:10:03,026 : ('180 iter, 0.701874770248744 epoch, cls loss: 2.3444127360979716, attn loss: 0.0 ',)
2018-05-11 10:10:10,715 : ('210 iter, 0.8195074133071928 epoch, cls loss: 2.47890860637029, attn loss: 0.0 ',)
2018-05-11 10:10:18,407 : ('240 iter, 0.9371400563656415 epoch, cls loss: 2.473092750708262, attn loss: 0.0 ',)
2018-05-11 10:10:22,269 : ('Begin Scoring',)
2018-05-11 10:10:22,270 : ({'train_top1': 0.3722583016787158, 'train_top3': 0.57934076706286},)
2018-05-11 10:10:49,007 : ({'val_top1': 0.3129988597491448, 'val_top3': 0.5256556442417332},)
2018-05-11 10:10:49,008 : ('Done Scoring',)
2018-05-11 10:10:49,010 : ('-----Iter 3, Training fc-----',)
2018-05-11 10:10:56,923 : ('30 iter, 0.11371155495650043 epoch, cls loss: 2.4121726433436077, attn loss: 0.0 ',)
2018-05-11 10:11:04,602 : ('60 iter, 0.23134419801494915 epoch, cls loss: 2.135100551446279, attn loss: 0.0 ',)
2018-05-11 10:11:12,280 : ('90 iter, 0.3489768410733979 epoch, cls loss: 2.151604441801707, attn loss: 0.0 ',)
2018-05-11 10:11:19,961 : ('120 iter, 0.4666094841318466 epoch, cls loss: 2.2661755522092184, attn loss: 0.0 ',)
2018-05-11 10:11:27,640 : ('150 iter, 0.5842421271902953 epoch, cls loss: 2.1446157495180764, attn loss: 0.0 ',)
2018-05-11 10:11:35,320 : ('180 iter, 0.701874770248744 epoch, cls loss: 2.1632821679115297, attn loss: 0.0 ',)
2018-05-11 10:11:43,004 : ('210 iter, 0.8195074133071928 epoch, cls loss: 2.206857856114705, attn loss: 0.0 ',)
2018-05-11 10:11:50,675 : ('240 iter, 0.9371400563656415 epoch, cls loss: 2.3266798814137775, attn loss: 0.0 ',)
2018-05-11 10:11:54,535 : ('Begin Scoring',)
2018-05-11 10:11:54,535 : ({'train_top1': 0.4227423109913001, 'train_top3': 0.6424457787035902},)
2018-05-11 10:12:21,271 : ({'val_top1': 0.28905359179019385, 'val_top3': 0.5188141391106044},)
2018-05-11 10:12:21,272 : ('Done Scoring',)
2018-05-11 10:12:21,286 : ('-----Iter 4, Training fc-----',)
2018-05-11 10:12:29,187 : ('30 iter, 0.11371155495650043 epoch, cls loss: 2.391400953133901, attn loss: 0.0 ',)
2018-05-11 10:12:36,884 : ('60 iter, 0.23134419801494915 epoch, cls loss: 1.9678075869878133, attn loss: 0.0 ',)
2018-05-11 10:12:44,573 : ('90 iter, 0.3489768410733979 epoch, cls loss: 1.8968229333559672, attn loss: 0.0 ',)
2018-05-11 10:12:52,262 : ('120 iter, 0.4666094841318466 epoch, cls loss: 1.897962228457133, attn loss: 0.0 ',)
2018-05-11 10:12:59,956 : ('150 iter, 0.5842421271902953 epoch, cls loss: 2.0140738169352215, attn loss: 0.0 ',)
2018-05-11 10:13:07,650 : ('180 iter, 0.701874770248744 epoch, cls loss: 1.9364532947540283, attn loss: 0.0 ',)
2018-05-11 10:13:15,336 : ('210 iter, 0.8195074133071928 epoch, cls loss: 1.9486494580904643, attn loss: 0.0 ',)
2018-05-11 10:13:23,029 : ('240 iter, 0.9371400563656415 epoch, cls loss: 2.0570873181025187, attn loss: 0.0 ',)
2018-05-11 10:13:26,894 : ('Begin Scoring',)
2018-05-11 10:13:26,894 : ({'train_top1': 0.46624188212228895, 'train_top3': 0.684965077809092},)
2018-05-11 10:13:53,549 : ({'val_top1': 0.34777651083238315, 'val_top3': 0.5381984036488028},)
2018-05-11 10:13:53,552 : ('Done Scoring',)
2018-05-11 10:13:53,554 : ('-----Iter 5, Training fc-----',)
2018-05-11 10:14:01,510 : ('30 iter, 0.11371155495650043 epoch, cls loss: 2.0249898155530293, attn loss: 0.0 ',)
2018-05-11 10:14:09,193 : ('60 iter, 0.23134419801494915 epoch, cls loss: 1.8070959250132244, attn loss: 0.0 ',)
2018-05-11 10:14:16,871 : ('90 iter, 0.3489768410733979 epoch, cls loss: 1.7766306519508361, attn loss: 0.0 ',)
2018-05-11 10:14:24,554 : ('120 iter, 0.4666094841318466 epoch, cls loss: 1.7721859057744345, attn loss: 0.0 ',)
2018-05-11 10:14:32,229 : ('150 iter, 0.5842421271902953 epoch, cls loss: 1.882802911599477, attn loss: 0.0 ',)
2018-05-11 10:14:39,905 : ('180 iter, 0.701874770248744 epoch, cls loss: 1.847181761264801, attn loss: 0.0 ',)
2018-05-11 10:14:47,589 : ('210 iter, 0.8195074133071928 epoch, cls loss: 1.9243276556332907, attn loss: 0.0 ',)
2018-05-11 10:14:55,265 : ('240 iter, 0.9371400563656415 epoch, cls loss: 1.9059289216995239, attn loss: 0.0 ',)
2018-05-11 10:14:59,122 : ('Begin Scoring',)
2018-05-11 10:14:59,122 : ({'train_top1': 0.4955275088837152, 'train_top3': 0.7168239186374219},)
2018-05-11 10:15:25,770 : ({'val_top1': 0.3409350057012543, 'val_top3': 0.5376282782212086},)
2018-05-11 10:15:25,771 : ('Done Scoring',)
2018-05-11 10:15:25,773 : ('-----Iter 6, Training fc-----',)
2018-05-11 10:15:33,721 : ('30 iter, 0.11371155495650043 epoch, cls loss: 2.050469688574473, attn loss: 0.0 ',)
2018-05-11 10:15:41,403 : ('60 iter, 0.23134419801494915 epoch, cls loss: 1.6766154567400615, attn loss: 0.0 ',)
2018-05-11 10:15:49,082 : ('90 iter, 0.3489768410733979 epoch, cls loss: 1.6215702414512634, attn loss: 0.0 ',)
2018-05-11 10:15:56,762 : ('120 iter, 0.4666094841318466 epoch, cls loss: 1.6693032423655192, attn loss: 0.0 ',)
2018-05-11 10:16:04,449 : ('150 iter, 0.5842421271902953 epoch, cls loss: 1.6775356809298196, attn loss: 0.0 ',)
2018-05-11 10:16:12,121 : ('180 iter, 0.701874770248744 epoch, cls loss: 1.6622159043947855, attn loss: 0.0 ',)
2018-05-11 10:16:19,800 : ('210 iter, 0.8195074133071928 epoch, cls loss: 1.7461035052935283, attn loss: 0.0 ',)
2018-05-11 10:16:27,486 : ('240 iter, 0.9371400563656415 epoch, cls loss: 1.7764686942100525, attn loss: 0.0 ',)
2018-05-11 10:16:31,349 : ('Begin Scoring',)
2018-05-11 10:16:31,350 : ({'train_top1': 0.517951231466732, 'train_top3': 0.7397377772331822},)
2018-05-11 10:16:58,143 : ({'val_top1': 0.338654503990878, 'val_top3': 0.5496009122006842},)
2018-05-11 10:16:58,146 : ('Done Scoring',)
2018-05-11 10:16:58,149 : ('-----Iter 7, Training fc-----',)
2018-05-11 10:17:06,100 : ('30 iter, 0.11371155495650043 epoch, cls loss: 1.9224388996760051, attn loss: 0.0 ',)
2018-05-11 10:17:13,781 : ('60 iter, 0.23134419801494915 epoch, cls loss: 1.5157909909884135, attn loss: 0.0 ',)
2018-05-11 10:17:21,460 : ('90 iter, 0.3489768410733979 epoch, cls loss: 1.4637420574824016, attn loss: 0.0 ',)
2018-05-11 10:17:29,152 : ('120 iter, 0.4666094841318466 epoch, cls loss: 1.5024703741073608, attn loss: 0.0 ',)
2018-05-11 10:17:36,831 : ('150 iter, 0.5842421271902953 epoch, cls loss: 1.6481010993321736, attn loss: 0.0 ',)
2018-05-11 10:17:44,507 : ('180 iter, 0.701874770248744 epoch, cls loss: 1.630051322778066, attn loss: 0.0 ',)
2018-05-11 10:17:52,189 : ('210 iter, 0.8195074133071928 epoch, cls loss: 1.5609534780184429, attn loss: 0.0 ',)
2018-05-11 10:17:59,872 : ('240 iter, 0.9371400563656415 epoch, cls loss: 1.7123704075813293, attn loss: 0.0 ',)
2018-05-11 10:18:03,735 : ('Begin Scoring',)
2018-05-11 10:18:03,735 : ({'train_top1': 0.5439284401421395, 'train_top3': 0.7630192378385002},)
2018-05-11 10:18:30,486 : ({'val_top1': 0.35860889395667045, 'val_top3': 0.5553021664766249},)
2018-05-11 10:18:30,489 : ('Done Scoring',)
2018-05-11 10:18:30,492 : ('-----Iter 8, Training fc-----',)
2018-05-11 10:18:38,401 : ('30 iter, 0.11371155495650043 epoch, cls loss: 1.782660170396169, attn loss: 0.0 ',)
2018-05-11 10:18:46,088 : ('60 iter, 0.23134419801494915 epoch, cls loss: 1.5020158886909485, attn loss: 0.0 ',)
2018-05-11 10:18:53,783 : ('90 iter, 0.3489768410733979 epoch, cls loss: 1.3879699647426604, attn loss: 0.0 ',)
2018-05-11 10:19:01,471 : ('120 iter, 0.4666094841318466 epoch, cls loss: 1.5770814836025238, attn loss: 0.0 ',)
2018-05-11 10:19:09,164 : ('150 iter, 0.5842421271902953 epoch, cls loss: 1.4788880983988444, attn loss: 0.0 ',)
2018-05-11 10:19:16,852 : ('180 iter, 0.701874770248744 epoch, cls loss: 1.5098330934842428, attn loss: 0.0 ',)
2018-05-11 10:19:24,547 : ('210 iter, 0.8195074133071928 epoch, cls loss: 1.50733642578125, attn loss: 0.0 ',)
2018-05-11 10:19:32,256 : ('240 iter, 0.9371400563656415 epoch, cls loss: 1.5573853691418966, attn loss: 0.0 ',)
2018-05-11 10:19:36,127 : ('Begin Scoring',)
2018-05-11 10:19:36,127 : ({'train_top1': 0.5650042886901115, 'train_top3': 0.7826246783482417},)
2018-05-11 10:20:02,856 : ({'val_top1': 0.35119726339794755, 'val_top3': 0.5655644241733181},)
2018-05-11 10:20:02,856 : ('Done Scoring',)
2018-05-11 10:20:02,859 : ('-----Iter 9, Training fc-----',)
2018-05-11 10:20:10,845 : ('30 iter, 0.11371155495650043 epoch, cls loss: 1.7133481800556183, attn loss: 0.0 ',)
2018-05-11 10:20:18,561 : ('60 iter, 0.23134419801494915 epoch, cls loss: 1.4453690608342489, attn loss: 0.0 ',)
2018-05-11 10:20:26,280 : ('90 iter, 0.3489768410733979 epoch, cls loss: 1.3937992056210835, attn loss: 0.0 ',)
2018-05-11 10:20:33,998 : ('120 iter, 0.4666094841318466 epoch, cls loss: 1.3656351486841838, attn loss: 0.0 ',)
2018-05-11 10:20:41,717 : ('150 iter, 0.5842421271902953 epoch, cls loss: 1.4202143788337707, attn loss: 0.0 ',)
2018-05-11 10:20:49,436 : ('180 iter, 0.701874770248744 epoch, cls loss: 1.44641685684522, attn loss: 0.0 ',)
2018-05-11 10:20:57,171 : ('210 iter, 0.8195074133071928 epoch, cls loss: 1.4576229929924012, attn loss: 0.0 ',)
2018-05-11 10:21:04,903 : ('240 iter, 0.9371400563656415 epoch, cls loss: 1.5027561684449513, attn loss: 0.0 ',)
2018-05-11 10:21:08,791 : ('Begin Scoring',)
2018-05-11 10:21:08,791 : ({'train_top1': 0.5788506310501164, 'train_top3': 0.7972062247273618},)
2018-05-11 10:21:35,605 : ({'val_top1': 0.35119726339794755, 'val_top3': 0.5507411630558723},)
2018-05-11 10:21:35,607 : ('Done Scoring',)
2018-05-11 10:21:35,609 : ('All phases Done',)
2018-05-11 10:21:35,609 : ('Saving model',)
