2018-05-11 15:51:51,702 : ('Logging File @ logs/2018_05_11_15:51:51.701851_faaaaa_resnet50_l2_out.log',)
2018-05-11 15:51:51,702 : ('Config:',)
2018-05-11 15:51:51,702 : ({'use_attn': True, 'attn_loss': 'l2', 'attn_shape': 'out', 'base_net': 'resnet50', 'train_phase': 'faaaaa'},)
2018-05-11 15:51:51,702 : ('Initialize Network ...',)
2018-05-11 15:51:56,016 : ('Total number of attention parameters', 26560)
2018-05-11 15:51:56,016 : ('Begin Training',)
2018-05-11 15:51:56,017 : ('-----Iter 0, Training fc-----',)
2018-05-11 15:52:04,769 : ('30 iter, 0.11371155495650043 epoch, cls loss: 8.257794189453126, attn loss: 0.0 ',)
2018-05-11 15:52:12,621 : ('60 iter, 0.23134419801494915 epoch, cls loss: 5.745405101776123, attn loss: 0.0 ',)
2018-05-11 15:52:20,480 : ('90 iter, 0.3489768410733979 epoch, cls loss: 5.102583996454874, attn loss: 0.0 ',)
2018-05-11 15:52:28,343 : ('120 iter, 0.4666094841318466 epoch, cls loss: 4.6062251647313435, attn loss: 0.0 ',)
2018-05-11 15:52:36,201 : ('150 iter, 0.5842421271902953 epoch, cls loss: 4.166576266288757, attn loss: 0.0 ',)
2018-05-11 15:52:44,053 : ('180 iter, 0.701874770248744 epoch, cls loss: 3.78919042746226, attn loss: 0.0 ',)
2018-05-11 15:52:51,907 : ('210 iter, 0.8195074133071928 epoch, cls loss: 3.647731407483419, attn loss: 0.0 ',)
2018-05-11 15:52:59,762 : ('240 iter, 0.9371400563656415 epoch, cls loss: 3.6382028102874755, attn loss: 0.0 ',)
2018-05-11 15:53:03,719 : ('Begin Scoring',)
2018-05-11 15:53:03,719 : ({'train_top1': 0.15525058203651512, 'train_top3': 0.2955520156843524},)
2018-05-11 15:53:30,681 : ({'val_top1': 0.2571265678449259, 'val_top3': 0.45381984036488027},)
2018-05-11 15:53:30,684 : ('Done Scoring',)
2018-05-11 15:53:30,686 : ('-----Iter 1, Training attn_weights-----',)
2018-05-11 15:53:54,647 : ('30 iter, 0.11371155495650043 epoch, cls loss: 2.870626695950826, attn loss: -0.0012719804378624152 ',)
2018-05-11 15:54:18,366 : ('60 iter, 0.23134419801494915 epoch, cls loss: 2.7738902727762857, attn loss: -0.005084954326351484 ',)
2018-05-11 15:54:42,077 : ('90 iter, 0.3489768410733979 epoch, cls loss: 2.8305747509002686, attn loss: -0.012627151142805815 ',)
2018-05-11 15:55:05,784 : ('120 iter, 0.4666094841318466 epoch, cls loss: 2.759241803487142, attn loss: -0.025669892815252147 ',)
2018-05-11 15:55:29,548 : ('150 iter, 0.5842421271902953 epoch, cls loss: 2.7568119287490847, attn loss: -0.045724783341089884 ',)
2018-05-11 15:55:53,323 : ('180 iter, 0.701874770248744 epoch, cls loss: 2.7987924575805665, attn loss: -0.07382470158239206 ',)
2018-05-11 15:56:17,043 : ('210 iter, 0.8195074133071928 epoch, cls loss: 2.6591771841049194, attn loss: -0.11068191230297089 ',)
2018-05-11 15:56:40,766 : ('240 iter, 0.9371400563656415 epoch, cls loss: 2.5688934485117594, attn loss: -0.1569820761680603 ',)
2018-05-11 15:56:52,699 : ('Begin Scoring',)
2018-05-11 15:56:52,700 : ({'train_top1': 0.33133194461463056, 'train_top3': 0.5249356696483274},)
2018-05-11 15:57:19,733 : ({'val_top1': 0.30843785632839227, 'val_top3': 0.49486887115165334},)
2018-05-11 15:57:19,736 : ('Done Scoring',)
2018-05-11 15:57:19,740 : ('-----Iter 2, Training attn_weights-----',)
2018-05-11 15:57:43,693 : ('30 iter, 0.11371155495650043 epoch, cls loss: 2.336052481333415, attn loss: -0.23688848117987316 ',)
2018-05-11 15:58:07,413 : ('60 iter, 0.23134419801494915 epoch, cls loss: 2.389953939119975, attn loss: -0.28365938166777294 ',)
2018-05-11 15:58:31,134 : ('90 iter, 0.3489768410733979 epoch, cls loss: 2.409001306692759, attn loss: -0.3382818877696991 ',)
2018-05-11 15:58:54,845 : ('120 iter, 0.4666094841318466 epoch, cls loss: 2.1577234705289206, attn loss: -0.4008961131175359 ',)
2018-05-11 15:59:18,563 : ('150 iter, 0.5842421271902953 epoch, cls loss: 2.0283710241317747, attn loss: -0.4728208472331365 ',)
2018-05-11 15:59:42,279 : ('180 iter, 0.701874770248744 epoch, cls loss: 2.0685572385787965, attn loss: -0.5552312791347503 ',)
