2018-05-10 20:57:44,198 : Retraining Inception-V's FC layer only
2018-05-10 20:57:44,210 : Iteration 1/10
2018-05-10 20:57:55,908 : 30 iter, 0.11371155495650043 epoch, avg loss: 4.327129944165548 
2018-05-10 20:58:06,642 : 60 iter, 0.23134419801494915 epoch, avg loss: 3.833425935109456 
2018-05-10 20:58:17,396 : 90 iter, 0.3489768410733979 epoch, avg loss: 3.584408982594808 
2018-05-10 20:58:28,181 : 120 iter, 0.4666094841318466 epoch, avg loss: 3.420335133870443 
2018-05-10 20:58:38,953 : 150 iter, 0.5842421271902953 epoch, avg loss: 3.284103584289551 
2018-05-10 20:58:49,730 : 180 iter, 0.701874770248744 epoch, avg loss: 3.203934899965922 
2018-05-10 20:59:00,507 : 210 iter, 0.8195074133071928 epoch, avg loss: 3.189991490046183 
2018-05-10 20:59:11,297 : 240 iter, 0.9371400563656415 epoch, avg loss: 3.1408612648646037 
2018-05-10 20:59:16,712 : Begin Scoring
2018-05-10 21:02:17,819 : {'train_top1': 0.35890209533145445, 'train_top3': 0.5681901727729445}
2018-05-10 21:02:57,023 : {'val_top1': 0.30957810718358036, 'val_top3': 0.5051311288483467}
2018-05-10 21:02:57,027 : Done Scoring
2018-05-10 21:02:57,027 : Iteration 2/10
2018-05-10 21:03:08,037 : 30 iter, 0.11371155495650043 epoch, avg loss: 2.6808515548706056 
2018-05-10 21:03:18,803 : 60 iter, 0.23134419801494915 epoch, avg loss: 2.5878589073816936 
2018-05-10 21:03:29,580 : 90 iter, 0.3489768410733979 epoch, avg loss: 2.6083186944325765 
2018-05-10 21:03:40,332 : 120 iter, 0.4666094841318466 epoch, avg loss: 2.5003175457318623 
2018-05-10 21:03:51,078 : 150 iter, 0.5842421271902953 epoch, avg loss: 2.539947986602783 
2018-05-10 21:04:01,811 : 180 iter, 0.701874770248744 epoch, avg loss: 2.449891149997711 
2018-05-10 21:04:12,532 : 210 iter, 0.8195074133071928 epoch, avg loss: 2.4125212907791136 
2018-05-10 21:04:23,264 : 240 iter, 0.9371400563656415 epoch, avg loss: 2.518892061710358 
2018-05-10 21:04:28,656 : Begin Scoring
2018-05-10 21:07:29,805 : {'train_top1': 0.42225217497855655, 'train_top3': 0.6755299595637789}
2018-05-10 21:08:08,947 : {'val_top1': 0.32668187001140253, 'val_top3': 0.5410490307867731}
2018-05-10 21:08:08,951 : Done Scoring
2018-05-10 21:08:08,951 : Iteration 3/10
2018-05-10 21:08:19,942 : 30 iter, 0.11371155495650043 epoch, avg loss: 2.092201793193817 
2018-05-10 21:08:30,651 : 60 iter, 0.23134419801494915 epoch, avg loss: 2.1265821933746336 
2018-05-10 21:08:41,401 : 90 iter, 0.3489768410733979 epoch, avg loss: 2.1647344549496967 
2018-05-10 21:08:52,130 : 120 iter, 0.4666094841318466 epoch, avg loss: 2.1259097695350646 
2018-05-10 21:09:02,881 : 150 iter, 0.5842421271902953 epoch, avg loss: 2.082502845923106 
2018-05-10 21:09:13,638 : 180 iter, 0.701874770248744 epoch, avg loss: 2.171727911631266 
2018-05-10 21:09:24,402 : 210 iter, 0.8195074133071928 epoch, avg loss: 2.0910571416219077 
2018-05-10 21:09:35,173 : 240 iter, 0.9371400563656415 epoch, avg loss: 2.1782061656316123 
2018-05-10 21:09:40,582 : Begin Scoring
2018-05-10 21:12:41,633 : {'train_top1': 0.5155005514030143, 'train_top3': 0.765224849895846}
2018-05-10 21:13:20,693 : {'val_top1': 0.3409350057012543, 'val_top3': 0.5587229190421893}
2018-05-10 21:13:20,697 : Done Scoring
2018-05-10 21:13:20,697 : Iteration 4/10
2018-05-10 21:13:31,667 : 30 iter, 0.11371155495650043 epoch, avg loss: 1.8640250086784362 
2018-05-10 21:13:42,365 : 60 iter, 0.23134419801494915 epoch, avg loss: 1.8268049399058024 
2018-05-10 21:13:53,066 : 90 iter, 0.3489768410733979 epoch, avg loss: 1.8170568029085794 
2018-05-10 21:14:03,767 : 120 iter, 0.4666094841318466 epoch, avg loss: 1.8635819792747497 
2018-05-10 21:14:14,479 : 150 iter, 0.5842421271902953 epoch, avg loss: 1.915320865313212 
2018-05-10 21:14:25,178 : 180 iter, 0.701874770248744 epoch, avg loss: 1.8341837803522745 
2018-05-10 21:14:35,880 : 210 iter, 0.8195074133071928 epoch, avg loss: 1.8542653918266296 
2018-05-10 21:14:46,589 : 240 iter, 0.9371400563656415 epoch, avg loss: 1.8678034742673237 
2018-05-10 21:14:51,971 : Begin Scoring
2018-05-10 21:17:52,552 : {'train_top1': 0.5800759710819753, 'train_top3': 0.8088469550300208}
2018-05-10 21:18:31,578 : {'val_top1': 0.35917901938426455, 'val_top3': 0.564994298745724}
2018-05-10 21:18:31,582 : Done Scoring
2018-05-10 21:18:31,582 : Iteration 5/10
2018-05-10 21:18:42,537 : 30 iter, 0.11371155495650043 epoch, avg loss: 1.6467526038487752 
2018-05-10 21:18:53,235 : 60 iter, 0.23134419801494915 epoch, avg loss: 1.577533201376597 
2018-05-10 21:19:03,936 : 90 iter, 0.3489768410733979 epoch, avg loss: 1.651430642604828 
2018-05-10 21:19:14,641 : 120 iter, 0.4666094841318466 epoch, avg loss: 1.5671374718348186 
2018-05-10 21:19:25,357 : 150 iter, 0.5842421271902953 epoch, avg loss: 1.6696969628334046 
2018-05-10 21:19:36,067 : 180 iter, 0.701874770248744 epoch, avg loss: 1.702098274230957 
2018-05-10 21:19:46,769 : 210 iter, 0.8195074133071928 epoch, avg loss: 1.689005986849467 
2018-05-10 21:19:57,477 : 240 iter, 0.9371400563656415 epoch, avg loss: 1.664132010936737 
2018-05-10 21:20:02,862 : Begin Scoring
2018-05-10 21:23:03,424 : {'train_top1': 0.6153657639995098, 'train_top3': 0.8333537556671976}
2018-05-10 21:23:42,467 : {'val_top1': 0.35917901938426455, 'val_top3': 0.556442417331813}
2018-05-10 21:23:42,471 : Done Scoring
2018-05-10 21:23:42,472 : Iteration 6/10
2018-05-10 21:23:53,434 : 30 iter, 0.11371155495650043 epoch, avg loss: 1.555069390932719 
2018-05-10 21:24:04,138 : 60 iter, 0.23134419801494915 epoch, avg loss: 1.3796738545099894 
2018-05-10 21:24:14,853 : 90 iter, 0.3489768410733979 epoch, avg loss: 1.4336291988690695 
2018-05-10 21:24:25,581 : 120 iter, 0.4666094841318466 epoch, avg loss: 1.5137242674827576 
2018-05-10 21:24:36,287 : 150 iter, 0.5842421271902953 epoch, avg loss: 1.5231094717979432 
2018-05-10 21:24:46,996 : 180 iter, 0.701874770248744 epoch, avg loss: 1.4703845759232839 
2018-05-10 21:24:57,705 : 210 iter, 0.8195074133071928 epoch, avg loss: 1.4784912784894308 
2018-05-10 21:25:08,416 : 240 iter, 0.9371400563656415 epoch, avg loss: 1.5137876232465108 
2018-05-10 21:25:13,807 : Begin Scoring
2018-05-10 21:28:14,572 : {'train_top1': 0.6683004533758118, 'train_top3': 0.8686435485847323}
2018-05-10 21:28:53,646 : {'val_top1': 0.3660205245153934, 'val_top3': 0.5792474344355758}
2018-05-10 21:28:53,651 : Done Scoring
2018-05-10 21:28:53,651 : Iteration 7/10
2018-05-10 21:29:04,733 : 30 iter, 0.11371155495650043 epoch, avg loss: 1.3506007293860118 
2018-05-10 21:29:15,444 : 60 iter, 0.23134419801494915 epoch, avg loss: 1.3039808849493661 
2018-05-10 21:29:26,164 : 90 iter, 0.3489768410733979 epoch, avg loss: 1.3611808756987254 
2018-05-10 21:29:36,874 : 120 iter, 0.4666094841318466 epoch, avg loss: 1.33857874472936 
2018-05-10 21:29:47,589 : 150 iter, 0.5842421271902953 epoch, avg loss: 1.333676459391912 
2018-05-10 21:29:58,303 : 180 iter, 0.701874770248744 epoch, avg loss: 1.371336575349172 
2018-05-10 21:30:09,016 : 210 iter, 0.8195074133071928 epoch, avg loss: 1.283516655365626 
2018-05-10 21:30:19,721 : 240 iter, 0.9371400563656415 epoch, avg loss: 1.3312247792879741 
2018-05-10 21:30:25,107 : Begin Scoring
2018-05-10 21:33:25,883 : {'train_top1': 0.6826369317485602, 'train_top3': 0.8755054527631417}
2018-05-10 21:34:04,966 : {'val_top1': 0.35917901938426455, 'val_top3': 0.5655644241733181}
2018-05-10 21:34:04,970 : Done Scoring
2018-05-10 21:34:04,970 : Iteration 8/10
2018-05-10 21:34:16,060 : 30 iter, 0.11371155495650043 epoch, avg loss: 1.1946314473946889 
2018-05-10 21:34:26,780 : 60 iter, 0.23134419801494915 epoch, avg loss: 1.1459457635879517 
2018-05-10 21:34:37,506 : 90 iter, 0.3489768410733979 epoch, avg loss: 1.158610322078069 
2018-05-10 21:34:48,235 : 120 iter, 0.4666094841318466 epoch, avg loss: 1.2155265708764393 
2018-05-10 21:34:58,959 : 150 iter, 0.5842421271902953 epoch, avg loss: 1.3111973782380422 
2018-05-10 21:35:09,682 : 180 iter, 0.701874770248744 epoch, avg loss: 1.196381781498591 
2018-05-10 21:35:20,403 : 210 iter, 0.8195074133071928 epoch, avg loss: 1.3158364693323772 
2018-05-10 21:35:31,131 : 240 iter, 0.9371400563656415 epoch, avg loss: 1.2698793490727742 
2018-05-10 21:35:36,518 : Begin Scoring
2018-05-10 21:38:37,425 : {'train_top1': 0.7369194951599068, 'train_top3': 0.9077318956010293}
2018-05-10 21:39:16,674 : {'val_top1': 0.36316989737742306, 'val_top3': 0.580387685290764}
2018-05-10 21:39:16,679 : Done Scoring
2018-05-10 21:39:16,679 : Iteration 9/10
2018-05-10 21:39:27,660 : 30 iter, 0.11371155495650043 epoch, avg loss: 1.141747679313024 
2018-05-10 21:39:38,403 : 60 iter, 0.23134419801494915 epoch, avg loss: 1.1007288634777068 
2018-05-10 21:39:49,127 : 90 iter, 0.3489768410733979 epoch, avg loss: 1.1440651893615723 
2018-05-10 21:39:59,861 : 120 iter, 0.4666094841318466 epoch, avg loss: 1.096442049741745 
2018-05-10 21:40:10,589 : 150 iter, 0.5842421271902953 epoch, avg loss: 1.1903029024600982 
2018-05-10 21:40:21,326 : 180 iter, 0.701874770248744 epoch, avg loss: 1.1706080238024394 
2018-05-10 21:40:32,055 : 210 iter, 0.8195074133071928 epoch, avg loss: 1.0706669509410858 
2018-05-10 21:40:42,773 : 240 iter, 0.9371400563656415 epoch, avg loss: 1.1515331387519836 
2018-05-10 21:40:48,166 : Begin Scoring
2018-05-10 21:43:49,117 : {'train_top1': 0.7450067393701753, 'train_top3': 0.9149614017889964}
2018-05-10 21:44:28,226 : {'val_top1': 0.3614595210946408, 'val_top3': 0.5781071835803877}
2018-05-10 21:44:28,230 : Done Scoring
2018-05-10 21:44:28,230 : Iteration 10/10
2018-05-10 21:44:39,222 : 30 iter, 0.11371155495650043 epoch, avg loss: 0.9832932531833649 
2018-05-10 21:44:49,955 : 60 iter, 0.23134419801494915 epoch, avg loss: 1.0298332651456197 
2018-05-10 21:45:00,687 : 90 iter, 0.3489768410733979 epoch, avg loss: 0.9949038426081339 
2018-05-10 21:45:11,429 : 120 iter, 0.4666094841318466 epoch, avg loss: 1.0469514707724252 
2018-05-10 21:45:22,158 : 150 iter, 0.5842421271902953 epoch, avg loss: 1.0584519743919372 
2018-05-10 21:45:32,887 : 180 iter, 0.701874770248744 epoch, avg loss: 1.056234363714854 
2018-05-10 21:45:43,619 : 210 iter, 0.8195074133071928 epoch, avg loss: 1.121364462375641 
2018-05-10 21:45:54,357 : 240 iter, 0.9371400563656415 epoch, avg loss: 1.1553452293078104 
2018-05-10 21:45:59,748 : Begin Scoring
2018-05-10 21:49:00,770 : {'train_top1': 0.7619164318098273, 'train_top3': 0.9219458399705919}
2018-05-10 21:49:39,887 : {'val_top1': 0.36488027366020526, 'val_top3': 0.5775370581527937}
2018-05-10 21:49:39,891 : Done Scoring