2018-05-10 19:10:31,755 : Retraining Inception-V's FC layer only
2018-05-10 19:10:31,823 : Iteration 1
2018-05-10 19:10:31,823 : Layer fc
2018-05-10 19:10:43,689 : 30 iter, 0.11371155495650043 epoch, avg loss: 4.3359060446421305 
2018-05-10 19:10:54,449 : 60 iter, 0.23134419801494915 epoch, avg loss: 3.870178802808126 
2018-05-10 19:11:05,231 : 90 iter, 0.3489768410733979 epoch, avg loss: 3.542871944109599 
2018-05-10 19:11:16,028 : 120 iter, 0.4666094841318466 epoch, avg loss: 3.488430611292521 
2018-05-10 19:11:26,824 : 150 iter, 0.5842421271902953 epoch, avg loss: 3.3639020681381226 
2018-05-10 19:11:37,644 : 180 iter, 0.701874770248744 epoch, avg loss: 3.1992815653483073 
2018-05-10 19:11:48,443 : 210 iter, 0.8195074133071928 epoch, avg loss: 3.1475441217422486 
2018-05-10 19:11:59,243 : 240 iter, 0.9371400563656415 epoch, avg loss: 3.0989323616027833 
2018-05-10 19:12:04,668 : Begin Scoring
2018-05-10 19:15:06,401 : {'train_top1': 0.34554588898419314, 'train_top3': 0.5701507168239186}
2018-05-10 19:15:45,659 : {'val_top1': 0.30216647662485746, 'val_top3': 0.5131128848346637}
2018-05-10 19:15:45,663 : Done Scoring
2018-05-10 19:15:45,685 : Iteration 1
2018-05-10 19:15:45,685 : Layer attn
2018-05-10 19:16:20,594 : 30 iter, 0.11371155495650043 epoch, avg loss: 2.527912612756093 
2018-05-10 19:16:55,207 : 60 iter, 0.23134419801494915 epoch, avg loss: 2.437362563610077 
2018-05-10 19:17:29,820 : 90 iter, 0.3489768410733979 epoch, avg loss: 2.350865372021993 
2018-05-10 19:18:04,430 : 120 iter, 0.4666094841318466 epoch, avg loss: 2.262139256795247 
2018-05-10 19:18:39,037 : 150 iter, 0.5842421271902953 epoch, avg loss: 2.241993780930837 
2018-05-10 19:19:13,643 : 180 iter, 0.701874770248744 epoch, avg loss: 2.19495290517807 
2018-05-10 19:19:48,250 : 210 iter, 0.8195074133071928 epoch, avg loss: 2.1464190681775412 
2018-05-10 19:20:22,866 : 240 iter, 0.9371400563656415 epoch, avg loss: 2.025674064954122 
2018-05-10 19:20:40,309 : Begin Scoring
2018-05-10 19:23:42,527 : {'train_top1': 0.5228525915941674, 'train_top3': 0.7231956868030879}
2018-05-10 19:24:21,899 : {'val_top1': 0.3933865450399088, 'val_top3': 0.6117445838084379}
2018-05-10 19:24:21,903 : Done Scoring
2018-05-10 19:24:21,904 : Iteration 1
2018-05-10 19:24:21,904 : Layer attn
2018-05-10 19:24:56,789 : 30 iter, 0.11371155495650043 epoch, avg loss: 1.9415401140848796 
2018-05-10 19:25:31,396 : 60 iter, 0.23134419801494915 epoch, avg loss: 1.8846478899319967 
2018-05-10 19:26:06,015 : 90 iter, 0.3489768410733979 epoch, avg loss: 1.7123281359672546 
2018-05-10 19:26:40,627 : 120 iter, 0.4666094841318466 epoch, avg loss: 1.6211665312449137 
2018-05-10 19:27:15,238 : 150 iter, 0.5842421271902953 epoch, avg loss: 1.590511812766393 
2018-05-10 19:27:49,845 : 180 iter, 0.701874770248744 epoch, avg loss: 1.645310095945994 
2018-05-10 19:28:24,460 : 210 iter, 0.8195074133071928 epoch, avg loss: 1.6356186111768087 
2018-05-10 19:28:59,072 : 240 iter, 0.9371400563656415 epoch, avg loss: 1.6287778933842978 
2018-05-10 19:29:16,514 : Begin Scoring
2018-05-10 19:32:18,782 : {'train_top1': 0.6611934811910305, 'train_top3': 0.8300453375811788}
2018-05-10 19:32:58,325 : {'val_top1': 0.4321550741163056, 'val_top3': 0.6413911060433295}
2018-05-10 19:32:58,329 : Done Scoring
2018-05-10 19:32:58,330 : Iteration 1
2018-05-10 19:32:58,330 : Layer attn
2018-05-10 19:33:33,215 : 30 iter, 0.11371155495650043 epoch, avg loss: 1.3634390632311504 
2018-05-10 19:34:07,817 : 60 iter, 0.23134419801494915 epoch, avg loss: 1.2265552977720897 
2018-05-10 19:34:42,428 : 90 iter, 0.3489768410733979 epoch, avg loss: 1.2664899627367656 
2018-05-10 19:35:17,082 : 120 iter, 0.4666094841318466 epoch, avg loss: 1.251580043633779 
2018-05-10 19:35:51,703 : 150 iter, 0.5842421271902953 epoch, avg loss: 1.2328954418500264 
2018-05-10 19:36:26,327 : 180 iter, 0.701874770248744 epoch, avg loss: 1.1768600662549338 
2018-05-10 19:37:00,926 : 210 iter, 0.8195074133071928 epoch, avg loss: 1.212865060567856 
2018-05-10 19:37:35,543 : 240 iter, 0.9371400563656415 epoch, avg loss: 1.1837776164213816 
2018-05-10 19:37:52,971 : Begin Scoring
2018-05-10 19:40:55,319 : {'train_top1': 0.7764979781889474, 'train_top3': 0.9134909937507658}
2018-05-10 19:41:34,746 : {'val_top1': 0.43443557582668185, 'val_top3': 0.6470923603192702}
2018-05-10 19:41:34,750 : Done Scoring
2018-05-10 20:09:42,845 : Iteration 1
2018-05-10 20:09:42,845 : Layer fc
2018-05-10 20:09:53,848 : 30 iter, 0.11371155495650043 epoch, avg loss: 1.5297611753145854 
2018-05-10 20:10:04,615 : 60 iter, 0.23134419801494915 epoch, avg loss: 1.2003857970237732 
2018-05-10 20:10:15,408 : 90 iter, 0.3489768410733979 epoch, avg loss: 1.246160082022349 
2018-05-10 20:10:26,216 : 120 iter, 0.4666094841318466 epoch, avg loss: 1.1642953733603159 
2018-05-10 20:10:37,017 : 150 iter, 0.5842421271902953 epoch, avg loss: 1.0541963438193003 
2018-05-10 20:10:47,824 : 180 iter, 0.701874770248744 epoch, avg loss: 1.0726513783137004 
2018-05-10 20:10:58,632 : 210 iter, 0.8195074133071928 epoch, avg loss: 1.161972203850746 
2018-05-10 20:11:09,439 : 240 iter, 0.9371400563656415 epoch, avg loss: 1.143941342830658 
2018-05-10 20:11:14,870 : Begin Scoring
2018-05-10 20:14:16,631 : {'train_top1': 0.8230608993995834, 'train_top3': 0.9487807866683005}
2018-05-10 20:14:55,930 : {'val_top1': 0.43443557582668185, 'val_top3': 0.6265678449258837}
2018-05-10 20:14:55,934 : Done Scoring
2018-05-10 20:14:55,959 : Iteration 1
2018-05-10 20:14:55,962 : Layer attn
2018-05-10 20:15:30,819 : 30 iter, 0.11371155495650043 epoch, avg loss: 0.5850122551123301 
2018-05-10 20:16:05,393 : 60 iter, 0.23134419801494915 epoch, avg loss: 0.49642861584822334 
2018-05-10 20:16:40,006 : 90 iter, 0.3489768410733979 epoch, avg loss: 0.4633237153291702 
2018-05-10 20:17:14,565 : 120 iter, 0.4666094841318466 epoch, avg loss: 0.5249715983867645 
2018-05-10 20:17:49,097 : 150 iter, 0.5842421271902953 epoch, avg loss: 0.4658994659781456 
2018-05-10 20:18:23,678 : 180 iter, 0.701874770248744 epoch, avg loss: 0.5323759446541468 
2018-05-10 20:18:58,299 : 210 iter, 0.8195074133071928 epoch, avg loss: 0.5319501330455144 
2018-05-10 20:19:32,902 : 240 iter, 0.9371400563656415 epoch, avg loss: 0.5865625590085983 
2018-05-10 20:19:50,317 : Begin Scoring
2018-05-10 20:22:52,430 : {'train_top1': 0.9391006004166156, 'train_top3': 0.9892170077196422}
2018-05-10 20:23:31,717 : {'val_top1': 0.44982896237172176, 'val_top3': 0.6704675028506272}
2018-05-10 20:23:31,722 : Done Scoring
2018-05-10 20:23:31,723 : Iteration 1
2018-05-10 20:23:31,724 : Layer attn
2018-05-10 20:24:06,548 : 30 iter, 0.11371155495650043 epoch, avg loss: 0.2177646627028783 
2018-05-10 20:24:41,041 : 60 iter, 0.23134419801494915 epoch, avg loss: 0.19175077378749847 
2018-05-10 20:25:15,574 : 90 iter, 0.3489768410733979 epoch, avg loss: 0.19905831987659137 
2018-05-10 20:25:50,078 : 120 iter, 0.4666094841318466 epoch, avg loss: 0.2180270619690418 
2018-05-10 20:26:24,588 : 150 iter, 0.5842421271902953 epoch, avg loss: 0.2708761731783549 
2018-05-10 20:26:59,087 : 180 iter, 0.701874770248744 epoch, avg loss: 0.16553212354580563 
2018-05-10 20:27:33,578 : 210 iter, 0.8195074133071928 epoch, avg loss: 0.23800523454944292 
2018-05-10 20:28:08,066 : 240 iter, 0.9371400563656415 epoch, avg loss: 0.2230279952287674 
2018-05-10 20:28:25,445 : Begin Scoring
2018-05-10 20:31:26,959 : {'train_top1': 0.9752481313564514, 'train_top3': 0.9975493199362823}
2018-05-10 20:32:06,174 : {'val_top1': 0.45781071835803877, 'val_top3': 0.6670467502850627}
2018-05-10 20:32:06,179 : Done Scoring
2018-05-10 20:32:06,180 : Iteration 1
2018-05-10 20:32:06,180 : Layer attn
2018-05-10 20:32:40,942 : 30 iter, 0.11371155495650043 epoch, avg loss: 0.09645266930262247 
2018-05-10 20:33:15,401 : 60 iter, 0.23134419801494915 epoch, avg loss: 0.09510302773366372 
2018-05-10 20:33:49,848 : 90 iter, 0.3489768410733979 epoch, avg loss: 0.0857249420757095 
2018-05-10 20:34:24,321 : 120 iter, 0.4666094841318466 epoch, avg loss: 0.07723501014212768 
2018-05-10 20:34:58,784 : 150 iter, 0.5842421271902953 epoch, avg loss: 0.13933286021153132 
2018-05-10 20:35:33,258 : 180 iter, 0.701874770248744 epoch, avg loss: 0.11566267296050986 
2018-05-10 20:36:07,731 : 210 iter, 0.8195074133071928 epoch, avg loss: 0.10704583264887332 
2018-05-10 20:36:42,201 : 240 iter, 0.9371400563656415 epoch, avg loss: 0.13999625463038684 
2018-05-10 20:36:59,549 : Begin Scoring
2018-05-10 20:40:00,877 : {'train_top1': 0.9797818894743291, 'train_top3': 0.9986521259649552}
2018-05-10 20:40:40,086 : {'val_top1': 0.4526795895096921, 'val_top3': 0.6567844925883695}
2018-05-10 20:40:40,090 : Done Scoring
2018-05-10 20:56:16,629 : Iteration 1
2018-05-10 20:56:16,629 : Layer bn
2018-05-10 20:57:03,064 : Iteration 1
2018-05-10 20:57:03,064 : Layer bn
