2018-05-11 00:56:40,265 : Retraining Resnet101's FC layer, attn altenrate
2018-05-11 00:56:40,321 : Iteration 1
2018-05-11 00:56:40,321 : Layer fc
2018-05-11 00:56:48,510 : 30 iter, 0.11371155495650043 epoch, avg loss: 4.628598546981811 
2018-05-11 00:56:55,723 : 60 iter, 0.23134419801494915 epoch, avg loss: 3.7846201340357464 
2018-05-11 00:57:02,943 : 90 iter, 0.3489768410733979 epoch, avg loss: 3.4281420628229777 
2018-05-11 00:57:10,174 : 120 iter, 0.4666094841318466 epoch, avg loss: 3.2671058257420857 
2018-05-11 00:57:17,409 : 150 iter, 0.5842421271902953 epoch, avg loss: 3.3251578251520795 
2018-05-11 00:57:24,647 : 180 iter, 0.701874770248744 epoch, avg loss: 3.0989340861638386 
2018-05-11 00:57:31,897 : 210 iter, 0.8195074133071928 epoch, avg loss: 3.066133205095927 
2018-05-11 00:57:39,159 : 240 iter, 0.9371400563656415 epoch, avg loss: 2.909660641352336 
2018-05-11 00:57:42,812 : Begin Scoring
2018-05-11 00:59:45,323 : {'train_top1': 0.3547359392231344, 'train_top3': 0.5648817546869256}
2018-05-11 01:00:11,873 : {'val_top1': 0.30843785632839227, 'val_top3': 0.4965792474344356}
2018-05-11 01:00:11,875 : Done Scoring
2018-05-11 01:00:11,898 : Iteration 1
2018-05-11 01:00:11,898 : Layer attn
2018-05-11 01:00:34,820 : 30 iter, 0.11371155495650043 epoch, avg loss: 131921.015625 
2018-05-11 01:00:57,534 : 60 iter, 0.23134419801494915 epoch, avg loss: 127905.80729166667 
2018-05-11 01:01:20,248 : 90 iter, 0.3489768410733979 epoch, avg loss: 123890.72291666667 
2018-05-11 01:01:43,002 : 120 iter, 0.4666094841318466 epoch, avg loss: 119875.68828125 
2018-05-11 01:02:05,798 : 150 iter, 0.5842421271902953 epoch, avg loss: 115860.76640625 
2018-05-11 01:02:28,549 : 180 iter, 0.701874770248744 epoch, avg loss: 111845.9453125 
2018-05-11 01:02:51,266 : 210 iter, 0.8195074133071928 epoch, avg loss: 107830.94244791666 
2018-05-11 01:03:13,969 : 240 iter, 0.9371400563656415 epoch, avg loss: 103815.67994791667 
2018-05-11 01:03:25,430 : Begin Scoring
2018-05-11 01:05:28,103 : {'train_top1': 0.09974267859330964, 'train_top3': 0.21492464158804067}
2018-05-11 01:05:54,625 : {'val_top1': 0.10034207525655645, 'val_top3': 0.2137970353477765}
2018-05-11 01:05:54,628 : Done Scoring
2018-05-11 01:05:54,628 : Iteration 1
2018-05-11 01:05:54,628 : Layer attn
2018-05-11 01:06:17,479 : 30 iter, 0.11371155495650043 epoch, avg loss: 97658.48359375 
2018-05-11 01:06:40,112 : 60 iter, 0.23134419801494915 epoch, avg loss: 93642.75494791666 
2018-05-11 01:07:02,726 : 90 iter, 0.3489768410733979 epoch, avg loss: 89627.00677083334 
2018-05-11 01:07:25,361 : 120 iter, 0.4666094841318466 epoch, avg loss: 85611.32057291667 
2018-05-11 01:07:47,960 : 150 iter, 0.5842421271902953 epoch, avg loss: 81595.55104166667 
2018-05-11 01:08:10,564 : 180 iter, 0.701874770248744 epoch, avg loss: 77579.8796875 
2018-05-11 01:08:33,176 : 210 iter, 0.8195074133071928 epoch, avg loss: 73564.10026041667 
2018-05-11 01:08:55,763 : 240 iter, 0.9371400563656415 epoch, avg loss: 69548.38385416666 
2018-05-11 01:09:07,145 : Begin Scoring
2018-05-11 01:11:09,316 : {'train_top1': 0.07106972184781277, 'train_top3': 0.16444063227545644}
2018-05-11 01:11:35,717 : {'val_top1': 0.07639680729760548, 'val_top3': 0.16590649942987457}
2018-05-11 01:11:35,720 : Done Scoring
2018-05-11 01:11:35,721 : Iteration 1
2018-05-11 01:11:35,721 : Layer attn
2018-05-11 01:11:58,454 : 30 iter, 0.11371155495650043 epoch, avg loss: 63390.948567708336 
2018-05-11 01:12:21,014 : 60 iter, 0.23134419801494915 epoch, avg loss: 59375.2125 
2018-05-11 01:12:43,563 : 90 iter, 0.3489768410733979 epoch, avg loss: 55359.46380208333 
2018-05-11 01:13:06,120 : 120 iter, 0.4666094841318466 epoch, avg loss: 51343.75299479167 
2018-05-11 01:13:28,677 : 150 iter, 0.5842421271902953 epoch, avg loss: 47328.062890625 
2018-05-11 01:13:51,213 : 180 iter, 0.701874770248744 epoch, avg loss: 43312.25286458333 
2018-05-11 01:14:13,742 : 210 iter, 0.8195074133071928 epoch, avg loss: 39296.49140625 
2018-05-11 01:14:36,283 : 240 iter, 0.9371400563656415 epoch, avg loss: 35280.9390625 
2018-05-11 01:14:47,641 : Begin Scoring
2018-05-11 01:16:49,733 : {'train_top1': 0.07106972184781277, 'train_top3': 0.16039701017032226}
2018-05-11 01:17:16,141 : {'val_top1': 0.07639680729760548, 'val_top3': 0.1636259977194983}
2018-05-11 01:17:16,143 : Done Scoring
2018-05-11 01:17:16,162 : Iteration 1
2018-05-11 01:17:16,162 : Layer fc
2018-05-11 01:17:23,574 : 30 iter, 0.11371155495650043 epoch, avg loss: 4.453358856836955 
2018-05-11 01:17:30,787 : 60 iter, 0.23134419801494915 epoch, avg loss: 4.3843487421671545 
2018-05-11 01:17:38,000 : 90 iter, 0.3489768410733979 epoch, avg loss: 4.365572754542033 
2018-05-11 01:17:45,217 : 120 iter, 0.4666094841318466 epoch, avg loss: 4.333855907122294 
2018-05-11 01:17:52,428 : 150 iter, 0.5842421271902953 epoch, avg loss: 4.36486607392629 
2018-05-11 01:17:59,651 : 180 iter, 0.701874770248744 epoch, avg loss: 4.373479890823364 
2018-05-11 01:18:06,869 : 210 iter, 0.8195074133071928 epoch, avg loss: 4.339376322428385 
2018-05-11 01:18:14,087 : 240 iter, 0.9371400563656415 epoch, avg loss: 4.330022255579631 
2018-05-11 01:18:17,720 : Begin Scoring
2018-05-11 01:20:19,344 : {'train_top1': 0.07106972184781277, 'train_top3': 0.1423845117019973}
2018-05-11 01:20:45,644 : {'val_top1': 0.07639680729760548, 'val_top3': 0.1419612314709236}
2018-05-11 01:20:45,647 : Done Scoring
2018-05-11 01:20:45,668 : Iteration 1
2018-05-11 01:20:45,669 : Layer attn
2018-05-11 01:21:08,370 : 30 iter, 0.11371155495650043 epoch, avg loss: 29123.469140625 
2018-05-11 01:21:30,899 : 60 iter, 0.23134419801494915 epoch, avg loss: 25107.710611979168 
2018-05-11 01:21:53,406 : 90 iter, 0.3489768410733979 epoch, avg loss: 21092.110546875 
