2018-05-10 23:26:29,574 : Retraining Resnet101 FC layer only
2018-05-10 23:26:29,590 : Iteration 1/10
2018-05-10 23:26:42,712 : 30 iter, 0.11371155495650043 epoch, avg loss: 4.568297211329142 
2018-05-10 23:26:55,037 : 60 iter, 0.23134419801494915 epoch, avg loss: 3.707963800430298 
2018-05-10 23:27:07,420 : 90 iter, 0.3489768410733979 epoch, avg loss: 3.4720244963963824 
2018-05-10 23:27:19,843 : 120 iter, 0.4666094841318466 epoch, avg loss: 3.2880576610565186 
2018-05-10 23:27:32,267 : 150 iter, 0.5842421271902953 epoch, avg loss: 3.040919478734334 
2018-05-10 23:27:44,701 : 180 iter, 0.701874770248744 epoch, avg loss: 2.9614740133285524 
2018-05-10 23:27:57,126 : 210 iter, 0.8195074133071928 epoch, avg loss: 3.0159429629643757 
2018-05-10 23:28:09,536 : 240 iter, 0.9371400563656415 epoch, avg loss: 2.96459375222524 
2018-05-10 23:28:15,776 : Begin Scoring
2018-05-10 23:31:45,764 : {'train_top1': 0.37630192378385, 'train_top3': 0.597230731527999}
2018-05-10 23:32:31,104 : {'val_top1': 0.3221208665906499, 'val_top3': 0.5222348916761688}
2018-05-10 23:32:31,106 : Done Scoring
2018-05-10 23:32:31,106 : Iteration 2/10
2018-05-10 23:32:43,640 : 30 iter, 0.11371155495650043 epoch, avg loss: 2.500122622648875 
2018-05-10 23:32:56,006 : 60 iter, 0.23134419801494915 epoch, avg loss: 2.4369980851809183 
2018-05-10 23:33:08,391 : 90 iter, 0.3489768410733979 epoch, avg loss: 2.408804380893707 
2018-05-10 23:33:20,802 : 120 iter, 0.4666094841318466 epoch, avg loss: 2.4733229597409565 
2018-05-10 23:33:33,185 : 150 iter, 0.5842421271902953 epoch, avg loss: 2.385500454902649 
2018-05-10 23:33:45,552 : 180 iter, 0.701874770248744 epoch, avg loss: 2.345238482952118 
2018-05-10 23:33:57,911 : 210 iter, 0.8195074133071928 epoch, avg loss: 2.2917707165082297 
2018-05-10 23:34:10,261 : 240 iter, 0.9371400563656415 epoch, avg loss: 2.318202431996663 
2018-05-10 23:34:16,468 : Begin Scoring
2018-05-10 23:37:45,608 : {'train_top1': 0.4549687538291876, 'train_top3': 0.6820242617326308}
2018-05-10 23:38:30,743 : {'val_top1': 0.33751425313568983, 'val_top3': 0.5381984036488028}
2018-05-10 23:38:30,745 : Done Scoring
2018-05-10 23:38:30,746 : Iteration 3/10
2018-05-10 23:38:43,351 : 30 iter, 0.11371155495650043 epoch, avg loss: 1.9326790730158487 
2018-05-10 23:38:55,694 : 60 iter, 0.23134419801494915 epoch, avg loss: 1.9452882846196493 
2018-05-10 23:39:08,039 : 90 iter, 0.3489768410733979 epoch, avg loss: 1.986275307337443 
2018-05-10 23:39:20,386 : 120 iter, 0.4666094841318466 epoch, avg loss: 2.0031315724054974 
2018-05-10 23:39:32,743 : 150 iter, 0.5842421271902953 epoch, avg loss: 2.028562009334564 
2018-05-10 23:39:45,094 : 180 iter, 0.701874770248744 epoch, avg loss: 2.0048065503438313 
2018-05-10 23:39:57,436 : 210 iter, 0.8195074133071928 epoch, avg loss: 2.1246439099311827 
2018-05-10 23:40:09,779 : 240 iter, 0.9371400563656415 epoch, avg loss: 2.016296374797821 
2018-05-10 23:40:15,985 : Begin Scoring
2018-05-10 23:43:45,228 : {'train_top1': 0.5229751255973533, 'train_top3': 0.7613037617938978}
2018-05-10 23:44:30,395 : {'val_top1': 0.3717217787913341, 'val_top3': 0.580387685290764}
2018-05-10 23:44:30,397 : Done Scoring
2018-05-10 23:44:30,398 : Iteration 4/10
2018-05-10 23:44:42,935 : 30 iter, 0.11371155495650043 epoch, avg loss: 1.8005558729171753 
2018-05-10 23:44:55,294 : 60 iter, 0.23134419801494915 epoch, avg loss: 1.7340949217478434 
2018-05-10 23:45:07,644 : 90 iter, 0.3489768410733979 epoch, avg loss: 1.7854266246159871 
2018-05-10 23:45:20,002 : 120 iter, 0.4666094841318466 epoch, avg loss: 1.7891855438550313 
2018-05-10 23:45:32,354 : 150 iter, 0.5842421271902953 epoch, avg loss: 1.7807939052581787 
2018-05-10 23:45:44,711 : 180 iter, 0.701874770248744 epoch, avg loss: 1.7972871303558349 
2018-05-10 23:45:57,069 : 210 iter, 0.8195074133071928 epoch, avg loss: 1.8761340061823526 
2018-05-10 23:46:09,421 : 240 iter, 0.9371400563656415 epoch, avg loss: 1.7717890858650207 
2018-05-10 23:46:15,636 : Begin Scoring
2018-05-10 23:49:44,815 : {'train_top1': 0.5707633868398481, 'train_top3': 0.7823796103418699}
2018-05-10 23:50:30,050 : {'val_top1': 0.37970353477765106, 'val_top3': 0.5820980615735462}
2018-05-10 23:50:30,052 : Done Scoring
2018-05-10 23:50:30,052 : Iteration 5/10
2018-05-10 23:50:42,576 : 30 iter, 0.11371155495650043 epoch, avg loss: 1.7028892318407693 
2018-05-10 23:50:54,917 : 60 iter, 0.23134419801494915 epoch, avg loss: 1.612431792418162 
2018-05-10 23:51:07,266 : 90 iter, 0.3489768410733979 epoch, avg loss: 1.533965128660202 
2018-05-10 23:51:19,635 : 120 iter, 0.4666094841318466 epoch, avg loss: 1.5580788771311442 
2018-05-10 23:51:31,985 : 150 iter, 0.5842421271902953 epoch, avg loss: 1.5266502896944683 
2018-05-10 23:51:44,338 : 180 iter, 0.701874770248744 epoch, avg loss: 1.599623966217041 
2018-05-10 23:51:56,687 : 210 iter, 0.8195074133071928 epoch, avg loss: 1.5926754554112752 
2018-05-10 23:52:09,027 : 240 iter, 0.9371400563656415 epoch, avg loss: 1.7322688738505045 
2018-05-10 23:52:15,232 : Begin Scoring
2018-05-10 23:55:44,432 : {'train_top1': 0.6092390638402156, 'train_top3': 0.8207327533390516}
2018-05-10 23:56:29,609 : {'val_top1': 0.3831242873432155, 'val_top3': 0.5952109464082098}
2018-05-10 23:56:29,612 : Done Scoring
2018-05-10 23:56:29,612 : Iteration 6/10
2018-05-10 23:56:42,145 : 30 iter, 0.11371155495650043 epoch, avg loss: 1.5242412726084391 
2018-05-10 23:56:54,492 : 60 iter, 0.23134419801494915 epoch, avg loss: 1.4420281370480856 
2018-05-10 23:57:06,832 : 90 iter, 0.3489768410733979 epoch, avg loss: 1.4578780968983969 
2018-05-10 23:57:19,175 : 120 iter, 0.4666094841318466 epoch, avg loss: 1.4141112685203552 
2018-05-10 23:57:31,522 : 150 iter, 0.5842421271902953 epoch, avg loss: 1.5098411838213603 
2018-05-10 23:57:43,869 : 180 iter, 0.701874770248744 epoch, avg loss: 1.5366948703924814 
2018-05-10 23:57:56,219 : 210 iter, 0.8195074133071928 epoch, avg loss: 1.489206818739573 
2018-05-10 23:58:08,570 : 240 iter, 0.9371400563656415 epoch, avg loss: 1.5541207432746886 
2018-05-10 23:58:14,776 : Begin Scoring
2018-05-11 00:01:43,934 : {'train_top1': 0.6306825143977454, 'train_top3': 0.8448719519666708}
2018-05-11 00:02:29,119 : {'val_top1': 0.3774230330672748, 'val_top3': 0.6031927023945268}
2018-05-11 00:02:29,122 : Done Scoring
2018-05-11 00:02:29,122 : Iteration 7/10
2018-05-11 00:02:41,653 : 30 iter, 0.11371155495650043 epoch, avg loss: 1.3360600034395853 
2018-05-11 00:02:53,990 : 60 iter, 0.23134419801494915 epoch, avg loss: 1.3692794104417165 
2018-05-11 00:03:06,331 : 90 iter, 0.3489768410733979 epoch, avg loss: 1.3058466255664825 
2018-05-11 00:03:18,678 : 120 iter, 0.4666094841318466 epoch, avg loss: 1.400911263624827 
2018-05-11 00:03:31,018 : 150 iter, 0.5842421271902953 epoch, avg loss: 1.3650364995002746 
2018-05-11 00:03:43,367 : 180 iter, 0.701874770248744 epoch, avg loss: 1.3496318697929381 
2018-05-11 00:03:55,708 : 210 iter, 0.8195074133071928 epoch, avg loss: 1.3800419926643372 
2018-05-11 00:04:08,051 : 240 iter, 0.9371400563656415 epoch, avg loss: 1.4540735443433126 
2018-05-11 00:04:14,261 : Begin Scoring
2018-05-11 00:07:43,364 : {'train_top1': 0.6446513907609361, 'train_top3': 0.8479353020463178}
2018-05-11 00:08:28,531 : {'val_top1': 0.37115165336374, 'val_top3': 0.572976054732041}
2018-05-11 00:08:28,534 : Done Scoring
2018-05-11 00:08:28,534 : Iteration 8/10
2018-05-11 00:08:41,079 : 30 iter, 0.11371155495650043 epoch, avg loss: 1.345527136325836 
2018-05-11 00:08:53,426 : 60 iter, 0.23134419801494915 epoch, avg loss: 1.207985556125641 
2018-05-11 00:09:05,763 : 90 iter, 0.3489768410733979 epoch, avg loss: 1.2462438424428304 
2018-05-11 00:09:18,107 : 120 iter, 0.4666094841318466 epoch, avg loss: 1.2282296200593312 
2018-05-11 00:09:30,463 : 150 iter, 0.5842421271902953 epoch, avg loss: 1.2499746561050415 
2018-05-11 00:09:42,805 : 180 iter, 0.701874770248744 epoch, avg loss: 1.3623631477355957 
2018-05-11 00:09:55,156 : 210 iter, 0.8195074133071928 epoch, avg loss: 1.2722237686316171 
2018-05-11 00:10:07,512 : 240 iter, 0.9371400563656415 epoch, avg loss: 1.2809501965840657 
2018-05-11 00:10:13,721 : Begin Scoring
2018-05-11 00:13:43,040 : {'train_top1': 0.6459992647959809, 'train_top3': 0.8524690601641955}
2018-05-11 00:14:28,248 : {'val_top1': 0.3449258836944128, 'val_top3': 0.5763968072976055}
2018-05-11 00:14:28,250 : Done Scoring
2018-05-11 00:14:28,250 : Iteration 9/10
2018-05-11 00:14:40,782 : 30 iter, 0.11371155495650043 epoch, avg loss: 1.3287675162156423 
2018-05-11 00:14:53,131 : 60 iter, 0.23134419801494915 epoch, avg loss: 1.1811341683069865 
2018-05-11 00:15:05,483 : 90 iter, 0.3489768410733979 epoch, avg loss: 1.1487376431624094 
2018-05-11 00:15:17,821 : 120 iter, 0.4666094841318466 epoch, avg loss: 1.2551417271296184 
2018-05-11 00:15:30,178 : 150 iter, 0.5842421271902953 epoch, avg loss: 1.1892609198888142 
2018-05-11 00:15:42,529 : 180 iter, 0.701874770248744 epoch, avg loss: 1.1788481036822 
2018-05-11 00:15:54,887 : 210 iter, 0.8195074133071928 epoch, avg loss: 1.145540730158488 
2018-05-11 00:16:07,232 : 240 iter, 0.9371400563656415 epoch, avg loss: 1.2044405778249105 
2018-05-11 00:16:13,446 : Begin Scoring
2018-05-11 00:19:42,634 : {'train_top1': 0.696728342114937, 'train_top3': 0.8867785810562431}
2018-05-11 00:20:27,855 : {'val_top1': 0.38768529076396807, 'val_top3': 0.6031927023945268}
2018-05-11 00:20:27,857 : Done Scoring
2018-05-11 00:20:27,857 : Iteration 10/10
2018-05-11 00:20:40,392 : 30 iter, 0.11371155495650043 epoch, avg loss: 1.062751829624176 
2018-05-11 00:20:52,737 : 60 iter, 0.23134419801494915 epoch, avg loss: 1.0631621559460958 
2018-05-11 00:21:05,094 : 90 iter, 0.3489768410733979 epoch, avg loss: 1.085068009297053 
2018-05-11 00:21:17,435 : 120 iter, 0.4666094841318466 epoch, avg loss: 1.0423393189907073 
2018-05-11 00:21:29,783 : 150 iter, 0.5842421271902953 epoch, avg loss: 1.1094486256440481 
2018-05-11 00:21:42,124 : 180 iter, 0.701874770248744 epoch, avg loss: 1.1343580941359201 
2018-05-11 00:21:54,463 : 210 iter, 0.8195074133071928 epoch, avg loss: 1.2178018629550933 
2018-05-11 00:22:06,803 : 240 iter, 0.9371400563656415 epoch, avg loss: 1.227573279539744 
2018-05-11 00:22:13,015 : Begin Scoring
2018-05-11 00:25:41,783 : {'train_top1': 0.7298125229751256, 'train_top3': 0.8946207572601397}
2018-05-11 00:26:26,674 : {'val_top1': 0.3922462941847206, 'val_top3': 0.6106043329532497}
2018-05-11 00:26:26,677 : Done Scoring
