2018-05-10 22:03:49,176 : Retraining Resnet101's FC layer, attn altenrate
2018-05-10 22:04:01,117 : Iteration 1
2018-05-10 22:04:01,117 : Layer fc
2018-05-10 22:04:06,179 : 10 iter, 0.03528979291753462 epoch, avg loss: 4.7930872440338135 
2018-05-10 22:04:10,288 : 20 iter, 0.07450067393701752 epoch, avg loss: 4.5696714401245115 
2018-05-10 22:04:14,405 : 30 iter, 0.11371155495650043 epoch, avg loss: 4.102795863151551 
2018-05-10 22:04:18,523 : 40 iter, 0.15292243597598335 epoch, avg loss: 3.7900306940078736 
2018-05-10 22:04:22,643 : 50 iter, 0.19213331699546624 epoch, avg loss: 3.6454816579818727 
2018-05-10 22:04:26,770 : 60 iter, 0.23134419801494915 epoch, avg loss: 3.3111574172973635 
2018-05-10 22:04:30,908 : 70 iter, 0.27055507903443204 epoch, avg loss: 3.319411063194275 
2018-05-10 22:04:35,057 : 80 iter, 0.30976596005391493 epoch, avg loss: 3.699354863166809 
2018-05-10 22:04:39,209 : 90 iter, 0.3489768410733979 epoch, avg loss: 3.442837285995483 
2018-05-10 22:04:43,372 : 100 iter, 0.38818772209288077 epoch, avg loss: 3.214057469367981 
2018-05-10 22:04:47,548 : 110 iter, 0.42739860311236366 epoch, avg loss: 3.3490429401397703 
2018-05-10 22:04:51,721 : 120 iter, 0.4666094841318466 epoch, avg loss: 3.2051740407943727 
2018-05-10 22:04:55,902 : 130 iter, 0.5058203651513294 epoch, avg loss: 3.1328252792358398 
2018-05-10 22:05:00,081 : 140 iter, 0.5450312461708124 epoch, avg loss: 2.978723931312561 
2018-05-10 22:05:04,265 : 150 iter, 0.5842421271902953 epoch, avg loss: 3.1738715410232543 
2018-05-10 22:05:08,448 : 160 iter, 0.6234530082097782 epoch, avg loss: 3.255111050605774 
2018-05-10 22:05:12,627 : 170 iter, 0.6626638892292611 epoch, avg loss: 3.1222941160202025 
2018-05-10 22:05:16,807 : 180 iter, 0.701874770248744 epoch, avg loss: 3.13616943359375 
2018-05-10 22:05:20,994 : 190 iter, 0.7410856512682269 epoch, avg loss: 3.0802130937576293 
2018-05-10 22:05:25,183 : 200 iter, 0.7802965322877098 epoch, avg loss: 3.1473477363586424 
2018-05-10 22:05:29,369 : 210 iter, 0.8195074133071928 epoch, avg loss: 3.0422681093215944 
2018-05-10 22:05:33,549 : 220 iter, 0.8587182943266757 epoch, avg loss: 3.0353196382522585 
2018-05-10 22:05:37,725 : 230 iter, 0.8979291753461586 epoch, avg loss: 3.015607452392578 
2018-05-10 22:05:41,902 : 240 iter, 0.9371400563656415 epoch, avg loss: 2.8432236909866333 
2018-05-10 22:05:46,072 : 250 iter, 0.9763509373851244 epoch, avg loss: 2.8794347763061525 
2018-05-10 22:05:48,199 : Begin Scoring
2018-05-10 22:09:19,897 : {'train_top1': 0.37519911775517706, 'train_top3': 0.6012743536331332}
2018-05-10 22:10:05,499 : {'val_top1': 0.3221208665906499, 'val_top3': 0.5176738882554162}
2018-05-10 22:10:05,501 : Done Scoring
2018-05-10 22:10:05,527 : Iteration 1
2018-05-10 22:10:05,527 : Layer attn
2018-05-10 22:10:19,312 : 10 iter, 0.03528979291753462 epoch, avg loss: 2.2872839093208315 
2018-05-10 22:10:32,890 : 20 iter, 0.07450067393701752 epoch, avg loss: 2.234814929962158 
2018-05-10 22:10:46,440 : 30 iter, 0.11371155495650043 epoch, avg loss: 2.291648435592651 
2018-05-10 22:10:59,983 : 40 iter, 0.15292243597598335 epoch, avg loss: 2.1282216906547546 
2018-05-10 22:11:13,529 : 50 iter, 0.19213331699546624 epoch, avg loss: 2.2752503514289857 
2018-05-10 22:11:27,070 : 60 iter, 0.23134419801494915 epoch, avg loss: 2.0033570289611817 
2018-05-10 22:11:40,612 : 70 iter, 0.27055507903443204 epoch, avg loss: 2.1536717295646666 
2018-05-10 22:11:54,143 : 80 iter, 0.30976596005391493 epoch, avg loss: 2.18038467168808 
2018-05-10 22:12:07,673 : 90 iter, 0.3489768410733979 epoch, avg loss: 1.948951244354248 
2018-05-10 22:12:21,215 : 100 iter, 0.38818772209288077 epoch, avg loss: 1.879122829437256 
2018-05-10 22:12:34,755 : 110 iter, 0.42739860311236366 epoch, avg loss: 2.097009015083313 
2018-05-10 22:12:48,297 : 120 iter, 0.4666094841318466 epoch, avg loss: 2.1020530104637145 
2018-05-10 22:13:01,836 : 130 iter, 0.5058203651513294 epoch, avg loss: 2.0269936442375185 
2018-05-10 22:13:15,360 : 140 iter, 0.5450312461708124 epoch, avg loss: 1.9778689980506896 
2018-05-10 22:13:28,896 : 150 iter, 0.5842421271902953 epoch, avg loss: 2.0027830243110656 
2018-05-10 22:13:42,426 : 160 iter, 0.6234530082097782 epoch, avg loss: 1.9786279439926147 
2018-05-10 22:13:55,967 : 170 iter, 0.6626638892292611 epoch, avg loss: 2.0119680166244507 
2018-05-10 22:14:09,510 : 180 iter, 0.701874770248744 epoch, avg loss: 1.7700794100761414 
2018-05-10 22:14:23,054 : 190 iter, 0.7410856512682269 epoch, avg loss: 1.9435569405555726 
2018-05-10 22:14:36,595 : 200 iter, 0.7802965322877098 epoch, avg loss: 2.055942988395691 
2018-05-10 22:14:50,142 : 210 iter, 0.8195074133071928 epoch, avg loss: 1.9735928058624268 
2018-05-10 22:15:03,681 : 220 iter, 0.8587182943266757 epoch, avg loss: 1.942099642753601 
2018-05-10 22:15:17,229 : 230 iter, 0.8979291753461586 epoch, avg loss: 1.850598645210266 
2018-05-10 22:15:30,772 : 240 iter, 0.9371400563656415 epoch, avg loss: 1.9855016827583314 
2018-05-10 22:15:44,311 : 250 iter, 0.9763509373851244 epoch, avg loss: 1.7758447647094726 
2018-05-10 22:15:51,275 : Begin Scoring
2018-05-10 22:19:22,821 : {'train_top1': 0.5824041171425071, 'train_top3': 0.78446268839603}
2018-05-10 22:20:08,499 : {'val_top1': 0.427594070695553, 'val_top3': 0.6459521094640821}
2018-05-10 22:20:08,502 : Done Scoring
2018-05-10 22:20:08,504 : Iteration 1
2018-05-10 22:20:08,504 : Layer attn
2018-05-10 22:20:22,223 : 10 iter, 0.03528979291753462 epoch, avg loss: 1.4534757494926454 
2018-05-10 22:20:35,759 : 20 iter, 0.07450067393701752 epoch, avg loss: 1.5466695189476014 
2018-05-10 22:20:49,291 : 30 iter, 0.11371155495650043 epoch, avg loss: 1.437961107492447 
2018-05-10 22:21:02,834 : 40 iter, 0.15292243597598335 epoch, avg loss: 1.3383938908576964 
2018-05-10 22:21:16,375 : 50 iter, 0.19213331699546624 epoch, avg loss: 1.5417467474937439 
2018-05-10 22:21:29,919 : 60 iter, 0.23134419801494915 epoch, avg loss: 1.4281562983989715 
2018-05-10 22:21:43,454 : 70 iter, 0.27055507903443204 epoch, avg loss: 1.3720279097557069 
2018-05-10 22:21:56,997 : 80 iter, 0.30976596005391493 epoch, avg loss: 1.431698739528656 
2018-05-10 22:22:10,542 : 90 iter, 0.3489768410733979 epoch, avg loss: 1.279549676179886 
2018-05-10 22:22:24,087 : 100 iter, 0.38818772209288077 epoch, avg loss: 1.3134725153446198 
2018-05-10 22:22:37,628 : 110 iter, 0.42739860311236366 epoch, avg loss: 1.367312353849411 
2018-05-10 22:22:51,177 : 120 iter, 0.4666094841318466 epoch, avg loss: 1.3671848714351653 
2018-05-10 22:23:04,717 : 130 iter, 0.5058203651513294 epoch, avg loss: 1.466654860973358 
2018-05-10 22:23:18,261 : 140 iter, 0.5450312461708124 epoch, avg loss: 1.4628860354423523 
2018-05-10 22:23:31,803 : 150 iter, 0.5842421271902953 epoch, avg loss: 1.4654263138771058 
2018-05-10 22:23:45,347 : 160 iter, 0.6234530082097782 epoch, avg loss: 1.3847751677036286 
2018-05-10 22:23:58,884 : 170 iter, 0.6626638892292611 epoch, avg loss: 1.4990897536277772 
2018-05-10 22:24:12,425 : 180 iter, 0.701874770248744 epoch, avg loss: 1.3550264477729796 
2018-05-10 22:24:25,960 : 190 iter, 0.7410856512682269 epoch, avg loss: 1.6270846009254456 
2018-05-10 22:24:39,507 : 200 iter, 0.7802965322877098 epoch, avg loss: 1.5237711668014526 
2018-05-10 22:24:53,050 : 210 iter, 0.8195074133071928 epoch, avg loss: 1.3226058185100555 
2018-05-10 22:25:06,597 : 220 iter, 0.8587182943266757 epoch, avg loss: 1.478395789861679 
2018-05-10 22:25:20,139 : 230 iter, 0.8979291753461586 epoch, avg loss: 1.4695336103439331 
2018-05-10 22:25:33,685 : 240 iter, 0.9371400563656415 epoch, avg loss: 1.5741467952728272 
2018-05-10 22:25:47,227 : 250 iter, 0.9763509373851244 epoch, avg loss: 1.4998979568481445 
2018-05-10 22:25:54,171 : Begin Scoring
2018-05-10 22:29:25,879 : {'train_top1': 0.6859453498345791, 'train_top3': 0.8724421026834946}
2018-05-10 22:30:11,660 : {'val_top1': 0.44070695553021666, 'val_top3': 0.6516533637400228}
2018-05-10 22:30:11,663 : Done Scoring
2018-05-10 22:30:11,664 : Iteration 1
2018-05-10 22:30:11,664 : Layer attn
2018-05-10 22:30:25,380 : 10 iter, 0.03528979291753462 epoch, avg loss: 1.07352956533432 
2018-05-10 22:30:38,920 : 20 iter, 0.07450067393701752 epoch, avg loss: 0.8204576909542084 
2018-05-10 22:30:52,466 : 30 iter, 0.11371155495650043 epoch, avg loss: 0.9866038858890533 
2018-05-10 22:31:06,008 : 40 iter, 0.15292243597598335 epoch, avg loss: 1.033260816335678 
2018-05-10 22:31:19,549 : 50 iter, 0.19213331699546624 epoch, avg loss: 0.8737284958362579 
2018-05-10 22:31:33,097 : 60 iter, 0.23134419801494915 epoch, avg loss: 0.9689591884613037 
2018-05-10 22:31:46,645 : 70 iter, 0.27055507903443204 epoch, avg loss: 0.9727445781230927 
2018-05-10 22:32:00,187 : 80 iter, 0.30976596005391493 epoch, avg loss: 0.9064399003982544 
2018-05-10 22:32:13,721 : 90 iter, 0.3489768410733979 epoch, avg loss: 0.9102474570274353 
2018-05-10 22:32:27,267 : 100 iter, 0.38818772209288077 epoch, avg loss: 0.9733532071113586 
2018-05-10 22:32:40,818 : 110 iter, 0.42739860311236366 epoch, avg loss: 1.050208568572998 
2018-05-10 22:32:54,360 : 120 iter, 0.4666094841318466 epoch, avg loss: 1.013668692111969 
2018-05-10 22:33:07,903 : 130 iter, 0.5058203651513294 epoch, avg loss: 0.8207762122154236 
2018-05-10 22:33:21,448 : 140 iter, 0.5450312461708124 epoch, avg loss: 0.9150449514389039 
2018-05-10 22:33:34,987 : 150 iter, 0.5842421271902953 epoch, avg loss: 0.7981692582368851 
2018-05-10 22:33:48,533 : 160 iter, 0.6234530082097782 epoch, avg loss: 0.9972572952508927 
2018-05-10 22:34:02,074 : 170 iter, 0.6626638892292611 epoch, avg loss: 0.9102536141872406 
2018-05-10 22:34:15,618 : 180 iter, 0.701874770248744 epoch, avg loss: 1.0037365138530732 
2018-05-10 22:34:29,163 : 190 iter, 0.7410856512682269 epoch, avg loss: 1.0089264810085297 
2018-05-10 22:34:42,702 : 200 iter, 0.7802965322877098 epoch, avg loss: 1.1094989359378815 
2018-05-10 22:34:56,247 : 210 iter, 0.8195074133071928 epoch, avg loss: 0.9405524611473084 
2018-05-10 22:35:09,792 : 220 iter, 0.8587182943266757 epoch, avg loss: 0.9665747225284577 
2018-05-10 22:35:23,333 : 230 iter, 0.8979291753461586 epoch, avg loss: 1.1201973736286164 
2018-05-10 22:35:36,872 : 240 iter, 0.9371400563656415 epoch, avg loss: 0.9726561307907104 
2018-05-10 22:35:50,416 : 250 iter, 0.9763509373851244 epoch, avg loss: 1.1443465113639832 
2018-05-10 22:35:57,364 : Begin Scoring
2018-05-10 22:39:29,137 : {'train_top1': 0.8217130253645386, 'train_top3': 0.9430216885185639}
2018-05-10 22:40:14,845 : {'val_top1': 0.4412770809578107, 'val_top3': 0.6602052451539339}
2018-05-10 22:40:14,847 : Done Scoring
2018-05-10 22:40:14,873 : Iteration 1
2018-05-10 22:40:14,874 : Layer fc
2018-05-10 22:40:19,189 : 10 iter, 0.03528979291753462 epoch, avg loss: 1.594597041606903 
2018-05-10 22:40:23,340 : 20 iter, 0.07450067393701752 epoch, avg loss: 2.0236960649490356 
2018-05-10 22:40:27,494 : 30 iter, 0.11371155495650043 epoch, avg loss: 1.7596711218357086 
2018-05-10 22:40:31,649 : 40 iter, 0.15292243597598335 epoch, avg loss: 1.3191934406757355 
2018-05-10 22:40:35,802 : 50 iter, 0.19213331699546624 epoch, avg loss: 1.247057944536209 
2018-05-10 22:40:39,953 : 60 iter, 0.23134419801494915 epoch, avg loss: 1.3422127604484557 
2018-05-10 22:40:44,108 : 70 iter, 0.27055507903443204 epoch, avg loss: 0.9558749556541443 
2018-05-10 22:40:48,263 : 80 iter, 0.30976596005391493 epoch, avg loss: 1.2640532791614532 
2018-05-10 22:40:52,413 : 90 iter, 0.3489768410733979 epoch, avg loss: 1.1093808263540268 
2018-05-10 22:40:56,567 : 100 iter, 0.38818772209288077 epoch, avg loss: 1.0102398693561554 
2018-05-10 22:41:00,722 : 110 iter, 0.42739860311236366 epoch, avg loss: 0.9913755416870117 
2018-05-10 22:41:04,876 : 120 iter, 0.4666094841318466 epoch, avg loss: 1.0906994223594666 
2018-05-10 22:41:09,029 : 130 iter, 0.5058203651513294 epoch, avg loss: 1.1488672852516175 
2018-05-10 22:41:13,187 : 140 iter, 0.5450312461708124 epoch, avg loss: 1.1866629540920257 
2018-05-10 22:41:17,340 : 150 iter, 0.5842421271902953 epoch, avg loss: 1.1270815074443816 
2018-05-10 22:41:21,490 : 160 iter, 0.6234530082097782 epoch, avg loss: 1.034430706501007 
2018-05-10 22:41:25,642 : 170 iter, 0.6626638892292611 epoch, avg loss: 0.9987329781055451 
2018-05-10 22:41:29,799 : 180 iter, 0.701874770248744 epoch, avg loss: 0.9072771906852722 
2018-05-10 22:41:33,955 : 190 iter, 0.7410856512682269 epoch, avg loss: 1.122515720129013 
2018-05-10 22:41:38,107 : 200 iter, 0.7802965322877098 epoch, avg loss: 1.0343294203281403 
2018-05-10 22:41:42,263 : 210 iter, 0.8195074133071928 epoch, avg loss: 0.977278220653534 
2018-05-10 22:41:46,421 : 220 iter, 0.8587182943266757 epoch, avg loss: 1.0587381839752197 
2018-05-10 22:41:50,580 : 230 iter, 0.8979291753461586 epoch, avg loss: 0.9353042960166931 
2018-05-10 22:41:54,733 : 240 iter, 0.9371400563656415 epoch, avg loss: 0.943169829249382 
2018-05-10 22:41:58,889 : 250 iter, 0.9763509373851244 epoch, avg loss: 0.9320032656192779 
2018-05-10 22:42:01,006 : Begin Scoring
2018-05-10 22:45:32,051 : {'train_top1': 0.8380100477882613, 'train_top3': 0.9486582526651146}
2018-05-10 22:46:17,574 : {'val_top1': 0.4264538198403649, 'val_top3': 0.6328392246294184}
2018-05-10 22:46:17,577 : Done Scoring
2018-05-10 22:46:17,609 : Iteration 1
2018-05-10 22:46:17,609 : Layer attn
2018-05-10 22:46:31,326 : 10 iter, 0.03528979291753462 epoch, avg loss: 0.6299780458211899 
2018-05-10 22:46:44,866 : 20 iter, 0.07450067393701752 epoch, avg loss: 0.7161502271890641 
2018-05-10 22:46:58,412 : 30 iter, 0.11371155495650043 epoch, avg loss: 0.4931189388036728 
2018-05-10 22:47:11,953 : 40 iter, 0.15292243597598335 epoch, avg loss: 0.5354296624660492 
2018-05-10 22:47:25,496 : 50 iter, 0.19213331699546624 epoch, avg loss: 0.5824705988168717 
2018-05-10 22:47:39,037 : 60 iter, 0.23134419801494915 epoch, avg loss: 0.42184225618839266 
2018-05-10 22:47:52,575 : 70 iter, 0.27055507903443204 epoch, avg loss: 0.4434943303465843 
2018-05-10 22:48:06,124 : 80 iter, 0.30976596005391493 epoch, avg loss: 0.46199110001325605 
2018-05-10 22:48:19,667 : 90 iter, 0.3489768410733979 epoch, avg loss: 0.39604868441820146 
2018-05-10 22:48:33,207 : 100 iter, 0.38818772209288077 epoch, avg loss: 0.5519740045070648 
2018-05-10 22:48:46,751 : 110 iter, 0.42739860311236366 epoch, avg loss: 0.5234465032815934 
2018-05-10 22:49:00,289 : 120 iter, 0.4666094841318466 epoch, avg loss: 0.3799548029899597 
2018-05-10 22:49:13,833 : 130 iter, 0.5058203651513294 epoch, avg loss: 0.4415802627801895 
2018-05-10 22:49:27,381 : 140 iter, 0.5450312461708124 epoch, avg loss: 0.5063459873199463 
2018-05-10 22:49:40,924 : 150 iter, 0.5842421271902953 epoch, avg loss: 0.4454717129468918 
2018-05-10 22:49:54,469 : 160 iter, 0.6234530082097782 epoch, avg loss: 0.48867748230695723 
2018-05-10 22:50:08,012 : 170 iter, 0.6626638892292611 epoch, avg loss: 0.4897643819451332 
2018-05-10 22:50:21,546 : 180 iter, 0.701874770248744 epoch, avg loss: 0.4803841829299927 
2018-05-10 22:50:35,091 : 190 iter, 0.7410856512682269 epoch, avg loss: 0.44192553460597994 
2018-05-10 22:50:48,635 : 200 iter, 0.7802965322877098 epoch, avg loss: 0.4477709770202637 
2018-05-10 22:51:02,182 : 210 iter, 0.8195074133071928 epoch, avg loss: 0.4053210884332657 
2018-05-10 22:51:15,724 : 220 iter, 0.8587182943266757 epoch, avg loss: 0.4841797903180122 
2018-05-10 22:51:29,262 : 230 iter, 0.8979291753461586 epoch, avg loss: 0.4348160967230797 
2018-05-10 22:51:42,805 : 240 iter, 0.9371400563656415 epoch, avg loss: 0.36474300026893614 
2018-05-10 22:51:56,348 : 250 iter, 0.9763509373851244 epoch, avg loss: 0.4115481719374657 
2018-05-10 22:52:03,293 : Begin Scoring
2018-05-10 22:55:35,109 : {'train_top1': 0.904791079524568, 'train_top3': 0.9849283176081363}
2018-05-10 22:56:20,810 : {'val_top1': 0.43101482326111745, 'val_top3': 0.6459521094640821}
2018-05-10 22:56:20,813 : Done Scoring
2018-05-10 22:56:20,814 : Iteration 1
2018-05-10 22:56:20,815 : Layer attn
2018-05-10 22:56:34,514 : 10 iter, 0.03528979291753462 epoch, avg loss: 0.5994878202676773 
2018-05-10 22:56:48,052 : 20 iter, 0.07450067393701752 epoch, avg loss: 0.4061173364520073 
2018-05-10 22:57:01,597 : 30 iter, 0.11371155495650043 epoch, avg loss: 0.33602783679962156 
2018-05-10 22:57:15,140 : 40 iter, 0.15292243597598335 epoch, avg loss: 0.26690548062324526 
2018-05-10 22:57:28,679 : 50 iter, 0.19213331699546624 epoch, avg loss: 0.2253062032163143 
2018-05-10 22:57:42,213 : 60 iter, 0.23134419801494915 epoch, avg loss: 0.21290376484394075 
2018-05-10 22:57:55,759 : 70 iter, 0.27055507903443204 epoch, avg loss: 0.19917338117957115 
2018-05-10 22:58:09,301 : 80 iter, 0.30976596005391493 epoch, avg loss: 0.18093070834875108 
2018-05-10 22:58:22,830 : 90 iter, 0.3489768410733979 epoch, avg loss: 0.15381544679403306 
2018-05-10 22:58:36,370 : 100 iter, 0.38818772209288077 epoch, avg loss: 0.1634174905717373 
2018-05-10 22:58:49,909 : 110 iter, 0.42739860311236366 epoch, avg loss: 0.1929095208644867 
2018-05-10 22:59:03,453 : 120 iter, 0.4666094841318466 epoch, avg loss: 0.15036548897624016 
2018-05-10 22:59:16,993 : 130 iter, 0.5058203651513294 epoch, avg loss: 0.24473943412303925 
2018-05-10 22:59:30,536 : 140 iter, 0.5450312461708124 epoch, avg loss: 0.16981156766414643 
2018-05-10 22:59:44,079 : 150 iter, 0.5842421271902953 epoch, avg loss: 0.21795085594058036 
2018-05-10 22:59:57,624 : 160 iter, 0.6234530082097782 epoch, avg loss: 0.20992434173822402 
2018-05-10 23:00:11,167 : 170 iter, 0.6626638892292611 epoch, avg loss: 0.1675984276458621 
2018-05-10 23:00:24,707 : 180 iter, 0.701874770248744 epoch, avg loss: 0.21144557520747184 
2018-05-10 23:00:38,249 : 190 iter, 0.7410856512682269 epoch, avg loss: 0.2528439074754715 
2018-05-10 23:00:51,795 : 200 iter, 0.7802965322877098 epoch, avg loss: 0.24523226134479045 
2018-05-10 23:01:05,336 : 210 iter, 0.8195074133071928 epoch, avg loss: 0.2244674675166607 
2018-05-10 23:01:18,876 : 220 iter, 0.8587182943266757 epoch, avg loss: 0.1889643155038357 
2018-05-10 23:01:32,420 : 230 iter, 0.8979291753461586 epoch, avg loss: 0.21045948266983033 
2018-05-10 23:01:45,961 : 240 iter, 0.9371400563656415 epoch, avg loss: 0.19728423953056334 
2018-05-10 23:01:59,504 : 250 iter, 0.9763509373851244 epoch, avg loss: 0.1970715221017599 
2018-05-10 23:02:06,455 : Begin Scoring
2018-05-10 23:05:38,278 : {'train_top1': 0.9854184536208798, 'train_top3': 0.9982845239553976}
2018-05-10 23:06:23,996 : {'val_top1': 0.45781071835803877, 'val_top3': 0.6647662485746865}
2018-05-10 23:06:23,999 : Done Scoring
2018-05-10 23:06:24,001 : Iteration 1
2018-05-10 23:06:24,001 : Layer attn
2018-05-10 23:06:37,748 : 10 iter, 0.03528979291753462 epoch, avg loss: 0.05056205876171589 
2018-05-10 23:06:51,290 : 20 iter, 0.07450067393701752 epoch, avg loss: 0.05005347933620215 
2018-05-10 23:07:04,833 : 30 iter, 0.11371155495650043 epoch, avg loss: 0.050122659839689734 
2018-05-10 23:07:18,379 : 40 iter, 0.15292243597598335 epoch, avg loss: 0.07451681438833475 
2018-05-10 23:07:31,924 : 50 iter, 0.19213331699546624 epoch, avg loss: 0.06106547974050045 
2018-05-10 23:07:45,470 : 60 iter, 0.23134419801494915 epoch, avg loss: 0.061151905730366704 
2018-05-10 23:07:59,013 : 70 iter, 0.27055507903443204 epoch, avg loss: 0.05385099425911903 
2018-05-10 23:08:12,559 : 80 iter, 0.30976596005391493 epoch, avg loss: 0.048440474458038806 
2018-05-10 23:08:26,100 : 90 iter, 0.3489768410733979 epoch, avg loss: 0.06735967816784978 
2018-05-10 23:08:39,639 : 100 iter, 0.38818772209288077 epoch, avg loss: 0.05339284697547555 
2018-05-10 23:08:53,181 : 110 iter, 0.42739860311236366 epoch, avg loss: 0.05693693803623319 
2018-05-10 23:09:06,729 : 120 iter, 0.4666094841318466 epoch, avg loss: 0.058005054015666246 
2018-05-10 23:09:20,267 : 130 iter, 0.5058203651513294 epoch, avg loss: 0.0707733859308064 
2018-05-10 23:09:33,809 : 140 iter, 0.5450312461708124 epoch, avg loss: 0.05634616613388062 
2018-05-10 23:09:47,352 : 150 iter, 0.5842421271902953 epoch, avg loss: 0.08699436904862523 
2018-05-10 23:10:00,906 : 160 iter, 0.6234530082097782 epoch, avg loss: 0.03780418829992414 
2018-05-10 23:10:14,448 : 170 iter, 0.6626638892292611 epoch, avg loss: 0.03610916826874018 
2018-05-10 23:10:27,984 : 180 iter, 0.701874770248744 epoch, avg loss: 0.07091482728719711 
2018-05-10 23:10:41,526 : 190 iter, 0.7410856512682269 epoch, avg loss: 0.06067535486072302 
2018-05-10 23:10:55,073 : 200 iter, 0.7802965322877098 epoch, avg loss: 0.0886618448421359 
2018-05-10 23:11:08,612 : 210 iter, 0.8195074133071928 epoch, avg loss: 0.1148013761267066 
2018-05-10 23:11:22,163 : 220 iter, 0.8587182943266757 epoch, avg loss: 0.09737163670361042 
2018-05-10 23:11:35,705 : 230 iter, 0.8979291753461586 epoch, avg loss: 0.051584046334028244 
2018-05-10 23:11:49,247 : 240 iter, 0.9371400563656415 epoch, avg loss: 0.09831672087311745 
2018-05-10 23:12:02,792 : 250 iter, 0.9763509373851244 epoch, avg loss: 0.12477339301258325 
2018-05-10 23:12:09,733 : Begin Scoring
2018-05-10 23:15:41,508 : {'train_top1': 0.992525425805661, 'train_top3': 0.9997549319936282}
2018-05-10 23:16:27,263 : {'val_top1': 0.47605473204104903, 'val_top3': 0.677309007981756}
2018-05-10 23:16:27,266 : Done Scoring
